7243629 INSERTED AT INDEX 196 IN LINEAR PROBING
7243629 INSERTED AT INDEX 196 IN QUADRATIC PROBING
7243629 INSERTED AT INDEX 196 IN DOUBLE HASHING
36568892 INSERTED AT INDEX 526 IN LINEAR PROBING
36568892 INSERTED AT INDEX 526 IN QUADRATIC PROBING
36568892 INSERTED AT INDEX 526 IN DOUBLE HASHING
50743574 INSERTED AT INDEX 287 IN LINEAR PROBING
50743574 INSERTED AT INDEX 287 IN QUADRATIC PROBING
50743574 INSERTED AT INDEX 287 IN DOUBLE HASHING
43364569 INSERTED AT INDEX 8 IN LINEAR PROBING
43364569 INSERTED AT INDEX 8 IN QUADRATIC PROBING
43364569 INSERTED AT INDEX 8 IN DOUBLE HASHING
9071302 INSERTED AT INDEX 362 IN LINEAR PROBING
9071302 INSERTED AT INDEX 362 IN QUADRATIC PROBING
9071302 INSERTED AT INDEX 362 IN DOUBLE HASHING
82685213 INSERTED AT INDEX 160 IN LINEAR PROBING
82685213 INSERTED AT INDEX 160 IN QUADRATIC PROBING
82685213 INSERTED AT INDEX 160 IN DOUBLE HASHING
22323897 INSERTED AT INDEX 552 IN LINEAR PROBING
22323897 INSERTED AT INDEX 552 IN QUADRATIC PROBING
22323897 INSERTED AT INDEX 552 IN DOUBLE HASHING
94770895 INSERTED AT INDEX 602 IN LINEAR PROBING
94770895 INSERTED AT INDEX 602 IN QUADRATIC PROBING
94770895 INSERTED AT INDEX 602 IN DOUBLE HASHING
39668048 INSERTED AT INDEX 561 IN LINEAR PROBING
39668048 INSERTED AT INDEX 561 IN QUADRATIC PROBING
39668048 INSERTED AT INDEX 561 IN DOUBLE HASHING
4658269 INSERTED AT INDEX 124 IN LINEAR PROBING
4658269 INSERTED AT INDEX 124 IN QUADRATIC PROBING
4658269 INSERTED AT INDEX 124 IN DOUBLE HASHING
28960929 INSERTED AT INDEX 516 IN LINEAR PROBING
28960929 INSERTED AT INDEX 516 IN QUADRATIC PROBING
28960929 INSERTED AT INDEX 516 IN DOUBLE HASHING
11779224 INSERTED AT INDEX 321 IN LINEAR PROBING
11779224 INSERTED AT INDEX 321 IN QUADRATIC PROBING
11779224 INSERTED AT INDEX 321 IN DOUBLE HASHING
81612636 INSERTED AT INDEX 113 IN LINEAR PROBING
81612636 INSERTED AT INDEX 113 IN QUADRATIC PROBING
81612636 INSERTED AT INDEX 113 IN DOUBLE HASHING
58160017 INSERTED AT INDEX 150 IN LINEAR PROBING
58160017 INSERTED AT INDEX 150 IN QUADRATIC PROBING
58160017 INSERTED AT INDEX 150 IN DOUBLE HASHING
37239755 INSERTED AT INDEX 532 IN LINEAR PROBING
37239755 INSERTED AT INDEX 532 IN QUADRATIC PROBING
37239755 INSERTED AT INDEX 532 IN DOUBLE HASHING
6278898 INSERTED AT INDEX 41 IN LINEAR PROBING
6278898 INSERTED AT INDEX 41 IN QUADRATIC PROBING
6278898 INSERTED AT INDEX 41 IN DOUBLE HASHING
20595872 INSERTED AT INDEX 492 IN LINEAR PROBING
20595872 INSERTED AT INDEX 492 IN QUADRATIC PROBING
20595872 INSERTED AT INDEX 492 IN DOUBLE HASHING
42759231 INSERTED AT INDEX 334 IN LINEAR PROBING
42759231 INSERTED AT INDEX 334 IN QUADRATIC PROBING
42759231 INSERTED AT INDEX 334 IN DOUBLE HASHING
58556187 INSERTED AT INDEX 255 IN LINEAR PROBING
58556187 INSERTED AT INDEX 255 IN QUADRATIC PROBING
58556187 INSERTED AT INDEX 255 IN DOUBLE HASHING
29976700 INSERTED AT INDEX 538 IN LINEAR PROBING
29976700 INSERTED AT INDEX 538 IN QUADRATIC PROBING
29976700 INSERTED AT INDEX 538 IN DOUBLE HASHING
69899444 INSERTED AT INDEX 631 IN LINEAR PROBING
69899444 INSERTED AT INDEX 631 IN QUADRATIC PROBING
69899444 INSERTED AT INDEX 631 IN DOUBLE HASHING
57442372 INSERTED AT INDEX 329 IN LINEAR PROBING
57442372 INSERTED AT INDEX 329 IN QUADRATIC PROBING
57442372 INSERTED AT INDEX 329 IN DOUBLE HASHING
87513750 INSERTED AT INDEX 209 IN LINEAR PROBING
87513750 INSERTED AT INDEX 209 IN QUADRATIC PROBING
87513750 INSERTED AT INDEX 209 IN DOUBLE HASHING
28793777 INSERTED AT INDEX 202 IN LINEAR PROBING
28793777 INSERTED AT INDEX 202 IN QUADRATIC PROBING
28793777 INSERTED AT INDEX 202 IN DOUBLE HASHING
11806578 INSERTED AT INDEX 336 IN LINEAR PROBING
11806578 INSERTED AT INDEX 336 IN QUADRATIC PROBING
11806578 INSERTED AT INDEX 336 IN DOUBLE HASHING
75714093 INSERTED AT INDEX 485 IN LINEAR PROBING
75714093 INSERTED AT INDEX 485 IN QUADRATIC PROBING
75714093 INSERTED AT INDEX 485 IN DOUBLE HASHING
48896311 INSERTED AT INDEX 159 IN LINEAR PROBING
48896311 INSERTED AT INDEX 159 IN QUADRATIC PROBING
48896311 INSERTED AT INDEX 159 IN DOUBLE HASHING
66821586 INSERTED AT INDEX 163 IN LINEAR PROBING
66821586 INSERTED AT INDEX 163 IN QUADRATIC PROBING
66821586 INSERTED AT INDEX 163 IN DOUBLE HASHING
57302595 INSERTED AT INDEX 51 IN LINEAR PROBING
57302595 INSERTED AT INDEX 51 IN QUADRATIC PROBING
57302595 INSERTED AT INDEX 51 IN DOUBLE HASHING
31374752 INSERTED AT INDEX 95 IN LINEAR PROBING
31374752 INSERTED AT INDEX 95 IN QUADRATIC PROBING
31374752 INSERTED AT INDEX 95 IN DOUBLE HASHING
59436988 INSERTED AT INDEX 600 IN LINEAR PROBING
59436988 INSERTED AT INDEX 600 IN QUADRATIC PROBING
59436988 INSERTED AT INDEX 600 IN DOUBLE HASHING
45620534 INSERTED AT INDEX 155 IN LINEAR PROBING
45620534 INSERTED AT INDEX 155 IN QUADRATIC PROBING
45620534 INSERTED AT INDEX 155 IN DOUBLE HASHING
94468110 INSERTED AT INDEX 649 IN LINEAR PROBING
94468110 INSERTED AT INDEX 649 IN QUADRATIC PROBING
94468110 INSERTED AT INDEX 649 IN DOUBLE HASHING
66415221 INSERTED AT INDEX 378 IN LINEAR PROBING
66415221 INSERTED AT INDEX 378 IN QUADRATIC PROBING
66415221 INSERTED AT INDEX 378 IN DOUBLE HASHING
70149203 INSERTED AT INDEX 133 IN LINEAR PROBING
70149203 INSERTED AT INDEX 133 IN QUADRATIC PROBING
70149203 INSERTED AT INDEX 133 IN DOUBLE HASHING
99309594 INSERTED AT INDEX 326 IN LINEAR PROBING
99309594 INSERTED AT INDEX 326 IN QUADRATIC PROBING
99309594 INSERTED AT INDEX 326 IN DOUBLE HASHING
28459554 INSERTED AT INDEX 356 IN LINEAR PROBING
28459554 INSERTED AT INDEX 356 IN QUADRATIC PROBING
28459554 INSERTED AT INDEX 356 IN DOUBLE HASHING
66865272 INSERTED AT INDEX 387 IN LINEAR PROBING
66865272 INSERTED AT INDEX 387 IN QUADRATIC PROBING
66865272 INSERTED AT INDEX 387 IN DOUBLE HASHING
46169529 INSERTED AT INDEX 267 IN LINEAR PROBING
46169529 INSERTED AT INDEX 267 IN QUADRATIC PROBING
46169529 INSERTED AT INDEX 267 IN DOUBLE HASHING
11709580 INSERTED AT INDEX 76 IN LINEAR PROBING
11709580 INSERTED AT INDEX 76 IN QUADRATIC PROBING
11709580 INSERTED AT INDEX 76 IN DOUBLE HASHING
76823299 INSERTED AT INDEX 9 IN LINEAR PROBING
76823299 INSERTED AT INDEX 12 IN QUADRATIC PROBING
76823299 INSERTED AT INDEX 408 IN DOUBLE HASHING
24761484 INSERTED AT INDEX 61 IN LINEAR PROBING
24761484 INSERTED AT INDEX 61 IN QUADRATIC PROBING
24761484 INSERTED AT INDEX 61 IN DOUBLE HASHING
87142198 INSERTED AT INDEX 187 IN LINEAR PROBING
87142198 INSERTED AT INDEX 187 IN QUADRATIC PROBING
87142198 INSERTED AT INDEX 187 IN DOUBLE HASHING
44918741 INSERTED AT INDEX 63 IN LINEAR PROBING
44918741 INSERTED AT INDEX 63 IN QUADRATIC PROBING
44918741 INSERTED AT INDEX 63 IN DOUBLE HASHING
88338383 INSERTED AT INDEX 466 IN LINEAR PROBING
88338383 INSERTED AT INDEX 466 IN QUADRATIC PROBING
88338383 INSERTED AT INDEX 466 IN DOUBLE HASHING
86398447 INSERTED AT INDEX 197 IN LINEAR PROBING
86398447 INSERTED AT INDEX 197 IN QUADRATIC PROBING
86398447 INSERTED AT INDEX 197 IN DOUBLE HASHING
41529652 INSERTED AT INDEX 309 IN LINEAR PROBING
41529652 INSERTED AT INDEX 309 IN QUADRATIC PROBING
41529652 INSERTED AT INDEX 309 IN DOUBLE HASHING
88419283 INSERTED AT INDEX 50 IN LINEAR PROBING
88419283 INSERTED AT INDEX 50 IN QUADRATIC PROBING
88419283 INSERTED AT INDEX 50 IN DOUBLE HASHING
15092091 INSERTED AT INDEX 262 IN LINEAR PROBING
15092091 INSERTED AT INDEX 262 IN QUADRATIC PROBING
15092091 INSERTED AT INDEX 262 IN DOUBLE HASHING
23195687 INSERTED AT INDEX 298 IN LINEAR PROBING
23195687 INSERTED AT INDEX 298 IN QUADRATIC PROBING
23195687 INSERTED AT INDEX 298 IN DOUBLE HASHING
48496274 INSERTED AT INDEX 393 IN LINEAR PROBING
48496274 INSERTED AT INDEX 393 IN QUADRATIC PROBING
48496274 INSERTED AT INDEX 393 IN DOUBLE HASHING
26274662 INSERTED AT INDEX 481 IN LINEAR PROBING
26274662 INSERTED AT INDEX 481 IN QUADRATIC PROBING
26274662 INSERTED AT INDEX 481 IN DOUBLE HASHING
45620534 FOUND AT INDEX 155 IN LINEAR PROBING
45620534 FOUND AT INDEX 155 IN QUADRATIC PROBING
45620534 FOUND AT INDEX 155 IN DOUBLE HASHING
95309793 INSERTED AT INDEX 431 IN LINEAR PROBING
95309793 INSERTED AT INDEX 431 IN QUADRATIC PROBING
95309793 INSERTED AT INDEX 431 IN DOUBLE HASHING
51549144 INSERTED AT INDEX 408 IN LINEAR PROBING
51549144 INSERTED AT INDEX 408 IN QUADRATIC PROBING
51549144 INSERTED AT INDEX 152 IN DOUBLE HASHING
67620009 INSERTED AT INDEX 147 IN LINEAR PROBING
67620009 INSERTED AT INDEX 147 IN QUADRATIC PROBING
67620009 INSERTED AT INDEX 147 IN DOUBLE HASHING
89953302 INSERTED AT INDEX 281 IN LINEAR PROBING
89953302 INSERTED AT INDEX 281 IN QUADRATIC PROBING
89953302 INSERTED AT INDEX 281 IN DOUBLE HASHING
87451319 INSERTED AT INDEX 167 IN LINEAR PROBING
87451319 INSERTED AT INDEX 167 IN QUADRATIC PROBING
87451319 INSERTED AT INDEX 167 IN DOUBLE HASHING
39237891 INSERTED AT INDEX 117 IN LINEAR PROBING
39237891 INSERTED AT INDEX 117 IN QUADRATIC PROBING
39237891 INSERTED AT INDEX 117 IN DOUBLE HASHING
10353710 INSERTED AT INDEX 641 IN LINEAR PROBING
10353710 INSERTED AT INDEX 641 IN QUADRATIC PROBING
10353710 INSERTED AT INDEX 641 IN DOUBLE HASHING
6224783 INSERTED AT INDEX 604 IN LINEAR PROBING
6224783 INSERTED AT INDEX 604 IN QUADRATIC PROBING
6224783 INSERTED AT INDEX 604 IN DOUBLE HASHING
20876319 INSERTED AT INDEX 539 IN LINEAR PROBING
20876319 INSERTED AT INDEX 539 IN QUADRATIC PROBING
20876319 INSERTED AT INDEX 539 IN DOUBLE HASHING
34005366 INSERTED AT INDEX 557 IN LINEAR PROBING
34005366 INSERTED AT INDEX 557 IN QUADRATIC PROBING
34005366 INSERTED AT INDEX 557 IN DOUBLE HASHING
23329 INSERTED AT INDEX 198 IN LINEAR PROBING
23329 INSERTED AT INDEX 200 IN QUADRATIC PROBING
23329 INSERTED AT INDEX 426 IN DOUBLE HASHING
10146437 INSERTED AT INDEX 164 IN LINEAR PROBING
10146437 INSERTED AT INDEX 177 IN QUADRATIC PROBING
10146437 INSERTED AT INDEX 100 IN DOUBLE HASHING
2550089 INSERTED AT INDEX 553 IN LINEAR PROBING
2550089 INSERTED AT INDEX 556 IN QUADRATIC PROBING
2550089 INSERTED AT INDEX 541 IN DOUBLE HASHING
61406899 INSERTED AT INDEX 0 IN LINEAR PROBING
61406899 INSERTED AT INDEX 0 IN QUADRATIC PROBING
61406899 INSERTED AT INDEX 0 IN DOUBLE HASHING
25225776 INSERTED AT INDEX 291 IN LINEAR PROBING
25225776 INSERTED AT INDEX 291 IN QUADRATIC PROBING
25225776 INSERTED AT INDEX 291 IN DOUBLE HASHING
36416344 INSERTED AT INDEX 96 IN LINEAR PROBING
36416344 INSERTED AT INDEX 99 IN QUADRATIC PROBING
36416344 INSERTED AT INDEX 340 IN DOUBLE HASHING
84893693 INSERTED AT INDEX 490 IN LINEAR PROBING
84893693 INSERTED AT INDEX 490 IN QUADRATIC PROBING
84893693 INSERTED AT INDEX 490 IN DOUBLE HASHING
46598946 INSERTED AT INDEX 672 IN LINEAR PROBING
46598946 INSERTED AT INDEX 672 IN QUADRATIC PROBING
46598946 INSERTED AT INDEX 672 IN DOUBLE HASHING
8588467 INSERTED AT INDEX 517 IN LINEAR PROBING
8588467 INSERTED AT INDEX 520 IN QUADRATIC PROBING
8588467 INSERTED AT INDEX 684 IN DOUBLE HASHING
34263584 INSERTED AT INDEX 106 IN LINEAR PROBING
34263584 INSERTED AT INDEX 106 IN QUADRATIC PROBING
34263584 INSERTED AT INDEX 106 IN DOUBLE HASHING
82885538 INSERTED AT INDEX 700 IN LINEAR PROBING
82885538 INSERTED AT INDEX 700 IN QUADRATIC PROBING
82885538 INSERTED AT INDEX 700 IN DOUBLE HASHING
2309573 INSERTED AT INDEX 479 IN LINEAR PROBING
2309573 INSERTED AT INDEX 479 IN QUADRATIC PROBING
2309573 INSERTED AT INDEX 479 IN DOUBLE HASHING
52825740 INSERTED AT INDEX 483 IN LINEAR PROBING
52825740 INSERTED AT INDEX 483 IN QUADRATIC PROBING
52825740 INSERTED AT INDEX 483 IN DOUBLE HASHING
54317243 INSERTED AT INDEX 258 IN LINEAR PROBING
54317243 INSERTED AT INDEX 258 IN QUADRATIC PROBING
54317243 INSERTED AT INDEX 258 IN DOUBLE HASHING
52810945 INSERTED AT INDEX 409 IN LINEAR PROBING
52810945 INSERTED AT INDEX 409 IN QUADRATIC PROBING
52810945 INSERTED AT INDEX 409 IN DOUBLE HASHING
86332504 INSERTED AT INDEX 148 IN LINEAR PROBING
86332504 INSERTED AT INDEX 148 IN QUADRATIC PROBING
86332504 INSERTED AT INDEX 148 IN DOUBLE HASHING
26111520 INSERTED AT INDEX 673 IN LINEAR PROBING
26111520 INSERTED AT INDEX 676 IN QUADRATIC PROBING
26111520 INSERTED AT INDEX 92 IN DOUBLE HASHING
16704204 INSERTED AT INDEX 75 IN LINEAR PROBING
16704204 INSERTED AT INDEX 75 IN QUADRATIC PROBING
16704204 INSERTED AT INDEX 75 IN DOUBLE HASHING
53259240 INSERTED AT INDEX 64 IN LINEAR PROBING
53259240 INSERTED AT INDEX 64 IN QUADRATIC PROBING
53259240 INSERTED AT INDEX 64 IN DOUBLE HASHING
32966500 INSERTED AT INDEX 573 IN LINEAR PROBING
32966500 INSERTED AT INDEX 573 IN QUADRATIC PROBING
32966500 INSERTED AT INDEX 573 IN DOUBLE HASHING
81151125 INSERTED AT INDEX 562 IN LINEAR PROBING
81151125 INSERTED AT INDEX 565 IN QUADRATIC PROBING
81151125 INSERTED AT INDEX 687 IN DOUBLE HASHING
85262880 INSERTED AT INDEX 250 IN LINEAR PROBING
85262880 INSERTED AT INDEX 250 IN QUADRATIC PROBING
85262880 INSERTED AT INDEX 250 IN DOUBLE HASHING
81833295 INSERTED AT INDEX 658 IN LINEAR PROBING
81833295 INSERTED AT INDEX 658 IN QUADRATIC PROBING
81833295 INSERTED AT INDEX 658 IN DOUBLE HASHING
22673950 INSERTED AT INDEX 105 IN LINEAR PROBING
22673950 INSERTED AT INDEX 105 IN QUADRATIC PROBING
22673950 INSERTED AT INDEX 105 IN DOUBLE HASHING
35556255 INSERTED AT INDEX 134 IN LINEAR PROBING
35556255 INSERTED AT INDEX 137 IN QUADRATIC PROBING
35556255 INSERTED AT INDEX 589 IN DOUBLE HASHING
2793708 INSERTED AT INDEX 223 IN LINEAR PROBING
2793708 INSERTED AT INDEX 223 IN QUADRATIC PROBING
2793708 INSERTED AT INDEX 223 IN DOUBLE HASHING
25917437 INSERTED AT INDEX 65 IN LINEAR PROBING
25917437 INSERTED AT INDEX 65 IN QUADRATIC PROBING
25917437 INSERTED AT INDEX 65 IN DOUBLE HASHING
95651508 INSERTED AT INDEX 58 IN LINEAR PROBING
95651508 INSERTED AT INDEX 58 IN QUADRATIC PROBING
95651508 INSERTED AT INDEX 58 IN DOUBLE HASHING
93702121 INSERTED AT INDEX 152 IN LINEAR PROBING
93702121 INSERTED AT INDEX 152 IN QUADRATIC PROBING
93702121 INSERTED AT INDEX 274 IN DOUBLE HASHING
95500064 INSERTED AT INDEX 30 IN LINEAR PROBING
95500064 INSERTED AT INDEX 30 IN QUADRATIC PROBING
95500064 INSERTED AT INDEX 30 IN DOUBLE HASHING
22046233 INSERTED AT INDEX 484 IN LINEAR PROBING
22046233 INSERTED AT INDEX 484 IN QUADRATIC PROBING
22046233 INSERTED AT INDEX 484 IN DOUBLE HASHING
19670617 INSERTED AT INDEX 558 IN LINEAR PROBING
19670617 INSERTED AT INDEX 571 IN QUADRATIC PROBING
19670617 INSERTED AT INDEX 474 IN DOUBLE HASHING
62406640 INSERTED AT INDEX 115 IN LINEAR PROBING
62406640 INSERTED AT INDEX 115 IN QUADRATIC PROBING
62406640 INSERTED AT INDEX 115 IN DOUBLE HASHING
84043553 INSERTED AT INDEX 663 IN LINEAR PROBING
84043553 INSERTED AT INDEX 663 IN QUADRATIC PROBING
84043553 INSERTED AT INDEX 663 IN DOUBLE HASHING
65297805 INSERTED AT INDEX 357 IN LINEAR PROBING
65297805 INSERTED AT INDEX 360 IN QUADRATIC PROBING
65297805 INSERTED AT INDEX 467 IN DOUBLE HASHING
8477849 INSERTED AT INDEX 656 IN LINEAR PROBING
8477849 INSERTED AT INDEX 656 IN QUADRATIC PROBING
8477849 INSERTED AT INDEX 656 IN DOUBLE HASHING
90977714 INSERTED AT INDEX 533 IN LINEAR PROBING
90977714 INSERTED AT INDEX 536 IN QUADRATIC PROBING
90977714 INSERTED AT INDEX 647 IN DOUBLE HASHING
75014046 INSERTED AT INDEX 36 IN LINEAR PROBING
75014046 INSERTED AT INDEX 36 IN QUADRATIC PROBING
75014046 INSERTED AT INDEX 36 IN DOUBLE HASHING
17852172 INSERTED AT INDEX 506 IN LINEAR PROBING
17852172 INSERTED AT INDEX 506 IN QUADRATIC PROBING
17852172 INSERTED AT INDEX 506 IN DOUBLE HASHING
33251720 INSERTED AT INDEX 486 IN LINEAR PROBING
33251720 INSERTED AT INDEX 486 IN QUADRATIC PROBING
33251720 INSERTED AT INDEX 486 IN DOUBLE HASHING
97165729 INSERTED AT INDEX 119 IN LINEAR PROBING
97165729 INSERTED AT INDEX 119 IN QUADRATIC PROBING
97165729 INSERTED AT INDEX 119 IN DOUBLE HASHING
40138682 INSERTED AT INDEX 123 IN LINEAR PROBING
40138682 INSERTED AT INDEX 123 IN QUADRATIC PROBING
40138682 INSERTED AT INDEX 123 IN DOUBLE HASHING
72479867 INSERTED AT INDEX 674 IN LINEAR PROBING
72479867 INSERTED AT INDEX 673 IN QUADRATIC PROBING
72479867 INSERTED AT INDEX 673 IN DOUBLE HASHING
12703837 INSERTED AT INDEX 315 IN LINEAR PROBING
12703837 INSERTED AT INDEX 315 IN QUADRATIC PROBING
12703837 INSERTED AT INDEX 315 IN DOUBLE HASHING
90485210 INSERTED AT INDEX 130 IN LINEAR PROBING
90485210 INSERTED AT INDEX 130 IN QUADRATIC PROBING
90485210 INSERTED AT INDEX 130 IN DOUBLE HASHING
14617431 INSERTED AT INDEX 179 IN LINEAR PROBING
14617431 INSERTED AT INDEX 179 IN QUADRATIC PROBING
14617431 INSERTED AT INDEX 179 IN DOUBLE HASHING
98030595 INSERTED AT INDEX 652 IN LINEAR PROBING
98030595 INSERTED AT INDEX 652 IN QUADRATIC PROBING
98030595 INSERTED AT INDEX 652 IN DOUBLE HASHING
35040752 INSERTED AT INDEX 566 IN LINEAR PROBING
35040752 INSERTED AT INDEX 566 IN QUADRATIC PROBING
35040752 INSERTED AT INDEX 566 IN DOUBLE HASHING
13098386 INSERTED AT INDEX 201 IN LINEAR PROBING
13098386 INSERTED AT INDEX 201 IN QUADRATIC PROBING
13098386 INSERTED AT INDEX 201 IN DOUBLE HASHING
32966500 DELETED FROM INDEX 573 IN LINEAR PROBING
32966500 DELETED FROM INDEX 573 IN QUADRATIC PROBING
32966500 DELETED FROM INDEX 573 IN DOUBLE HASHING
93362481 INSERTED AT INDEX 497 IN LINEAR PROBING
93362481 INSERTED AT INDEX 497 IN QUADRATIC PROBING
93362481 INSERTED AT INDEX 497 IN DOUBLE HASHING
87174293 INSERTED AT INDEX 37 IN LINEAR PROBING
87174293 INSERTED AT INDEX 40 IN QUADRATIC PROBING
87174293 INSERTED AT INDEX 530 IN DOUBLE HASHING
21104234 INSERTED AT INDEX 629 IN LINEAR PROBING
21104234 INSERTED AT INDEX 629 IN QUADRATIC PROBING
21104234 INSERTED AT INDEX 629 IN DOUBLE HASHING
29296666 INSERTED AT INDEX 474 IN LINEAR PROBING
29296666 INSERTED AT INDEX 474 IN QUADRATIC PROBING
29296666 INSERTED AT INDEX 40 IN DOUBLE HASHING
58643717 INSERTED AT INDEX 161 IN LINEAR PROBING
58643717 INSERTED AT INDEX 164 IN QUADRATIC PROBING
58643717 INSERTED AT INDEX 678 IN DOUBLE HASHING
41901256 INSERTED AT INDEX 383 IN LINEAR PROBING
41901256 INSERTED AT INDEX 383 IN QUADRATIC PROBING
41901256 INSERTED AT INDEX 383 IN DOUBLE HASHING
91001706 INSERTED AT INDEX 690 IN LINEAR PROBING
91001706 INSERTED AT INDEX 690 IN QUADRATIC PROBING
91001706 INSERTED AT INDEX 690 IN DOUBLE HASHING
45816099 INSERTED AT INDEX 141 IN LINEAR PROBING
45816099 INSERTED AT INDEX 141 IN QUADRATIC PROBING
45816099 INSERTED AT INDEX 141 IN DOUBLE HASHING
90429678 INSERTED AT INDEX 678 IN LINEAR PROBING
90429678 INSERTED AT INDEX 678 IN QUADRATIC PROBING
90429678 INSERTED AT INDEX 156 IN DOUBLE HASHING
91772109 INSERTED AT INDEX 694 IN LINEAR PROBING
91772109 INSERTED AT INDEX 694 IN QUADRATIC PROBING
91772109 INSERTED AT INDEX 694 IN DOUBLE HASHING
53182497 INSERTED AT INDEX 432 IN LINEAR PROBING
53182497 INSERTED AT INDEX 435 IN QUADRATIC PROBING
53182497 INSERTED AT INDEX 428 IN DOUBLE HASHING
1870487 INSERTED AT INDEX 219 IN LINEAR PROBING
1870487 INSERTED AT INDEX 219 IN QUADRATIC PROBING
1870487 INSERTED AT INDEX 219 IN DOUBLE HASHING
18310789 INSERTED AT INDEX 669 IN LINEAR PROBING
18310789 INSERTED AT INDEX 669 IN QUADRATIC PROBING
18310789 INSERTED AT INDEX 669 IN DOUBLE HASHING
70149203 FOUND AT INDEX 133 IN LINEAR PROBING
70149203 FOUND AT INDEX 133 IN QUADRATIC PROBING
70149203 FOUND AT INDEX 133 IN DOUBLE HASHING
72519328 INSERTED AT INDEX 177 IN LINEAR PROBING
72519328 INSERTED AT INDEX 181 IN QUADRATIC PROBING
72519328 INSERTED AT INDEX 177 IN DOUBLE HASHING
32598216 INSERTED AT INDEX 314 IN LINEAR PROBING
32598216 INSERTED AT INDEX 314 IN QUADRATIC PROBING
32598216 INSERTED AT INDEX 314 IN DOUBLE HASHING
55544188 INSERTED AT INDEX 453 IN LINEAR PROBING
55544188 INSERTED AT INDEX 453 IN QUADRATIC PROBING
55544188 INSERTED AT INDEX 453 IN DOUBLE HASHING
10610942 INSERTED AT INDEX 606 IN LINEAR PROBING
10610942 INSERTED AT INDEX 606 IN QUADRATIC PROBING
10610942 INSERTED AT INDEX 606 IN DOUBLE HASHING
24849433 INSERTED AT INDEX 385 IN LINEAR PROBING
24849433 INSERTED AT INDEX 385 IN QUADRATIC PROBING
24849433 INSERTED AT INDEX 385 IN DOUBLE HASHING
77226110 INSERTED AT INDEX 445 IN LINEAR PROBING
77226110 INSERTED AT INDEX 445 IN QUADRATIC PROBING
77226110 INSERTED AT INDEX 445 IN DOUBLE HASHING
56172939 INSERTED AT INDEX 407 IN LINEAR PROBING
56172939 INSERTED AT INDEX 407 IN QUADRATIC PROBING
56172939 INSERTED AT INDEX 407 IN DOUBLE HASHING
91248804 INSERTED AT INDEX 335 IN LINEAR PROBING
91248804 INSERTED AT INDEX 335 IN QUADRATIC PROBING
91248804 INSERTED AT INDEX 335 IN DOUBLE HASHING
61252789 INSERTED AT INDEX 110 IN LINEAR PROBING
61252789 INSERTED AT INDEX 110 IN QUADRATIC PROBING
61252789 INSERTED AT INDEX 110 IN DOUBLE HASHING
51216148 INSERTED AT INDEX 388 IN LINEAR PROBING
51216148 INSERTED AT INDEX 391 IN QUADRATIC PROBING
51216148 INSERTED AT INDEX 283 IN DOUBLE HASHING
45234580 INSERTED AT INDEX 452 IN LINEAR PROBING
45234580 INSERTED AT INDEX 452 IN QUADRATIC PROBING
45234580 INSERTED AT INDEX 452 IN DOUBLE HASHING
47803632 INSERTED AT INDEX 339 IN LINEAR PROBING
47803632 INSERTED AT INDEX 339 IN QUADRATIC PROBING
47803632 INSERTED AT INDEX 339 IN DOUBLE HASHING
69921789 INSERTED AT INDEX 544 IN LINEAR PROBING
69921789 INSERTED AT INDEX 544 IN QUADRATIC PROBING
69921789 INSERTED AT INDEX 544 IN DOUBLE HASHING
94218059 INSERTED AT INDEX 154 IN LINEAR PROBING
94218059 INSERTED AT INDEX 154 IN QUADRATIC PROBING
94218059 INSERTED AT INDEX 154 IN DOUBLE HASHING
55951381 INSERTED AT INDEX 365 IN LINEAR PROBING
55951381 INSERTED AT INDEX 365 IN QUADRATIC PROBING
55951381 INSERTED AT INDEX 365 IN DOUBLE HASHING
83999979 INSERTED AT INDEX 551 IN LINEAR PROBING
83999979 INSERTED AT INDEX 551 IN QUADRATIC PROBING
83999979 INSERTED AT INDEX 551 IN DOUBLE HASHING
12162196 INSERTED AT INDEX 547 IN LINEAR PROBING
12162196 INSERTED AT INDEX 547 IN QUADRATIC PROBING
12162196 INSERTED AT INDEX 547 IN DOUBLE HASHING
7254610 INSERTED AT INDEX 662 IN LINEAR PROBING
7254610 INSERTED AT INDEX 662 IN QUADRATIC PROBING
7254610 INSERTED AT INDEX 662 IN DOUBLE HASHING
7312077 INSERTED AT INDEX 647 IN LINEAR PROBING
7312077 INSERTED AT INDEX 647 IN QUADRATIC PROBING
7312077 INSERTED AT INDEX 524 IN DOUBLE HASHING
78393602 INSERTED AT INDEX 71 IN LINEAR PROBING
78393602 INSERTED AT INDEX 71 IN QUADRATIC PROBING
78393602 INSERTED AT INDEX 71 IN DOUBLE HASHING
15444663 INSERTED AT INDEX 231 IN LINEAR PROBING
15444663 INSERTED AT INDEX 231 IN QUADRATIC PROBING
15444663 INSERTED AT INDEX 231 IN DOUBLE HASHING
66025652 INSERTED AT INDEX 565 IN LINEAR PROBING
66025652 INSERTED AT INDEX 569 IN QUADRATIC PROBING
66025652 INSERTED AT INDEX 565 IN DOUBLE HASHING
88283284 INSERTED AT INDEX 45 IN LINEAR PROBING
88283284 INSERTED AT INDEX 45 IN QUADRATIC PROBING
88283284 INSERTED AT INDEX 45 IN DOUBLE HASHING
21958784 INSERTED AT INDEX 660 IN LINEAR PROBING
21958784 INSERTED AT INDEX 660 IN QUADRATIC PROBING
21958784 INSERTED AT INDEX 660 IN DOUBLE HASHING
39825688 INSERTED AT INDEX 476 IN LINEAR PROBING
39825688 INSERTED AT INDEX 476 IN QUADRATIC PROBING
39825688 INSERTED AT INDEX 476 IN DOUBLE HASHING
98987146 INSERTED AT INDEX 338 IN LINEAR PROBING
98987146 INSERTED AT INDEX 338 IN QUADRATIC PROBING
98987146 INSERTED AT INDEX 338 IN DOUBLE HASHING
16146606 INSERTED AT INDEX 473 IN LINEAR PROBING
16146606 INSERTED AT INDEX 473 IN QUADRATIC PROBING
16146606 INSERTED AT INDEX 473 IN DOUBLE HASHING
51560506 INSERTED AT INDEX 554 IN LINEAR PROBING
51560506 INSERTED AT INDEX 554 IN QUADRATIC PROBING
51560506 INSERTED AT INDEX 554 IN DOUBLE HASHING
19574467 INSERTED AT INDEX 444 IN LINEAR PROBING
19574467 INSERTED AT INDEX 444 IN QUADRATIC PROBING
19574467 INSERTED AT INDEX 444 IN DOUBLE HASHING
72215084 INSERTED AT INDEX 168 IN LINEAR PROBING
72215084 INSERTED AT INDEX 171 IN QUADRATIC PROBING
72215084 INSERTED AT INDEX 190 IN DOUBLE HASHING
41901256 DELETED FROM INDEX 383 IN LINEAR PROBING
41901256 DELETED FROM INDEX 383 IN QUADRATIC PROBING
41901256 DELETED FROM INDEX 383 IN DOUBLE HASHING
41529652 DELETED FROM INDEX 309 IN LINEAR PROBING
41529652 DELETED FROM INDEX 309 IN QUADRATIC PROBING
41529652 DELETED FROM INDEX 309 IN DOUBLE HASHING
6429080 INSERTED AT INDEX 210 IN LINEAR PROBING
6429080 INSERTED AT INDEX 213 IN QUADRATIC PROBING
6429080 INSERTED AT INDEX 70 IN DOUBLE HASHING
78836306 INSERTED AT INDEX 446 IN LINEAR PROBING
78836306 INSERTED AT INDEX 448 IN QUADRATIC PROBING
78836306 INSERTED AT INDEX 651 IN DOUBLE HASHING
10477960 INSERTED AT INDEX 114 IN LINEAR PROBING
10477960 INSERTED AT INDEX 127 IN QUADRATIC PROBING
10477960 INSERTED AT INDEX 134 IN DOUBLE HASHING
3958819 INSERTED AT INDEX 272 IN LINEAR PROBING
3958819 INSERTED AT INDEX 272 IN QUADRATIC PROBING
3958819 INSERTED AT INDEX 272 IN DOUBLE HASHING
27044610 INSERTED AT INDEX 31 IN LINEAR PROBING
27044610 INSERTED AT INDEX 34 IN QUADRATIC PROBING
27044610 INSERTED AT INDEX 252 IN DOUBLE HASHING
42225419 INSERTED AT INDEX 684 IN LINEAR PROBING
42225419 INSERTED AT INDEX 684 IN QUADRATIC PROBING
42225419 INSERTED AT INDEX 3 IN DOUBLE HASHING
81897898 INSERTED AT INDEX 68 IN LINEAR PROBING
81897898 INSERTED AT INDEX 68 IN QUADRATIC PROBING
81897898 INSERTED AT INDEX 68 IN DOUBLE HASHING
14936795 INSERTED AT INDEX 588 IN LINEAR PROBING
14936795 INSERTED AT INDEX 588 IN QUADRATIC PROBING
14936795 INSERTED AT INDEX 588 IN DOUBLE HASHING
57059493 INSERTED AT INDEX 199 IN LINEAR PROBING
57059493 INSERTED AT INDEX 210 IN QUADRATIC PROBING
57059493 INSERTED AT INDEX 590 IN DOUBLE HASHING
8946221 INSERTED AT INDEX 59 IN LINEAR PROBING
8946221 INSERTED AT INDEX 59 IN QUADRATIC PROBING
8946221 INSERTED AT INDEX 59 IN DOUBLE HASHING
68820558 INSERTED AT INDEX 584 IN LINEAR PROBING
68820558 INSERTED AT INDEX 584 IN QUADRATIC PROBING
68820558 INSERTED AT INDEX 584 IN DOUBLE HASHING
7241410 INSERTED AT INDEX 80 IN LINEAR PROBING
7241410 INSERTED AT INDEX 80 IN QUADRATIC PROBING
7241410 INSERTED AT INDEX 80 IN DOUBLE HASHING
63443951 INSERTED AT INDEX 648 IN LINEAR PROBING
63443951 INSERTED AT INDEX 651 IN QUADRATIC PROBING
63443951 INSERTED AT INDEX 98 IN DOUBLE HASHING
8374253 INSERTED AT INDEX 107 IN LINEAR PROBING
8374253 INSERTED AT INDEX 107 IN QUADRATIC PROBING
8374253 INSERTED AT INDEX 107 IN DOUBLE HASHING
6662254 INSERTED AT INDEX 651 IN LINEAR PROBING
6662254 INSERTED AT INDEX 655 IN QUADRATIC PROBING
6662254 INSERTED AT INDEX 305 IN DOUBLE HASHING
45377353 INSERTED AT INDEX 221 IN LINEAR PROBING
45377353 INSERTED AT INDEX 221 IN QUADRATIC PROBING
45377353 INSERTED AT INDEX 221 IN DOUBLE HASHING
55306412 INSERTED AT INDEX 316 IN LINEAR PROBING
55306412 INSERTED AT INDEX 316 IN QUADRATIC PROBING
55306412 INSERTED AT INDEX 316 IN DOUBLE HASHING
26785975 INSERTED AT INDEX 66 IN LINEAR PROBING
26785975 INSERTED AT INDEX 78 IN QUADRATIC PROBING
26785975 INSERTED AT INDEX 540 IN DOUBLE HASHING
52691503 INSERTED AT INDEX 137 IN LINEAR PROBING
52691503 INSERTED AT INDEX 151 IN QUADRATIC PROBING
52691503 INSERTED AT INDEX 137 IN DOUBLE HASHING
10945147 INSERTED AT INDEX 434 IN LINEAR PROBING
10945147 INSERTED AT INDEX 434 IN QUADRATIC PROBING
10945147 INSERTED AT INDEX 434 IN DOUBLE HASHING
5037972 INSERTED AT INDEX 586 IN LINEAR PROBING
5037972 INSERTED AT INDEX 586 IN QUADRATIC PROBING
5037972 INSERTED AT INDEX 586 IN DOUBLE HASHING
31199241 INSERTED AT INDEX 535 IN LINEAR PROBING
31199241 INSERTED AT INDEX 535 IN QUADRATIC PROBING
31199241 INSERTED AT INDEX 535 IN DOUBLE HASHING
75949826 INSERTED AT INDEX 682 IN LINEAR PROBING
75949826 INSERTED AT INDEX 682 IN QUADRATIC PROBING
75949826 INSERTED AT INDEX 682 IN DOUBLE HASHING
50008860 INSERTED AT INDEX 222 IN LINEAR PROBING
50008860 INSERTED AT INDEX 225 IN QUADRATIC PROBING
50008860 INSERTED AT INDEX 382 IN DOUBLE HASHING
34700103 INSERTED AT INDEX 603 IN LINEAR PROBING
34700103 INSERTED AT INDEX 603 IN QUADRATIC PROBING
34700103 INSERTED AT INDEX 603 IN DOUBLE HASHING
8374253 DELETED FROM INDEX 107 IN LINEAR PROBING
8374253 DELETED FROM INDEX 107 IN QUADRATIC PROBING
8374253 DELETED FROM INDEX 107 IN DOUBLE HASHING
55104913 INSERTED AT INDEX 4 IN LINEAR PROBING
55104913 INSERTED AT INDEX 4 IN QUADRATIC PROBING
55104913 INSERTED AT INDEX 4 IN DOUBLE HASHING
47476064 INSERTED AT INDEX 138 IN LINEAR PROBING
47476064 INSERTED AT INDEX 138 IN QUADRATIC PROBING
47476064 INSERTED AT INDEX 138 IN DOUBLE HASHING
10628135 INSERTED AT INDEX 274 IN LINEAR PROBING
10628135 INSERTED AT INDEX 274 IN QUADRATIC PROBING
10628135 INSERTED AT INDEX 310 IN DOUBLE HASHING
43217759 INSERTED AT INDEX 410 IN LINEAR PROBING
43217759 INSERTED AT INDEX 412 IN QUADRATIC PROBING
43217759 INSERTED AT INDEX 627 IN DOUBLE HASHING
83461394 INSERTED AT INDEX 337 IN LINEAR PROBING
83461394 INSERTED AT INDEX 348 IN QUADRATIC PROBING
83461394 INSERTED AT INDEX 28 IN DOUBLE HASHING
50668596 INSERTED AT INDEX 317 IN LINEAR PROBING
50668596 INSERTED AT INDEX 320 IN QUADRATIC PROBING
50668596 INSERTED AT INDEX 112 IN DOUBLE HASHING
98244055 INSERTED AT INDEX 307 IN LINEAR PROBING
98244055 INSERTED AT INDEX 307 IN QUADRATIC PROBING
98244055 INSERTED AT INDEX 307 IN DOUBLE HASHING
83228655 INSERTED AT INDEX 327 IN LINEAR PROBING
83228655 INSERTED AT INDEX 327 IN QUADRATIC PROBING
83228655 INSERTED AT INDEX 327 IN DOUBLE HASHING
63597695 INSERTED AT INDEX 171 IN LINEAR PROBING
63597695 INSERTED AT INDEX 175 IN QUADRATIC PROBING
63597695 INSERTED AT INDEX 171 IN DOUBLE HASHING
34755219 INSERTED AT INDEX 340 IN LINEAR PROBING
34755219 INSERTED AT INDEX 340 IN QUADRATIC PROBING
34755219 INSERTED AT INDEX 560 IN DOUBLE HASHING
12981859 INSERTED AT INDEX 40 IN LINEAR PROBING
12981859 INSERTED AT INDEX 44 IN QUADRATIC PROBING
12981859 INSERTED AT INDEX 400 IN DOUBLE HASHING
74088920 INSERTED AT INDEX 230 IN LINEAR PROBING
74088920 INSERTED AT INDEX 230 IN QUADRATIC PROBING
74088920 INSERTED AT INDEX 230 IN DOUBLE HASHING
16324653 INSERTED AT INDEX 467 IN LINEAR PROBING
16324653 INSERTED AT INDEX 470 IN QUADRATIC PROBING
16324653 INSERTED AT INDEX 419 IN DOUBLE HASHING
84126899 INSERTED AT INDEX 590 IN LINEAR PROBING
84126899 INSERTED AT INDEX 590 IN QUADRATIC PROBING
84126899 INSERTED AT INDEX 89 IN DOUBLE HASHING
67054330 INSERTED AT INDEX 175 IN LINEAR PROBING
67054330 INSERTED AT INDEX 189 IN QUADRATIC PROBING
67054330 INSERTED AT INDEX 175 IN DOUBLE HASHING
24221294 INSERTED AT INDEX 342 IN LINEAR PROBING
24221294 INSERTED AT INDEX 342 IN QUADRATIC PROBING
24221294 INSERTED AT INDEX 342 IN DOUBLE HASHING
45945295 INSERTED AT INDEX 353 IN LINEAR PROBING
45945295 INSERTED AT INDEX 353 IN QUADRATIC PROBING
45945295 INSERTED AT INDEX 353 IN DOUBLE HASHING
44582461 INSERTED AT INDEX 263 IN LINEAR PROBING
44582461 INSERTED AT INDEX 263 IN QUADRATIC PROBING
44582461 INSERTED AT INDEX 263 IN DOUBLE HASHING
96178654 INSERTED AT INDEX 52 IN LINEAR PROBING
96178654 INSERTED AT INDEX 52 IN QUADRATIC PROBING
96178654 INSERTED AT INDEX 52 IN DOUBLE HASHING
54707338 INSERTED AT INDEX 597 IN LINEAR PROBING
54707338 INSERTED AT INDEX 597 IN QUADRATIC PROBING
54707338 INSERTED AT INDEX 597 IN DOUBLE HASHING
96566678 INSERTED AT INDEX 423 IN LINEAR PROBING
96566678 INSERTED AT INDEX 423 IN QUADRATIC PROBING
96566678 INSERTED AT INDEX 423 IN DOUBLE HASHING
35658392 INSERTED AT INDEX 625 IN LINEAR PROBING
35658392 INSERTED AT INDEX 625 IN QUADRATIC PROBING
35658392 INSERTED AT INDEX 625 IN DOUBLE HASHING
52825740 FOUND AT INDEX 483 IN LINEAR PROBING
52825740 FOUND AT INDEX 483 IN QUADRATIC PROBING
52825740 FOUND AT INDEX 483 IN DOUBLE HASHING
20098006 INSERTED AT INDEX 341 IN LINEAR PROBING
20098006 INSERTED AT INDEX 350 IN QUADRATIC PROBING
20098006 INSERTED AT INDEX 643 IN DOUBLE HASHING
495054 INSERTED AT INDEX 149 IN LINEAR PROBING
495054 INSERTED AT INDEX 162 IN QUADRATIC PROBING
495054 INSERTED AT INDEX 303 IN DOUBLE HASHING
8975340 INSERTED AT INDEX 437 IN LINEAR PROBING
8975340 INSERTED AT INDEX 437 IN QUADRATIC PROBING
8975340 INSERTED AT INDEX 437 IN DOUBLE HASHING
4166696 INSERTED AT INDEX 653 IN LINEAR PROBING
4166696 INSERTED AT INDEX 653 IN QUADRATIC PROBING
4166696 INSERTED AT INDEX 653 IN DOUBLE HASHING
30424457 INSERTED AT INDEX 358 IN LINEAR PROBING
30424457 INSERTED AT INDEX 370 IN QUADRATIC PROBING
30424457 INSERTED AT INDEX 13 IN DOUBLE HASHING
58558329 INSERTED AT INDEX 294 IN LINEAR PROBING
58558329 INSERTED AT INDEX 294 IN QUADRATIC PROBING
58558329 INSERTED AT INDEX 294 IN DOUBLE HASHING
75054064 INSERTED AT INDEX 97 IN LINEAR PROBING
75054064 INSERTED AT INDEX 97 IN QUADRATIC PROBING
75054064 INSERTED AT INDEX 97 IN DOUBLE HASHING
71599345 INSERTED AT INDEX 607 IN LINEAR PROBING
71599345 INSERTED AT INDEX 607 IN QUADRATIC PROBING
71599345 INSERTED AT INDEX 607 IN DOUBLE HASHING
38951648 INSERTED AT INDEX 583 IN LINEAR PROBING
38951648 INSERTED AT INDEX 583 IN QUADRATIC PROBING
38951648 INSERTED AT INDEX 583 IN DOUBLE HASHING
98472909 INSERTED AT INDEX 635 IN LINEAR PROBING
98472909 INSERTED AT INDEX 635 IN QUADRATIC PROBING
98472909 INSERTED AT INDEX 635 IN DOUBLE HASHING
72415578 INSERTED AT INDEX 176 IN LINEAR PROBING
72415578 INSERTED AT INDEX 205 IN QUADRATIC PROBING
72415578 INSERTED AT INDEX 53 IN DOUBLE HASHING
4378807 INSERTED AT INDEX 361 IN LINEAR PROBING
4378807 INSERTED AT INDEX 361 IN QUADRATIC PROBING
4378807 INSERTED AT INDEX 361 IN DOUBLE HASHING
89194236 INSERTED AT INDEX 398 IN LINEAR PROBING
89194236 INSERTED AT INDEX 398 IN QUADRATIC PROBING
89194236 INSERTED AT INDEX 398 IN DOUBLE HASHING
73385213 INSERTED AT INDEX 328 IN LINEAR PROBING
73385213 INSERTED AT INDEX 331 IN QUADRATIC PROBING
73385213 INSERTED AT INDEX 341 IN DOUBLE HASHING
13930762 INSERTED AT INDEX 491 IN LINEAR PROBING
13930762 INSERTED AT INDEX 494 IN QUADRATIC PROBING
13930762 INSERTED AT INDEX 553 IN DOUBLE HASHING
50437106 INSERTED AT INDEX 156 IN LINEAR PROBING
50437106 INSERTED AT INDEX 156 IN QUADRATIC PROBING
50437106 INSERTED AT INDEX 170 IN DOUBLE HASHING
80467761 INSERTED AT INDEX 675 IN LINEAR PROBING
80467761 INSERTED AT INDEX 686 IN QUADRATIC PROBING
80467761 INSERTED AT INDEX 633 IN DOUBLE HASHING
58406152 INSERTED AT INDEX 234 IN LINEAR PROBING
58406152 INSERTED AT INDEX 234 IN QUADRATIC PROBING
58406152 INSERTED AT INDEX 234 IN DOUBLE HASHING
68289537 INSERTED AT INDEX 220 IN LINEAR PROBING
68289537 INSERTED AT INDEX 220 IN QUADRATIC PROBING
68289537 INSERTED AT INDEX 220 IN DOUBLE HASHING
22994073 INSERTED AT INDEX 572 IN LINEAR PROBING
22994073 INSERTED AT INDEX 572 IN QUADRATIC PROBING
22994073 INSERTED AT INDEX 572 IN DOUBLE HASHING
13309320 INSERTED AT INDEX 135 IN LINEAR PROBING
13309320 INSERTED AT INDEX 134 IN QUADRATIC PROBING
13309320 INSERTED AT INDEX 355 IN DOUBLE HASHING
10491648 INSERTED AT INDEX 482 IN LINEAR PROBING
10491648 INSERTED AT INDEX 482 IN QUADRATIC PROBING
10491648 INSERTED AT INDEX 482 IN DOUBLE HASHING
55852725 INSERTED AT INDEX 550 IN LINEAR PROBING
55852725 INSERTED AT INDEX 550 IN QUADRATIC PROBING
55852725 INSERTED AT INDEX 550 IN DOUBLE HASHING
62622646 INSERTED AT INDEX 213 IN LINEAR PROBING
62622646 INSERTED AT INDEX 217 IN QUADRATIC PROBING
62622646 INSERTED AT INDEX 213 IN DOUBLE HASHING
48929432 INSERTED AT INDEX 333 IN LINEAR PROBING
48929432 INSERTED AT INDEX 333 IN QUADRATIC PROBING
48929432 INSERTED AT INDEX 333 IN DOUBLE HASHING
33251720 FOUND AT INDEX 486 IN LINEAR PROBING
33251720 FOUND AT INDEX 486 IN QUADRATIC PROBING
33251720 FOUND AT INDEX 486 IN DOUBLE HASHING
53519982 INSERTED AT INDEX 34 IN LINEAR PROBING
53519982 INSERTED AT INDEX 38 IN QUADRATIC PROBING
53519982 INSERTED AT INDEX 34 IN DOUBLE HASHING
6605036 INSERTED AT INDEX 214 IN LINEAR PROBING
6605036 INSERTED AT INDEX 214 IN QUADRATIC PROBING
6605036 INSERTED AT INDEX 214 IN DOUBLE HASHING
25219354 INSERTED AT INDEX 178 IN LINEAR PROBING
25219354 INSERTED AT INDEX 178 IN QUADRATIC PROBING
25219354 INSERTED AT INDEX 178 IN DOUBLE HASHING
26555823 INSERTED AT INDEX 541 IN LINEAR PROBING
26555823 INSERTED AT INDEX 541 IN QUADRATIC PROBING
26555823 INSERTED AT INDEX 464 IN DOUBLE HASHING
20521753 INSERTED AT INDEX 679 IN LINEAR PROBING
20521753 INSERTED AT INDEX 679 IN QUADRATIC PROBING
20521753 INSERTED AT INDEX 679 IN DOUBLE HASHING
97573510 INSERTED AT INDEX 619 IN LINEAR PROBING
97573510 INSERTED AT INDEX 619 IN QUADRATIC PROBING
97573510 INSERTED AT INDEX 619 IN DOUBLE HASHING
38256048 INSERTED AT INDEX 375 IN LINEAR PROBING
38256048 INSERTED AT INDEX 375 IN QUADRATIC PROBING
38256048 INSERTED AT INDEX 375 IN DOUBLE HASHING
68369657 INSERTED AT INDEX 426 IN LINEAR PROBING
68369657 INSERTED AT INDEX 426 IN QUADRATIC PROBING
68369657 INSERTED AT INDEX 383 IN DOUBLE HASHING
61697402 INSERTED AT INDEX 289 IN LINEAR PROBING
61697402 INSERTED AT INDEX 289 IN QUADRATIC PROBING
61697402 INSERTED AT INDEX 289 IN DOUBLE HASHING
7747182 INSERTED AT INDEX 433 IN LINEAR PROBING
7747182 INSERTED AT INDEX 461 IN QUADRATIC PROBING
7747182 INSERTED AT INDEX 296 IN DOUBLE HASHING
25394029 INSERTED AT INDEX 304 IN LINEAR PROBING
25394029 INSERTED AT INDEX 304 IN QUADRATIC PROBING
25394029 INSERTED AT INDEX 304 IN DOUBLE HASHING
30441714 INSERTED AT INDEX 88 IN LINEAR PROBING
30441714 INSERTED AT INDEX 88 IN QUADRATIC PROBING
30441714 INSERTED AT INDEX 88 IN DOUBLE HASHING
1246922 INSERTED AT INDEX 545 IN LINEAR PROBING
1246922 INSERTED AT INDEX 548 IN QUADRATIC PROBING
1246922 INSERTED AT INDEX 66 IN DOUBLE HASHING
26877277 INSERTED AT INDEX 236 IN LINEAR PROBING
26877277 INSERTED AT INDEX 236 IN QUADRATIC PROBING
26877277 INSERTED AT INDEX 236 IN DOUBLE HASHING
69218518 INSERTED AT INDEX 376 IN LINEAR PROBING
69218518 INSERTED AT INDEX 376 IN QUADRATIC PROBING
69218518 INSERTED AT INDEX 376 IN DOUBLE HASHING
29085648 INSERTED AT INDEX 457 IN LINEAR PROBING
29085648 INSERTED AT INDEX 457 IN QUADRATIC PROBING
29085648 INSERTED AT INDEX 457 IN DOUBLE HASHING
46466286 INSERTED AT INDEX 501 IN LINEAR PROBING
46466286 INSERTED AT INDEX 501 IN QUADRATIC PROBING
46466286 INSERTED AT INDEX 501 IN DOUBLE HASHING
11850287 INSERTED AT INDEX 585 IN LINEAR PROBING
11850287 INSERTED AT INDEX 587 IN QUADRATIC PROBING
11850287 INSERTED AT INDEX 570 IN DOUBLE HASHING
19925003 INSERTED AT INDEX 480 IN LINEAR PROBING
19925003 INSERTED AT INDEX 480 IN QUADRATIC PROBING
19925003 INSERTED AT INDEX 480 IN DOUBLE HASHING
93625435 INSERTED AT INDEX 576 IN LINEAR PROBING
93625435 INSERTED AT INDEX 576 IN QUADRATIC PROBING
93625435 INSERTED AT INDEX 576 IN DOUBLE HASHING
97165729 DELETED FROM INDEX 119 IN LINEAR PROBING
97165729 DELETED FROM INDEX 119 IN QUADRATIC PROBING
97165729 DELETED FROM INDEX 119 IN DOUBLE HASHING
44945097 INSERTED AT INDEX 487 IN LINEAR PROBING
44945097 INSERTED AT INDEX 496 IN QUADRATIC PROBING
44945097 INSERTED AT INDEX 680 IN DOUBLE HASHING
20983722 INSERTED AT INDEX 689 IN LINEAR PROBING
20983722 INSERTED AT INDEX 689 IN QUADRATIC PROBING
20983722 INSERTED AT INDEX 689 IN DOUBLE HASHING
21070880 INSERTED AT INDEX 224 IN LINEAR PROBING
21070880 INSERTED AT INDEX 222 IN QUADRATIC PROBING
21070880 INSERTED AT INDEX 222 IN DOUBLE HASHING
14174068 INSERTED AT INDEX 549 IN LINEAR PROBING
14174068 INSERTED AT INDEX 549 IN QUADRATIC PROBING
14174068 INSERTED AT INDEX 549 IN DOUBLE HASHING
95274034 INSERTED AT INDEX 424 IN LINEAR PROBING
95274034 INSERTED AT INDEX 427 IN QUADRATIC PROBING
95274034 INSERTED AT INDEX 257 IN DOUBLE HASHING
82021702 INSERTED AT INDEX 496 IN LINEAR PROBING
82021702 INSERTED AT INDEX 500 IN QUADRATIC PROBING
82021702 INSERTED AT INDEX 496 IN DOUBLE HASHING
88686216 INSERTED AT INDEX 605 IN LINEAR PROBING
88686216 INSERTED AT INDEX 617 IN QUADRATIC PROBING
88686216 INSERTED AT INDEX 319 IN DOUBLE HASHING
23138361 INSERTED AT INDEX 454 IN LINEAR PROBING
23138361 INSERTED AT INDEX 454 IN QUADRATIC PROBING
23138361 INSERTED AT INDEX 454 IN DOUBLE HASHING
48614066 INSERTED AT INDEX 417 IN LINEAR PROBING
48614066 INSERTED AT INDEX 417 IN QUADRATIC PROBING
48614066 INSERTED AT INDEX 417 IN DOUBLE HASHING
359048 INSERTED AT INDEX 136 IN LINEAR PROBING
359048 INSERTED AT INDEX 136 IN QUADRATIC PROBING
359048 INSERTED AT INDEX 136 IN DOUBLE HASHING
45076031 INSERTED AT INDEX 330 IN LINEAR PROBING
45076031 INSERTED AT INDEX 343 IN QUADRATIC PROBING
45076031 INSERTED AT INDEX 324 IN DOUBLE HASHING
14070723 INSERTED AT INDEX 251 IN LINEAR PROBING
14070723 INSERTED AT INDEX 251 IN QUADRATIC PROBING
14070723 INSERTED AT INDEX 251 IN DOUBLE HASHING
31607805 INSERTED AT INDEX 416 IN LINEAR PROBING
31607805 INSERTED AT INDEX 416 IN QUADRATIC PROBING
31607805 INSERTED AT INDEX 416 IN DOUBLE HASHING
174139 INSERTED AT INDEX 292 IN LINEAR PROBING
174139 INSERTED AT INDEX 295 IN QUADRATIC PROBING
174139 INSERTED AT INDEX 670 IN DOUBLE HASHING
83911080 INSERTED AT INDEX 680 IN LINEAR PROBING
83911080 INSERTED AT INDEX 683 IN QUADRATIC PROBING
83911080 INSERTED AT INDEX 659 IN DOUBLE HASHING
92639886 INSERTED AT INDEX 633 IN LINEAR PROBING
92639886 INSERTED AT INDEX 633 IN QUADRATIC PROBING
92639886 INSERTED AT INDEX 205 IN DOUBLE HASHING
90156657 INSERTED AT INDEX 346 IN LINEAR PROBING
90156657 INSERTED AT INDEX 346 IN QUADRATIC PROBING
90156657 INSERTED AT INDEX 346 IN DOUBLE HASHING
37222200 INSERTED AT INDEX 502 IN LINEAR PROBING
37222200 INSERTED AT INDEX 502 IN QUADRATIC PROBING
37222200 INSERTED AT INDEX 502 IN DOUBLE HASHING
99879251 INSERTED AT INDEX 70 IN LINEAR PROBING
99879251 INSERTED AT INDEX 70 IN QUADRATIC PROBING
99879251 INSERTED AT INDEX 522 IN DOUBLE HASHING
36070933 INSERTED AT INDEX 277 IN LINEAR PROBING
36070933 INSERTED AT INDEX 277 IN QUADRATIC PROBING
36070933 INSERTED AT INDEX 277 IN DOUBLE HASHING
27515526 INSERTED AT INDEX 575 IN LINEAR PROBING
27515526 INSERTED AT INDEX 575 IN QUADRATIC PROBING
27515526 INSERTED AT INDEX 575 IN DOUBLE HASHING
10170986 INSERTED AT INDEX 180 IN LINEAR PROBING
10170986 INSERTED AT INDEX 191 IN QUADRATIC PROBING
10170986 INSERTED AT INDEX 149 IN DOUBLE HASHING
28562320 INSERTED AT INDEX 77 IN LINEAR PROBING
28562320 INSERTED AT INDEX 79 IN QUADRATIC PROBING
28562320 INSERTED AT INDEX 517 IN DOUBLE HASHING
24932472 INSERTED AT INDEX 5 IN LINEAR PROBING
24932472 INSERTED AT INDEX 5 IN QUADRATIC PROBING
24932472 INSERTED AT INDEX 5 IN DOUBLE HASHING
51096299 INSERTED AT INDEX 411 IN LINEAR PROBING
51096299 INSERTED AT INDEX 413 IN QUADRATIC PROBING
51096299 INSERTED AT INDEX 208 IN DOUBLE HASHING
37334929 INSERTED AT INDEX 370 IN LINEAR PROBING
37334929 INSERTED AT INDEX 374 IN QUADRATIC PROBING
37334929 INSERTED AT INDEX 370 IN DOUBLE HASHING
88426656 INSERTED AT INDEX 413 IN LINEAR PROBING
88426656 INSERTED AT INDEX 443 IN QUADRATIC PROBING
88426656 INSERTED AT INDEX 413 IN DOUBLE HASHING
63089581 INSERTED AT INDEX 282 IN LINEAR PROBING
63089581 INSERTED AT INDEX 282 IN QUADRATIC PROBING
63089581 INSERTED AT INDEX 282 IN DOUBLE HASHING
94069930 INSERTED AT INDEX 637 IN LINEAR PROBING
94069930 INSERTED AT INDEX 637 IN QUADRATIC PROBING
94069930 INSERTED AT INDEX 637 IN DOUBLE HASHING
71957259 INSERTED AT INDEX 310 IN LINEAR PROBING
71957259 INSERTED AT INDEX 310 IN QUADRATIC PROBING
71957259 INSERTED AT INDEX 430 IN DOUBLE HASHING
73235247 INSERTED AT INDEX 377 IN LINEAR PROBING
73235247 INSERTED AT INDEX 379 IN QUADRATIC PROBING
73235247 INSERTED AT INDEX 69 IN DOUBLE HASHING
75266801 INSERTED AT INDEX 435 IN LINEAR PROBING
75266801 INSERTED AT INDEX 511 IN QUADRATIC PROBING
75266801 INSERTED AT INDEX 433 IN DOUBLE HASHING
28620833 INSERTED AT INDEX 405 IN LINEAR PROBING
28620833 INSERTED AT INDEX 405 IN QUADRATIC PROBING
28620833 INSERTED AT INDEX 405 IN DOUBLE HASHING
92677705 INSERTED AT INDEX 598 IN LINEAR PROBING
92677705 INSERTED AT INDEX 598 IN QUADRATIC PROBING
92677705 INSERTED AT INDEX 598 IN DOUBLE HASHING
47218409 INSERTED AT INDEX 451 IN LINEAR PROBING
47218409 INSERTED AT INDEX 451 IN QUADRATIC PROBING
47218409 INSERTED AT INDEX 451 IN DOUBLE HASHING
29777187 INSERTED AT INDEX 109 IN LINEAR PROBING
29777187 INSERTED AT INDEX 109 IN QUADRATIC PROBING
29777187 INSERTED AT INDEX 109 IN DOUBLE HASHING
97629618 INSERTED AT INDEX 650 IN LINEAR PROBING
97629618 INSERTED AT INDEX 661 IN QUADRATIC PROBING
97629618 INSERTED AT INDEX 401 IN DOUBLE HASHING
65599533 INSERTED AT INDEX 654 IN LINEAR PROBING
65599533 INSERTED AT INDEX 654 IN QUADRATIC PROBING
65599533 INSERTED AT INDEX 654 IN DOUBLE HASHING
55732171 INSERTED AT INDEX 568 IN LINEAR PROBING
55732171 INSERTED AT INDEX 568 IN QUADRATIC PROBING
55732171 INSERTED AT INDEX 568 IN DOUBLE HASHING
16733247 INSERTED AT INDEX 379 IN LINEAR PROBING
16733247 INSERTED AT INDEX 377 IN QUADRATIC PROBING
16733247 INSERTED AT INDEX 377 IN DOUBLE HASHING
20787253 INSERTED AT INDEX 500 IN LINEAR PROBING
20787253 INSERTED AT INDEX 504 IN QUADRATIC PROBING
20787253 INSERTED AT INDEX 500 IN DOUBLE HASHING
49707579 INSERTED AT INDEX 371 IN LINEAR PROBING
49707579 INSERTED AT INDEX 384 IN QUADRATIC PROBING
49707579 INSERTED AT INDEX 249 IN DOUBLE HASHING
90625940 INSERTED AT INDEX 661 IN LINEAR PROBING
90625940 INSERTED AT INDEX 664 IN QUADRATIC PROBING
90625940 INSERTED AT INDEX 140 IN DOUBLE HASHING
44996045 INSERTED AT INDEX 257 IN LINEAR PROBING
44996045 INSERTED AT INDEX 257 IN QUADRATIC PROBING
44996045 INSERTED AT INDEX 349 IN DOUBLE HASHING
19240710 INSERTED AT INDEX 363 IN LINEAR PROBING
19240710 INSERTED AT INDEX 363 IN QUADRATIC PROBING
19240710 INSERTED AT INDEX 363 IN DOUBLE HASHING
34195524 INSERTED AT INDEX 43 IN LINEAR PROBING
34195524 INSERTED AT INDEX 43 IN QUADRATIC PROBING
34195524 INSERTED AT INDEX 43 IN DOUBLE HASHING
23912659 INSERTED AT INDEX 151 IN LINEAR PROBING
23912659 INSERTED AT INDEX 161 IN QUADRATIC PROBING
23912659 INSERTED AT INDEX 24 IN DOUBLE HASHING
56961775 INSERTED AT INDEX 618 IN LINEAR PROBING
56961775 INSERTED AT INDEX 618 IN QUADRATIC PROBING
56961775 INSERTED AT INDEX 618 IN DOUBLE HASHING
74965761 INSERTED AT INDEX 120 IN LINEAR PROBING
74965761 INSERTED AT INDEX 120 IN QUADRATIC PROBING
74965761 INSERTED AT INDEX 120 IN DOUBLE HASHING
41388358 INSERTED AT INDEX 617 IN LINEAR PROBING
41388358 INSERTED AT INDEX 621 IN QUADRATIC PROBING
41388358 INSERTED AT INDEX 617 IN DOUBLE HASHING
37686582 INSERTED AT INDEX 121 IN LINEAR PROBING
37686582 INSERTED AT INDEX 121 IN QUADRATIC PROBING
37686582 INSERTED AT INDEX 121 IN DOUBLE HASHING
6205952 INSERTED AT INDEX 1 IN LINEAR PROBING
6205952 INSERTED AT INDEX 3 IN QUADRATIC PROBING
6205952 INSERTED AT INDEX 204 IN DOUBLE HASHING
96768527 INSERTED AT INDEX 384 IN LINEAR PROBING
96768527 INSERTED AT INDEX 388 IN QUADRATIC PROBING
96768527 INSERTED AT INDEX 384 IN DOUBLE HASHING
50339575 INSERTED AT INDEX 67 IN LINEAR PROBING
50339575 INSERTED AT INDEX 94 IN QUADRATIC PROBING
50339575 INSERTED AT INDEX 90 IN DOUBLE HASHING
86286135 INSERTED AT INDEX 46 IN LINEAR PROBING
86286135 INSERTED AT INDEX 49 IN QUADRATIC PROBING
86286135 INSERTED AT INDEX 681 IN DOUBLE HASHING
27102089 INSERTED AT INDEX 27 IN LINEAR PROBING
27102089 INSERTED AT INDEX 27 IN QUADRATIC PROBING
27102089 INSERTED AT INDEX 27 IN DOUBLE HASHING
39975714 INSERTED AT INDEX 488 IN LINEAR PROBING
39975714 INSERTED AT INDEX 488 IN QUADRATIC PROBING
39975714 INSERTED AT INDEX 488 IN DOUBLE HASHING
95394358 INSERTED AT INDEX 181 IN LINEAR PROBING
95394358 INSERTED AT INDEX 227 IN QUADRATIC PROBING
95394358 INSERTED AT INDEX 634 IN DOUBLE HASHING
87289099 INSERTED AT INDEX 579 IN LINEAR PROBING
87289099 INSERTED AT INDEX 579 IN QUADRATIC PROBING
87289099 INSERTED AT INDEX 579 IN DOUBLE HASHING
3224350 INSERTED AT INDEX 455 IN LINEAR PROBING
3224350 INSERTED AT INDEX 455 IN QUADRATIC PROBING
3224350 INSERTED AT INDEX 203 IN DOUBLE HASHING
89569652 INSERTED AT INDEX 78 IN LINEAR PROBING
89569652 INSERTED AT INDEX 82 IN QUADRATIC PROBING
89569652 INSERTED AT INDEX 78 IN DOUBLE HASHING
58717650 INSERTED AT INDEX 489 IN LINEAR PROBING
58717650 INSERTED AT INDEX 518 IN QUADRATIC PROBING
58717650 INSERTED AT INDEX 38 IN DOUBLE HASHING
44918741 FOUND AT INDEX 63 IN LINEAR PROBING
44918741 FOUND AT INDEX 63 IN QUADRATIC PROBING
44918741 FOUND AT INDEX 63 IN DOUBLE HASHING
85546268 INSERTED AT INDEX 436 IN LINEAR PROBING
85546268 INSERTED AT INDEX 438 IN QUADRATIC PROBING
85546268 INSERTED AT INDEX 402 IN DOUBLE HASHING
24846529 INSERTED AT INDEX 285 IN LINEAR PROBING
24846529 INSERTED AT INDEX 285 IN QUADRATIC PROBING
24846529 INSERTED AT INDEX 285 IN DOUBLE HASHING
15437839 INSERTED AT INDEX 418 IN LINEAR PROBING
15437839 INSERTED AT INDEX 421 IN QUADRATIC PROBING
15437839 INSERTED AT INDEX 537 IN DOUBLE HASHING
68207507 INSERTED AT INDEX 207 IN LINEAR PROBING
68207507 INSERTED AT INDEX 207 IN QUADRATIC PROBING
68207507 INSERTED AT INDEX 207 IN DOUBLE HASHING
72173529 INSERTED AT INDEX 676 IN LINEAR PROBING
72173529 INSERTED AT INDEX 1 IN QUADRATIC PROBING
72173529 INSERTED AT INDEX 1 IN DOUBLE HASHING
76480055 INSERTED AT INDEX 254 IN LINEAR PROBING
76480055 INSERTED AT INDEX 254 IN QUADRATIC PROBING
76480055 INSERTED AT INDEX 254 IN DOUBLE HASHING
55150092 INSERTED AT INDEX 319 IN LINEAR PROBING
55150092 INSERTED AT INDEX 319 IN QUADRATIC PROBING
55150092 INSERTED AT INDEX 211 IN DOUBLE HASHING
78229862 INSERTED AT INDEX 366 IN LINEAR PROBING
78229862 INSERTED AT INDEX 369 IN QUADRATIC PROBING
78229862 INSERTED AT INDEX 99 IN DOUBLE HASHING
91992011 INSERTED AT INDEX 493 IN LINEAR PROBING
91992011 INSERTED AT INDEX 512 IN QUADRATIC PROBING
91992011 INSERTED AT INDEX 594 IN DOUBLE HASHING
30378227 INSERTED AT INDEX 392 IN LINEAR PROBING
30378227 INSERTED AT INDEX 392 IN QUADRATIC PROBING
30378227 INSERTED AT INDEX 392 IN DOUBLE HASHING
25179395 INSERTED AT INDEX 182 IN LINEAR PROBING
25179395 INSERTED AT INDEX 176 IN QUADRATIC PROBING
25179395 INSERTED AT INDEX 176 IN DOUBLE HASHING
69858192 INSERTED AT INDEX 38 IN LINEAR PROBING
69858192 INSERTED AT INDEX 37 IN QUADRATIC PROBING
69858192 INSERTED AT INDEX 37 IN DOUBLE HASHING
7035191 INSERTED AT INDEX 657 IN LINEAR PROBING
7035191 INSERTED AT INDEX 670 IN QUADRATIC PROBING
7035191 INSERTED AT INDEX 531 IN DOUBLE HASHING
58289098 INSERTED AT INDEX 247 IN LINEAR PROBING
58289098 INSERTED AT INDEX 247 IN QUADRATIC PROBING
58289098 INSERTED AT INDEX 247 IN DOUBLE HASHING
22358304 INSERTED AT INDEX 610 IN LINEAR PROBING
22358304 INSERTED AT INDEX 610 IN QUADRATIC PROBING
22358304 INSERTED AT INDEX 610 IN DOUBLE HASHING
1046164 INSERTED AT INDEX 273 IN LINEAR PROBING
1046164 INSERTED AT INDEX 276 IN QUADRATIC PROBING
1046164 INSERTED AT INDEX 301 IN DOUBLE HASHING
46069063 INSERTED AT INDEX 44 IN LINEAR PROBING
46069063 INSERTED AT INDEX 48 IN QUADRATIC PROBING
46069063 INSERTED AT INDEX 44 IN DOUBLE HASHING
64457564 INSERTED AT INDEX 614 IN LINEAR PROBING
64457564 INSERTED AT INDEX 614 IN QUADRATIC PROBING
64457564 INSERTED AT INDEX 614 IN DOUBLE HASHING
47530423 INSERTED AT INDEX 520 IN LINEAR PROBING
47530423 INSERTED AT INDEX 524 IN QUADRATIC PROBING
47530423 INSERTED AT INDEX 520 IN DOUBLE HASHING
24705839 INSERTED AT INDEX 498 IN LINEAR PROBING
24705839 INSERTED AT INDEX 510 IN QUADRATIC PROBING
24705839 INSERTED AT INDEX 536 IN DOUBLE HASHING
70465367 INSERTED AT INDEX 146 IN LINEAR PROBING
70465367 INSERTED AT INDEX 146 IN QUADRATIC PROBING
70465367 INSERTED AT INDEX 146 IN DOUBLE HASHING
2178739 INSERTED AT INDEX 32 IN LINEAR PROBING
2178739 INSERTED AT INDEX 31 IN QUADRATIC PROBING
2178739 INSERTED AT INDEX 31 IN DOUBLE HASHING
67446327 INSERTED AT INDEX 313 IN LINEAR PROBING
67446327 INSERTED AT INDEX 313 IN QUADRATIC PROBING
67446327 INSERTED AT INDEX 313 IN DOUBLE HASHING
25725613 INSERTED AT INDEX 318 IN LINEAR PROBING
25725613 INSERTED AT INDEX 345 IN QUADRATIC PROBING
25725613 INSERTED AT INDEX 228 IN DOUBLE HASHING
92516083 INSERTED AT INDEX 206 IN LINEAR PROBING
92516083 INSERTED AT INDEX 206 IN QUADRATIC PROBING
92516083 INSERTED AT INDEX 206 IN DOUBLE HASHING
3409743 INSERTED AT INDEX 79 IN LINEAR PROBING
3409743 INSERTED AT INDEX 83 IN QUADRATIC PROBING
3409743 INSERTED AT INDEX 79 IN DOUBLE HASHING
42055685 INSERTED AT INDEX 592 IN LINEAR PROBING
42055685 INSERTED AT INDEX 592 IN QUADRATIC PROBING
42055685 INSERTED AT INDEX 592 IN DOUBLE HASHING
19807964 INSERTED AT INDEX 508 IN LINEAR PROBING
19807964 INSERTED AT INDEX 508 IN QUADRATIC PROBING
19807964 INSERTED AT INDEX 508 IN DOUBLE HASHING
73912923 INSERTED AT INDEX 184 IN LINEAR PROBING
73912923 INSERTED AT INDEX 184 IN QUADRATIC PROBING
73912923 INSERTED AT INDEX 184 IN DOUBLE HASHING
20521859 INSERTED AT INDEX 84 IN LINEAR PROBING
20521859 INSERTED AT INDEX 84 IN QUADRATIC PROBING
20521859 INSERTED AT INDEX 84 IN DOUBLE HASHING
31171575 INSERTED AT INDEX 208 IN LINEAR PROBING
31171575 INSERTED AT INDEX 208 IN QUADRATIC PROBING
31171575 INSERTED AT INDEX 83 IN DOUBLE HASHING
23080882 INSERTED AT INDEX 458 IN LINEAR PROBING
23080882 INSERTED AT INDEX 471 IN QUADRATIC PROBING
23080882 INSERTED AT INDEX 239 IN DOUBLE HASHING
76047074 INSERTED AT INDEX 494 IN LINEAR PROBING
76047074 INSERTED AT INDEX 491 IN QUADRATIC PROBING
76047074 INSERTED AT INDEX 491 IN DOUBLE HASHING
95192689 INSERTED AT INDEX 394 IN LINEAR PROBING
95192689 INSERTED AT INDEX 394 IN QUADRATIC PROBING
95192689 INSERTED AT INDEX 394 IN DOUBLE HASHING
18731322 INSERTED AT INDEX 608 IN LINEAR PROBING
18731322 INSERTED AT INDEX 616 IN QUADRATIC PROBING
18731322 INSERTED AT INDEX 648 IN DOUBLE HASHING
41702909 INSERTED AT INDEX 419 IN LINEAR PROBING
41702909 INSERTED AT INDEX 419 IN QUADRATIC PROBING
41702909 INSERTED AT INDEX 128 IN DOUBLE HASHING
94876131 INSERTED AT INDEX 688 IN LINEAR PROBING
94876131 INSERTED AT INDEX 688 IN QUADRATIC PROBING
94876131 INSERTED AT INDEX 688 IN DOUBLE HASHING
39345998 INSERTED AT INDEX 270 IN LINEAR PROBING
39345998 INSERTED AT INDEX 270 IN QUADRATIC PROBING
39345998 INSERTED AT INDEX 270 IN DOUBLE HASHING
97411971 INSERTED AT INDEX 311 IN LINEAR PROBING
97411971 INSERTED AT INDEX 324 IN QUADRATIC PROBING
97411971 INSERTED AT INDEX 194 IN DOUBLE HASHING
5184055 INSERTED AT INDEX 162 IN LINEAR PROBING
5184055 INSERTED AT INDEX 174 IN QUADRATIC PROBING
5184055 INSERTED AT INDEX 15 IN DOUBLE HASHING
39332170 INSERTED AT INDEX 462 IN LINEAR PROBING
39332170 INSERTED AT INDEX 462 IN QUADRATIC PROBING
39332170 INSERTED AT INDEX 462 IN DOUBLE HASHING
88358364 INSERTED AT INDEX 118 IN LINEAR PROBING
88358364 INSERTED AT INDEX 118 IN QUADRATIC PROBING
88358364 INSERTED AT INDEX 118 IN DOUBLE HASHING
99752981 INSERTED AT INDEX 681 IN LINEAR PROBING
99752981 INSERTED AT INDEX 681 IN QUADRATIC PROBING
99752981 INSERTED AT INDEX 162 IN DOUBLE HASHING
32924276 INSERTED AT INDEX 412 IN LINEAR PROBING
32924276 INSERTED AT INDEX 439 IN QUADRATIC PROBING
32924276 INSERTED AT INDEX 185 IN DOUBLE HASHING
93588156 INSERTED AT INDEX 450 IN LINEAR PROBING
93588156 INSERTED AT INDEX 450 IN QUADRATIC PROBING
93588156 INSERTED AT INDEX 450 IN DOUBLE HASHING
3189369 INSERTED AT INDEX 521 IN LINEAR PROBING
3189369 INSERTED AT INDEX 534 IN QUADRATIC PROBING
3189369 INSERTED AT INDEX 499 IN DOUBLE HASHING
37861942 INSERTED AT INDEX 232 IN LINEAR PROBING
37861942 INSERTED AT INDEX 235 IN QUADRATIC PROBING
37861942 INSERTED AT INDEX 574 IN DOUBLE HASHING
33169749 INSERTED AT INDEX 534 IN LINEAR PROBING
33169749 INSERTED AT INDEX 546 IN QUADRATIC PROBING
33169749 INSERTED AT INDEX 81 IN DOUBLE HASHING
287073 INSERTED AT INDEX 364 IN LINEAR PROBING
287073 INSERTED AT INDEX 364 IN QUADRATIC PROBING
287073 INSERTED AT INDEX 364 IN DOUBLE HASHING
35146687 INSERTED AT INDEX 655 IN LINEAR PROBING
35146687 INSERTED AT INDEX 650 IN QUADRATIC PROBING
35146687 INSERTED AT INDEX 650 IN DOUBLE HASHING
12370829 INSERTED AT INDEX 283 IN LINEAR PROBING
12370829 INSERTED AT INDEX 286 IN QUADRATIC PROBING
12370829 INSERTED AT INDEX 11 IN DOUBLE HASHING
20740244 INSERTED AT INDEX 459 IN LINEAR PROBING
20740244 INSERTED AT INDEX 458 IN QUADRATIC PROBING
20740244 INSERTED AT INDEX 458 IN DOUBLE HASHING
82157362 INSERTED AT INDEX 165 IN LINEAR PROBING
82157362 INSERTED AT INDEX 166 IN QUADRATIC PROBING
82157362 INSERTED AT INDEX 612 IN DOUBLE HASHING
43244934 INSERTED AT INDEX 244 IN LINEAR PROBING
43244934 INSERTED AT INDEX 244 IN QUADRATIC PROBING
43244934 INSERTED AT INDEX 244 IN DOUBLE HASHING
47346406 INSERTED AT INDEX 166 IN LINEAR PROBING
47346406 INSERTED AT INDEX 165 IN QUADRATIC PROBING
47346406 INSERTED AT INDEX 165 IN DOUBLE HASHING
91950642 INSERTED AT INDEX 472 IN LINEAR PROBING
91950642 INSERTED AT INDEX 472 IN QUADRATIC PROBING
91950642 INSERTED AT INDEX 472 IN DOUBLE HASHING
36424887 INSERTED AT INDEX 226 IN LINEAR PROBING
36424887 INSERTED AT INDEX 226 IN QUADRATIC PROBING
36424887 INSERTED AT INDEX 226 IN DOUBLE HASHING
3028206 INSERTED AT INDEX 587 IN LINEAR PROBING
3028206 INSERTED AT INDEX 591 IN QUADRATIC PROBING
3028206 INSERTED AT INDEX 587 IN DOUBLE HASHING
81182453 INSERTED AT INDEX 344 IN LINEAR PROBING
81182453 INSERTED AT INDEX 344 IN QUADRATIC PROBING
81182453 INSERTED AT INDEX 344 IN DOUBLE HASHING
4064949 INSERTED AT INDEX 555 IN LINEAR PROBING
4064949 INSERTED AT INDEX 555 IN QUADRATIC PROBING
4064949 INSERTED AT INDEX 601 IN DOUBLE HASHING
6257995 INSERTED AT INDEX 169 IN LINEAR PROBING
6257995 INSERTED AT INDEX 168 IN QUADRATIC PROBING
6257995 INSERTED AT INDEX 168 IN DOUBLE HASHING
25701596 INSERTED AT INDEX 132 IN LINEAR PROBING
25701596 INSERTED AT INDEX 132 IN QUADRATIC PROBING
25701596 INSERTED AT INDEX 132 IN DOUBLE HASHING
89855179 INSERTED AT INDEX 299 IN LINEAR PROBING
89855179 INSERTED AT INDEX 302 IN QUADRATIC PROBING
89855179 INSERTED AT INDEX 357 IN DOUBLE HASHING
27231467 INSERTED AT INDEX 421 IN LINEAR PROBING
27231467 INSERTED AT INDEX 425 IN QUADRATIC PROBING
27231467 INSERTED AT INDEX 421 IN DOUBLE HASHING
61697849 INSERTED AT INDEX 35 IN LINEAR PROBING
61697849 INSERTED AT INDEX 35 IN QUADRATIC PROBING
61697849 INSERTED AT INDEX 35 IN DOUBLE HASHING
71663575 INSERTED AT INDEX 345 IN LINEAR PROBING
71663575 INSERTED AT INDEX 349 IN QUADRATIC PROBING
71663575 INSERTED AT INDEX 345 IN DOUBLE HASHING
27563033 INSERTED AT INDEX 414 IN LINEAR PROBING
27563033 INSERTED AT INDEX 414 IN QUADRATIC PROBING
27563033 INSERTED AT INDEX 414 IN DOUBLE HASHING
45377353 FOUND AT INDEX 221 IN LINEAR PROBING
45377353 FOUND AT INDEX 221 IN QUADRATIC PROBING
45377353 FOUND AT INDEX 221 IN DOUBLE HASHING
94325015 INSERTED AT INDEX 559 IN LINEAR PROBING
94325015 INSERTED AT INDEX 558 IN QUADRATIC PROBING
94325015 INSERTED AT INDEX 558 IN DOUBLE HASHING
23386627 INSERTED AT INDEX 567 IN LINEAR PROBING
23386627 INSERTED AT INDEX 570 IN QUADRATIC PROBING
23386627 INSERTED AT INDEX 193 IN DOUBLE HASHING
95677766 INSERTED AT INDEX 380 IN LINEAR PROBING
95677766 INSERTED AT INDEX 383 IN QUADRATIC PROBING
95677766 INSERTED AT INDEX 379 IN DOUBLE HASHING
38651479 INSERTED AT INDEX 442 IN LINEAR PROBING
38651479 INSERTED AT INDEX 442 IN QUADRATIC PROBING
38651479 INSERTED AT INDEX 442 IN DOUBLE HASHING
42993809 INSERTED AT INDEX 81 IN LINEAR PROBING
42993809 INSERTED AT INDEX 77 IN QUADRATIC PROBING
42993809 INSERTED AT INDEX 77 IN DOUBLE HASHING
TOTAL NUMBER OF COLLISIONS IN LINEAR PROBING 190
TOTAL NUMBER OF COLLISIONS IN QUADRATIC PROBING 157
TOTAL NUMBER OF COLLISIONS IN DYNAMIC PROBING 158
AVERAGE NUMBER OF REHASING REQUIRED IS 0.50 IN LINEAR PROBING
AVERAGE NUMBER OF REHASING REQUIRED IS 0.41 IN QUADRATIC PROBING
AVERAGE NUMBER OF REHASING REQUIRED IS 0.42 IN DOUBLE HASHING
