94035239 INSERTED AT INDEX 375 IN LINEAR PROBING
94035239 INSERTED AT INDEX 375 IN QUADRATIC PROBING
94035239 INSERTED AT INDEX 375 IN DOUBLE HASHING
25577552 INSERTED AT INDEX 194 IN LINEAR PROBING
25577552 INSERTED AT INDEX 194 IN QUADRATIC PROBING
25577552 INSERTED AT INDEX 194 IN DOUBLE HASHING
65845002 INSERTED AT INDEX 43 IN LINEAR PROBING
65845002 INSERTED AT INDEX 43 IN QUADRATIC PROBING
65845002 INSERTED AT INDEX 43 IN DOUBLE HASHING
68423313 INSERTED AT INDEX 64 IN LINEAR PROBING
68423313 INSERTED AT INDEX 64 IN QUADRATIC PROBING
68423313 INSERTED AT INDEX 64 IN DOUBLE HASHING
77751659 INSERTED AT INDEX 289 IN LINEAR PROBING
77751659 INSERTED AT INDEX 289 IN QUADRATIC PROBING
77751659 INSERTED AT INDEX 289 IN DOUBLE HASHING
22326612 INSERTED AT INDEX 63 IN LINEAR PROBING
22326612 INSERTED AT INDEX 63 IN QUADRATIC PROBING
22326612 INSERTED AT INDEX 63 IN DOUBLE HASHING
35803268 INSERTED AT INDEX 496 IN LINEAR PROBING
35803268 INSERTED AT INDEX 496 IN QUADRATIC PROBING
35803268 INSERTED AT INDEX 496 IN DOUBLE HASHING
80428129 INSERTED AT INDEX 506 IN LINEAR PROBING
80428129 INSERTED AT INDEX 506 IN QUADRATIC PROBING
80428129 INSERTED AT INDEX 506 IN DOUBLE HASHING
14970356 INSERTED AT INDEX 47 IN LINEAR PROBING
14970356 INSERTED AT INDEX 47 IN QUADRATIC PROBING
14970356 INSERTED AT INDEX 47 IN DOUBLE HASHING
66399906 INSERTED AT INDEX 224 IN LINEAR PROBING
66399906 INSERTED AT INDEX 224 IN QUADRATIC PROBING
66399906 INSERTED AT INDEX 224 IN DOUBLE HASHING
65169830 INSERTED AT INDEX 395 IN LINEAR PROBING
65169830 INSERTED AT INDEX 395 IN QUADRATIC PROBING
65169830 INSERTED AT INDEX 395 IN DOUBLE HASHING
33706623 INSERTED AT INDEX 139 IN LINEAR PROBING
33706623 INSERTED AT INDEX 139 IN QUADRATIC PROBING
33706623 INSERTED AT INDEX 139 IN DOUBLE HASHING
20442170 INSERTED AT INDEX 357 IN LINEAR PROBING
20442170 INSERTED AT INDEX 357 IN QUADRATIC PROBING
20442170 INSERTED AT INDEX 357 IN DOUBLE HASHING
40367580 INSERTED AT INDEX 213 IN LINEAR PROBING
40367580 INSERTED AT INDEX 213 IN QUADRATIC PROBING
40367580 INSERTED AT INDEX 213 IN DOUBLE HASHING
43864806 INSERTED AT INDEX 220 IN LINEAR PROBING
43864806 INSERTED AT INDEX 220 IN QUADRATIC PROBING
43864806 INSERTED AT INDEX 220 IN DOUBLE HASHING
87259539 INSERTED AT INDEX 349 IN LINEAR PROBING
87259539 INSERTED AT INDEX 349 IN QUADRATIC PROBING
87259539 INSERTED AT INDEX 349 IN DOUBLE HASHING
11153146 INSERTED AT INDEX 389 IN LINEAR PROBING
11153146 INSERTED AT INDEX 389 IN QUADRATIC PROBING
11153146 INSERTED AT INDEX 389 IN DOUBLE HASHING
63372938 INSERTED AT INDEX 493 IN LINEAR PROBING
63372938 INSERTED AT INDEX 493 IN QUADRATIC PROBING
63372938 INSERTED AT INDEX 493 IN DOUBLE HASHING
9467250 INSERTED AT INDEX 298 IN LINEAR PROBING
9467250 INSERTED AT INDEX 298 IN QUADRATIC PROBING
9467250 INSERTED AT INDEX 298 IN DOUBLE HASHING
51378146 INSERTED AT INDEX 459 IN LINEAR PROBING
51378146 INSERTED AT INDEX 459 IN QUADRATIC PROBING
51378146 INSERTED AT INDEX 459 IN DOUBLE HASHING
45260091 INSERTED AT INDEX 584 IN LINEAR PROBING
45260091 INSERTED AT INDEX 584 IN QUADRATIC PROBING
45260091 INSERTED AT INDEX 584 IN DOUBLE HASHING
79824191 INSERTED AT INDEX 573 IN LINEAR PROBING
79824191 INSERTED AT INDEX 573 IN QUADRATIC PROBING
79824191 INSERTED AT INDEX 573 IN DOUBLE HASHING
10242803 INSERTED AT INDEX 561 IN LINEAR PROBING
10242803 INSERTED AT INDEX 561 IN QUADRATIC PROBING
10242803 INSERTED AT INDEX 561 IN DOUBLE HASHING
8953524 INSERTED AT INDEX 427 IN LINEAR PROBING
8953524 INSERTED AT INDEX 427 IN QUADRATIC PROBING
8953524 INSERTED AT INDEX 427 IN DOUBLE HASHING
2799741 INSERTED AT INDEX 283 IN LINEAR PROBING
2799741 INSERTED AT INDEX 283 IN QUADRATIC PROBING
2799741 INSERTED AT INDEX 283 IN DOUBLE HASHING
11387462 INSERTED AT INDEX 315 IN LINEAR PROBING
11387462 INSERTED AT INDEX 315 IN QUADRATIC PROBING
11387462 INSERTED AT INDEX 315 IN DOUBLE HASHING
9298370 INSERTED AT INDEX 299 IN LINEAR PROBING
9298370 INSERTED AT INDEX 299 IN QUADRATIC PROBING
9298370 INSERTED AT INDEX 299 IN DOUBLE HASHING
68537214 INSERTED AT INDEX 376 IN LINEAR PROBING
68537214 INSERTED AT INDEX 376 IN QUADRATIC PROBING
68537214 INSERTED AT INDEX 376 IN DOUBLE HASHING
45516691 INSERTED AT INDEX 557 IN LINEAR PROBING
45516691 INSERTED AT INDEX 557 IN QUADRATIC PROBING
45516691 INSERTED AT INDEX 557 IN DOUBLE HASHING
43704259 INSERTED AT INDEX 140 IN LINEAR PROBING
43704259 INSERTED AT INDEX 140 IN QUADRATIC PROBING
43704259 INSERTED AT INDEX 140 IN DOUBLE HASHING
9485424 INSERTED AT INDEX 442 IN LINEAR PROBING
9485424 INSERTED AT INDEX 442 IN QUADRATIC PROBING
9485424 INSERTED AT INDEX 442 IN DOUBLE HASHING
23626334 INSERTED AT INDEX 423 IN LINEAR PROBING
23626334 INSERTED AT INDEX 423 IN QUADRATIC PROBING
23626334 INSERTED AT INDEX 423 IN DOUBLE HASHING
93902023 INSERTED AT INDEX 581 IN LINEAR PROBING
93902023 INSERTED AT INDEX 581 IN QUADRATIC PROBING
93902023 INSERTED AT INDEX 581 IN DOUBLE HASHING
14329696 INSERTED AT INDEX 53 IN LINEAR PROBING
14329696 INSERTED AT INDEX 53 IN QUADRATIC PROBING
14329696 INSERTED AT INDEX 53 IN DOUBLE HASHING
57144719 INSERTED AT INDEX 437 IN LINEAR PROBING
57144719 INSERTED AT INDEX 437 IN QUADRATIC PROBING
57144719 INSERTED AT INDEX 437 IN DOUBLE HASHING
68537214 DELETED FROM INDEX 376 IN LINEAR PROBING
68537214 DELETED FROM INDEX 376 IN QUADRATIC PROBING
68537214 DELETED FROM INDEX 376 IN DOUBLE HASHING
34749052 INSERTED AT INDEX 434 IN LINEAR PROBING
34749052 INSERTED AT INDEX 434 IN QUADRATIC PROBING
34749052 INSERTED AT INDEX 434 IN DOUBLE HASHING
93913595 INSERTED AT INDEX 133 IN LINEAR PROBING
93913595 INSERTED AT INDEX 133 IN QUADRATIC PROBING
93913595 INSERTED AT INDEX 133 IN DOUBLE HASHING
30228520 INSERTED AT INDEX 23 IN LINEAR PROBING
30228520 INSERTED AT INDEX 23 IN QUADRATIC PROBING
30228520 INSERTED AT INDEX 23 IN DOUBLE HASHING
62841755 INSERTED AT INDEX 594 IN LINEAR PROBING
62841755 INSERTED AT INDEX 594 IN QUADRATIC PROBING
62841755 INSERTED AT INDEX 594 IN DOUBLE HASHING
25607366 INSERTED AT INDEX 559 IN LINEAR PROBING
25607366 INSERTED AT INDEX 559 IN QUADRATIC PROBING
25607366 INSERTED AT INDEX 559 IN DOUBLE HASHING
3477882 INSERTED AT INDEX 497 IN LINEAR PROBING
3477882 INSERTED AT INDEX 500 IN QUADRATIC PROBING
3477882 INSERTED AT INDEX 178 IN DOUBLE HASHING
98290578 INSERTED AT INDEX 33 IN LINEAR PROBING
98290578 INSERTED AT INDEX 33 IN QUADRATIC PROBING
98290578 INSERTED AT INDEX 33 IN DOUBLE HASHING
28258393 INSERTED AT INDEX 575 IN LINEAR PROBING
28258393 INSERTED AT INDEX 575 IN QUADRATIC PROBING
28258393 INSERTED AT INDEX 575 IN DOUBLE HASHING
35827574 INSERTED AT INDEX 161 IN LINEAR PROBING
35827574 INSERTED AT INDEX 161 IN QUADRATIC PROBING
35827574 INSERTED AT INDEX 161 IN DOUBLE HASHING
3513974 INSERTED AT INDEX 528 IN LINEAR PROBING
3513974 INSERTED AT INDEX 528 IN QUADRATIC PROBING
3513974 INSERTED AT INDEX 528 IN DOUBLE HASHING
19903910 INSERTED AT INDEX 593 IN LINEAR PROBING
19903910 INSERTED AT INDEX 593 IN QUADRATIC PROBING
19903910 INSERTED AT INDEX 593 IN DOUBLE HASHING
87298097 INSERTED AT INDEX 443 IN LINEAR PROBING
87298097 INSERTED AT INDEX 443 IN QUADRATIC PROBING
87298097 INSERTED AT INDEX 443 IN DOUBLE HASHING
24860063 INSERTED AT INDEX 300 IN LINEAR PROBING
24860063 INSERTED AT INDEX 303 IN QUADRATIC PROBING
24860063 INSERTED AT INDEX 563 IN DOUBLE HASHING
91713902 INSERTED AT INDEX 100 IN LINEAR PROBING
91713902 INSERTED AT INDEX 100 IN QUADRATIC PROBING
91713902 INSERTED AT INDEX 100 IN DOUBLE HASHING
76158815 INSERTED AT INDEX 95 IN LINEAR PROBING
76158815 INSERTED AT INDEX 95 IN QUADRATIC PROBING
76158815 INSERTED AT INDEX 95 IN DOUBLE HASHING
56111338 INSERTED AT INDEX 175 IN LINEAR PROBING
56111338 INSERTED AT INDEX 175 IN QUADRATIC PROBING
56111338 INSERTED AT INDEX 175 IN DOUBLE HASHING
94231133 INSERTED AT INDEX 343 IN LINEAR PROBING
94231133 INSERTED AT INDEX 343 IN QUADRATIC PROBING
94231133 INSERTED AT INDEX 343 IN DOUBLE HASHING
50815088 INSERTED AT INDEX 538 IN LINEAR PROBING
50815088 INSERTED AT INDEX 538 IN QUADRATIC PROBING
50815088 INSERTED AT INDEX 538 IN DOUBLE HASHING
36646993 INSERTED AT INDEX 417 IN LINEAR PROBING
36646993 INSERTED AT INDEX 417 IN QUADRATIC PROBING
36646993 INSERTED AT INDEX 417 IN DOUBLE HASHING
95997597 INSERTED AT INDEX 468 IN LINEAR PROBING
95997597 INSERTED AT INDEX 468 IN QUADRATIC PROBING
95997597 INSERTED AT INDEX 468 IN DOUBLE HASHING
77344058 INSERTED AT INDEX 166 IN LINEAR PROBING
77344058 INSERTED AT INDEX 166 IN QUADRATIC PROBING
77344058 INSERTED AT INDEX 166 IN DOUBLE HASHING
91529087 INSERTED AT INDEX 393 IN LINEAR PROBING
91529087 INSERTED AT INDEX 393 IN QUADRATIC PROBING
91529087 INSERTED AT INDEX 393 IN DOUBLE HASHING
24730971 INSERTED AT INDEX 422 IN LINEAR PROBING
24730971 INSERTED AT INDEX 422 IN QUADRATIC PROBING
24730971 INSERTED AT INDEX 422 IN DOUBLE HASHING
46892360 INSERTED AT INDEX 537 IN LINEAR PROBING
46892360 INSERTED AT INDEX 537 IN QUADRATIC PROBING
46892360 INSERTED AT INDEX 537 IN DOUBLE HASHING
26275263 INSERTED AT INDEX 144 IN LINEAR PROBING
26275263 INSERTED AT INDEX 144 IN QUADRATIC PROBING
26275263 INSERTED AT INDEX 144 IN DOUBLE HASHING
20064287 INSERTED AT INDEX 503 IN LINEAR PROBING
20064287 INSERTED AT INDEX 503 IN QUADRATIC PROBING
20064287 INSERTED AT INDEX 503 IN DOUBLE HASHING
14064054 INSERTED AT INDEX 54 IN LINEAR PROBING
14064054 INSERTED AT INDEX 57 IN QUADRATIC PROBING
14064054 INSERTED AT INDEX 108 IN DOUBLE HASHING
44737869 INSERTED AT INDEX 30 IN LINEAR PROBING
44737869 INSERTED AT INDEX 30 IN QUADRATIC PROBING
44737869 INSERTED AT INDEX 30 IN DOUBLE HASHING
38050597 INSERTED AT INDEX 85 IN LINEAR PROBING
38050597 INSERTED AT INDEX 85 IN QUADRATIC PROBING
38050597 INSERTED AT INDEX 85 IN DOUBLE HASHING
25678116 INSERTED AT INDEX 391 IN LINEAR PROBING
25678116 INSERTED AT INDEX 391 IN QUADRATIC PROBING
25678116 INSERTED AT INDEX 391 IN DOUBLE HASHING
42500614 INSERTED AT INDEX 301 IN LINEAR PROBING
42500614 INSERTED AT INDEX 302 IN QUADRATIC PROBING
42500614 INSERTED AT INDEX 513 IN DOUBLE HASHING
22231381 INSERTED AT INDEX 392 IN LINEAR PROBING
22231381 INSERTED AT INDEX 405 IN QUADRATIC PROBING
22231381 INSERTED AT INDEX 154 IN DOUBLE HASHING
72539734 INSERTED AT INDEX 236 IN LINEAR PROBING
72539734 INSERTED AT INDEX 236 IN QUADRATIC PROBING
72539734 INSERTED AT INDEX 236 IN DOUBLE HASHING
66807405 INSERTED AT INDEX 245 IN LINEAR PROBING
66807405 INSERTED AT INDEX 245 IN QUADRATIC PROBING
66807405 INSERTED AT INDEX 245 IN DOUBLE HASHING
64695152 INSERTED AT INDEX 507 IN LINEAR PROBING
64695152 INSERTED AT INDEX 507 IN QUADRATIC PROBING
64695152 INSERTED AT INDEX 507 IN DOUBLE HASHING
35347615 INSERTED AT INDEX 401 IN LINEAR PROBING
35347615 INSERTED AT INDEX 401 IN QUADRATIC PROBING
35347615 INSERTED AT INDEX 401 IN DOUBLE HASHING
65678985 INSERTED AT INDEX 504 IN LINEAR PROBING
65678985 INSERTED AT INDEX 517 IN QUADRATIC PROBING
65678985 INSERTED AT INDEX 488 IN DOUBLE HASHING
4628942 INSERTED AT INDEX 40 IN LINEAR PROBING
4628942 INSERTED AT INDEX 40 IN QUADRATIC PROBING
4628942 INSERTED AT INDEX 40 IN DOUBLE HASHING
26606531 INSERTED AT INDEX 261 IN LINEAR PROBING
26606531 INSERTED AT INDEX 261 IN QUADRATIC PROBING
26606531 INSERTED AT INDEX 261 IN DOUBLE HASHING
93333001 INSERTED AT INDEX 105 IN LINEAR PROBING
93333001 INSERTED AT INDEX 105 IN QUADRATIC PROBING
93333001 INSERTED AT INDEX 105 IN DOUBLE HASHING
6190517 INSERTED AT INDEX 217 IN LINEAR PROBING
6190517 INSERTED AT INDEX 217 IN QUADRATIC PROBING
6190517 INSERTED AT INDEX 217 IN DOUBLE HASHING
93420193 INSERTED AT INDEX 152 IN LINEAR PROBING
93420193 INSERTED AT INDEX 152 IN QUADRATIC PROBING
93420193 INSERTED AT INDEX 152 IN DOUBLE HASHING
9675259 INSERTED AT INDEX 361 IN LINEAR PROBING
9675259 INSERTED AT INDEX 361 IN QUADRATIC PROBING
9675259 INSERTED AT INDEX 361 IN DOUBLE HASHING
42633998 INSERTED AT INDEX 260 IN LINEAR PROBING
42633998 INSERTED AT INDEX 260 IN QUADRATIC PROBING
42633998 INSERTED AT INDEX 260 IN DOUBLE HASHING
87446695 INSERTED AT INDEX 595 IN LINEAR PROBING
87446695 INSERTED AT INDEX 598 IN QUADRATIC PROBING
87446695 INSERTED AT INDEX 585 IN DOUBLE HASHING
93123088 INSERTED AT INDEX 542 IN LINEAR PROBING
93123088 INSERTED AT INDEX 542 IN QUADRATIC PROBING
93123088 INSERTED AT INDEX 542 IN DOUBLE HASHING
79377636 INSERTED AT INDEX 562 IN LINEAR PROBING
79377636 INSERTED AT INDEX 565 IN QUADRATIC PROBING
79377636 INSERTED AT INDEX 598 IN DOUBLE HASHING
13518234 INSERTED AT INDEX 543 IN LINEAR PROBING
13518234 INSERTED AT INDEX 546 IN QUADRATIC PROBING
13518234 INSERTED AT INDEX 176 IN DOUBLE HASHING
58890626 INSERTED AT INDEX 439 IN LINEAR PROBING
58890626 INSERTED AT INDEX 439 IN QUADRATIC PROBING
58890626 INSERTED AT INDEX 439 IN DOUBLE HASHING
43864806 FOUND AT INDEX 220 IN LINEAR PROBING
43864806 FOUND AT INDEX 220 IN QUADRATIC PROBING
43864806 FOUND AT INDEX 220 IN DOUBLE HASHING
52814872 INSERTED AT INDEX 195 IN LINEAR PROBING
52814872 INSERTED AT INDEX 198 IN QUADRATIC PROBING
52814872 INSERTED AT INDEX 66 IN DOUBLE HASHING
97142932 INSERTED AT INDEX 297 IN LINEAR PROBING
97142932 INSERTED AT INDEX 297 IN QUADRATIC PROBING
97142932 INSERTED AT INDEX 297 IN DOUBLE HASHING
68115229 INSERTED AT INDEX 293 IN LINEAR PROBING
68115229 INSERTED AT INDEX 293 IN QUADRATIC PROBING
68115229 INSERTED AT INDEX 293 IN DOUBLE HASHING
57621 INSERTED AT INDEX 526 IN LINEAR PROBING
57621 INSERTED AT INDEX 526 IN QUADRATIC PROBING
57621 INSERTED AT INDEX 526 IN DOUBLE HASHING
23546161 INSERTED AT INDEX 183 IN LINEAR PROBING
23546161 INSERTED AT INDEX 183 IN QUADRATIC PROBING
23546161 INSERTED AT INDEX 183 IN DOUBLE HASHING
92830202 INSERTED AT INDEX 344 IN LINEAR PROBING
92830202 INSERTED AT INDEX 347 IN QUADRATIC PROBING
92830202 INSERTED AT INDEX 346 IN DOUBLE HASHING
85525599 INSERTED AT INDEX 294 IN LINEAR PROBING
85525599 INSERTED AT INDEX 294 IN QUADRATIC PROBING
85525599 INSERTED AT INDEX 294 IN DOUBLE HASHING
44541419 INSERTED AT INDEX 107 IN LINEAR PROBING
44541419 INSERTED AT INDEX 107 IN QUADRATIC PROBING
44541419 INSERTED AT INDEX 107 IN DOUBLE HASHING
93599840 INSERTED AT INDEX 101 IN LINEAR PROBING
93599840 INSERTED AT INDEX 104 IN QUADRATIC PROBING
93599840 INSERTED AT INDEX 541 IN DOUBLE HASHING
13685759 INSERTED AT INDEX 388 IN LINEAR PROBING
13685759 INSERTED AT INDEX 388 IN QUADRATIC PROBING
13685759 INSERTED AT INDEX 388 IN DOUBLE HASHING
80645955 INSERTED AT INDEX 169 IN LINEAR PROBING
80645955 INSERTED AT INDEX 169 IN QUADRATIC PROBING
80645955 INSERTED AT INDEX 169 IN DOUBLE HASHING
96789315 INSERTED AT INDEX 68 IN LINEAR PROBING
96789315 INSERTED AT INDEX 68 IN QUADRATIC PROBING
96789315 INSERTED AT INDEX 68 IN DOUBLE HASHING
83526566 INSERTED AT INDEX 187 IN LINEAR PROBING
83526566 INSERTED AT INDEX 187 IN QUADRATIC PROBING
83526566 INSERTED AT INDEX 187 IN DOUBLE HASHING
90069573 INSERTED AT INDEX 108 IN LINEAR PROBING
90069573 INSERTED AT INDEX 111 IN QUADRATIC PROBING
90069573 INSERTED AT INDEX 80 IN DOUBLE HASHING
43832031 INSERTED AT INDEX 500 IN LINEAR PROBING
43832031 INSERTED AT INDEX 504 IN QUADRATIC PROBING
43832031 INSERTED AT INDEX 500 IN DOUBLE HASHING
79433567 INSERTED AT INDEX 599 IN LINEAR PROBING
79433567 INSERTED AT INDEX 599 IN QUADRATIC PROBING
79433567 INSERTED AT INDEX 599 IN DOUBLE HASHING
68059493 INSERTED AT INDEX 450 IN LINEAR PROBING
68059493 INSERTED AT INDEX 450 IN QUADRATIC PROBING
68059493 INSERTED AT INDEX 450 IN DOUBLE HASHING
41884501 INSERTED AT INDEX 210 IN LINEAR PROBING
41884501 INSERTED AT INDEX 210 IN QUADRATIC PROBING
41884501 INSERTED AT INDEX 210 IN DOUBLE HASHING
3028230 INSERTED AT INDEX 394 IN LINEAR PROBING
3028230 INSERTED AT INDEX 392 IN QUADRATIC PROBING
3028230 INSERTED AT INDEX 392 IN DOUBLE HASHING
47603518 INSERTED AT INDEX 111 IN LINEAR PROBING
47603518 INSERTED AT INDEX 115 IN QUADRATIC PROBING
47603518 INSERTED AT INDEX 111 IN DOUBLE HASHING
51966940 INSERTED AT INDEX 273 IN LINEAR PROBING
51966940 INSERTED AT INDEX 273 IN QUADRATIC PROBING
51966940 INSERTED AT INDEX 273 IN DOUBLE HASHING
22205498 INSERTED AT INDEX 351 IN LINEAR PROBING
22205498 INSERTED AT INDEX 351 IN QUADRATIC PROBING
22205498 INSERTED AT INDEX 351 IN DOUBLE HASHING
25510541 INSERTED AT INDEX 495 IN LINEAR PROBING
25510541 INSERTED AT INDEX 495 IN QUADRATIC PROBING
25510541 INSERTED AT INDEX 495 IN DOUBLE HASHING
24661878 INSERTED AT INDEX 444 IN LINEAR PROBING
24661878 INSERTED AT INDEX 444 IN QUADRATIC PROBING
24661878 INSERTED AT INDEX 444 IN DOUBLE HASHING
86671464 INSERTED AT INDEX 52 IN LINEAR PROBING
86671464 INSERTED AT INDEX 52 IN QUADRATIC PROBING
86671464 INSERTED AT INDEX 52 IN DOUBLE HASHING
2800030 INSERTED AT INDEX 572 IN LINEAR PROBING
2800030 INSERTED AT INDEX 572 IN QUADRATIC PROBING
2800030 INSERTED AT INDEX 572 IN DOUBLE HASHING
68623801 INSERTED AT INDEX 419 IN LINEAR PROBING
68623801 INSERTED AT INDEX 419 IN QUADRATIC PROBING
68623801 INSERTED AT INDEX 419 IN DOUBLE HASHING
77458911 INSERTED AT INDEX 228 IN LINEAR PROBING
77458911 INSERTED AT INDEX 228 IN QUADRATIC PROBING
77458911 INSERTED AT INDEX 228 IN DOUBLE HASHING
22488434 INSERTED AT INDEX 216 IN LINEAR PROBING
22488434 INSERTED AT INDEX 216 IN QUADRATIC PROBING
22488434 INSERTED AT INDEX 216 IN DOUBLE HASHING
62506550 INSERTED AT INDEX 146 IN LINEAR PROBING
62506550 INSERTED AT INDEX 146 IN QUADRATIC PROBING
62506550 INSERTED AT INDEX 146 IN DOUBLE HASHING
18364910 INSERTED AT INDEX 153 IN LINEAR PROBING
18364910 INSERTED AT INDEX 153 IN QUADRATIC PROBING
18364910 INSERTED AT INDEX 153 IN DOUBLE HASHING
69113514 INSERTED AT INDEX 317 IN LINEAR PROBING
69113514 INSERTED AT INDEX 317 IN QUADRATIC PROBING
69113514 INSERTED AT INDEX 317 IN DOUBLE HASHING
60246225 INSERTED AT INDEX 182 IN LINEAR PROBING
60246225 INSERTED AT INDEX 182 IN QUADRATIC PROBING
60246225 INSERTED AT INDEX 182 IN DOUBLE HASHING
75456479 INSERTED AT INDEX 328 IN LINEAR PROBING
75456479 INSERTED AT INDEX 328 IN QUADRATIC PROBING
75456479 INSERTED AT INDEX 328 IN DOUBLE HASHING
49789408 INSERTED AT INDEX 164 IN LINEAR PROBING
49789408 INSERTED AT INDEX 164 IN QUADRATIC PROBING
49789408 INSERTED AT INDEX 164 IN DOUBLE HASHING
31062165 INSERTED AT INDEX 81 IN LINEAR PROBING
31062165 INSERTED AT INDEX 81 IN QUADRATIC PROBING
31062165 INSERTED AT INDEX 81 IN DOUBLE HASHING
63661098 INSERTED AT INDEX 173 IN LINEAR PROBING
63661098 INSERTED AT INDEX 173 IN QUADRATIC PROBING
63661098 INSERTED AT INDEX 173 IN DOUBLE HASHING
85701371 INSERTED AT INDEX 574 IN LINEAR PROBING
85701371 INSERTED AT INDEX 574 IN QUADRATIC PROBING
85701371 INSERTED AT INDEX 574 IN DOUBLE HASHING
90414093 INSERTED AT INDEX 254 IN LINEAR PROBING
90414093 INSERTED AT INDEX 254 IN QUADRATIC PROBING
90414093 INSERTED AT INDEX 254 IN DOUBLE HASHING
15415574 INSERTED AT INDEX 525 IN LINEAR PROBING
15415574 INSERTED AT INDEX 525 IN QUADRATIC PROBING
15415574 INSERTED AT INDEX 525 IN DOUBLE HASHING
68251744 INSERTED AT INDEX 381 IN LINEAR PROBING
68251744 INSERTED AT INDEX 381 IN QUADRATIC PROBING
68251744 INSERTED AT INDEX 381 IN DOUBLE HASHING
63514465 INSERTED AT INDEX 184 IN LINEAR PROBING
63514465 INSERTED AT INDEX 184 IN QUADRATIC PROBING
63514465 INSERTED AT INDEX 184 IN DOUBLE HASHING
95919320 INSERTED AT INDEX 321 IN LINEAR PROBING
95919320 INSERTED AT INDEX 321 IN QUADRATIC PROBING
95919320 INSERTED AT INDEX 321 IN DOUBLE HASHING
79773568 INSERTED AT INDEX 435 IN LINEAR PROBING
79773568 INSERTED AT INDEX 438 IN QUADRATIC PROBING
79773568 INSERTED AT INDEX 402 IN DOUBLE HASHING
50716111 INSERTED AT INDEX 125 IN LINEAR PROBING
50716111 INSERTED AT INDEX 125 IN QUADRATIC PROBING
50716111 INSERTED AT INDEX 125 IN DOUBLE HASHING
13175001 INSERTED AT INDEX 480 IN LINEAR PROBING
13175001 INSERTED AT INDEX 480 IN QUADRATIC PROBING
13175001 INSERTED AT INDEX 480 IN DOUBLE HASHING
90433234 INSERTED AT INDEX 163 IN LINEAR PROBING
90433234 INSERTED AT INDEX 163 IN QUADRATIC PROBING
90433234 INSERTED AT INDEX 163 IN DOUBLE HASHING
40277174 INSERTED AT INDEX 558 IN LINEAR PROBING
40277174 INSERTED AT INDEX 558 IN QUADRATIC PROBING
40277174 INSERTED AT INDEX 558 IN DOUBLE HASHING
60505987 INSERTED AT INDEX 312 IN LINEAR PROBING
60505987 INSERTED AT INDEX 312 IN QUADRATIC PROBING
60505987 INSERTED AT INDEX 312 IN DOUBLE HASHING
35142142 INSERTED AT INDEX 470 IN LINEAR PROBING
35142142 INSERTED AT INDEX 470 IN QUADRATIC PROBING
35142142 INSERTED AT INDEX 470 IN DOUBLE HASHING
55562766 INSERTED AT INDEX 316 IN LINEAR PROBING
55562766 INSERTED AT INDEX 316 IN QUADRATIC PROBING
55562766 INSERTED AT INDEX 316 IN DOUBLE HASHING
81807768 INSERTED AT INDEX 249 IN LINEAR PROBING
81807768 INSERTED AT INDEX 249 IN QUADRATIC PROBING
81807768 INSERTED AT INDEX 249 IN DOUBLE HASHING
43221002 INSERTED AT INDEX 87 IN LINEAR PROBING
43221002 INSERTED AT INDEX 87 IN QUADRATIC PROBING
43221002 INSERTED AT INDEX 87 IN DOUBLE HASHING
50716111 DELETED FROM INDEX 125 IN LINEAR PROBING
50716111 DELETED FROM INDEX 125 IN QUADRATIC PROBING
50716111 DELETED FROM INDEX 125 IN DOUBLE HASHING
19871152 INSERTED AT INDEX 290 IN LINEAR PROBING
19871152 INSERTED AT INDEX 319 IN QUADRATIC PROBING
19871152 INSERTED AT INDEX 41 IN DOUBLE HASHING
11432061 INSERTED AT INDEX 440 IN LINEAR PROBING
11432061 INSERTED AT INDEX 440 IN QUADRATIC PROBING
11432061 INSERTED AT INDEX 440 IN DOUBLE HASHING
22625275 INSERTED AT INDEX 29 IN LINEAR PROBING
22625275 INSERTED AT INDEX 29 IN QUADRATIC PROBING
22625275 INSERTED AT INDEX 29 IN DOUBLE HASHING
59438022 INSERTED AT INDEX 324 IN LINEAR PROBING
59438022 INSERTED AT INDEX 324 IN QUADRATIC PROBING
59438022 INSERTED AT INDEX 324 IN DOUBLE HASHING
77498723 INSERTED AT INDEX 374 IN LINEAR PROBING
77498723 INSERTED AT INDEX 374 IN QUADRATIC PROBING
77498723 INSERTED AT INDEX 374 IN DOUBLE HASHING
77027340 INSERTED AT INDEX 176 IN LINEAR PROBING
77027340 INSERTED AT INDEX 179 IN QUADRATIC PROBING
77027340 INSERTED AT INDEX 115 IN DOUBLE HASHING
7678587 INSERTED AT INDEX 211 IN LINEAR PROBING
7678587 INSERTED AT INDEX 211 IN QUADRATIC PROBING
7678587 INSERTED AT INDEX 211 IN DOUBLE HASHING
82083403 INSERTED AT INDEX 25 IN LINEAR PROBING
82083403 INSERTED AT INDEX 25 IN QUADRATIC PROBING
82083403 INSERTED AT INDEX 25 IN DOUBLE HASHING
59130372 INSERTED AT INDEX 386 IN LINEAR PROBING
59130372 INSERTED AT INDEX 386 IN QUADRATIC PROBING
59130372 INSERTED AT INDEX 386 IN DOUBLE HASHING
53851667 INSERTED AT INDEX 264 IN LINEAR PROBING
53851667 INSERTED AT INDEX 264 IN QUADRATIC PROBING
53851667 INSERTED AT INDEX 264 IN DOUBLE HASHING
37684806 INSERTED AT INDEX 303 IN LINEAR PROBING
37684806 INSERTED AT INDEX 307 IN QUADRATIC PROBING
37684806 INSERTED AT INDEX 303 IN DOUBLE HASHING
13141782 INSERTED AT INDEX 318 IN LINEAR PROBING
13141782 INSERTED AT INDEX 320 IN QUADRATIC PROBING
13141782 INSERTED AT INDEX 280 IN DOUBLE HASHING
62638456 INSERTED AT INDEX 433 IN LINEAR PROBING
62638456 INSERTED AT INDEX 433 IN QUADRATIC PROBING
62638456 INSERTED AT INDEX 433 IN DOUBLE HASHING
8070692 INSERTED AT INDEX 464 IN LINEAR PROBING
8070692 INSERTED AT INDEX 464 IN QUADRATIC PROBING
8070692 INSERTED AT INDEX 464 IN DOUBLE HASHING
9044084 INSERTED AT INDEX 237 IN LINEAR PROBING
9044084 INSERTED AT INDEX 240 IN QUADRATIC PROBING
9044084 INSERTED AT INDEX 521 IN DOUBLE HASHING
23075418 INSERTED AT INDEX 24 IN LINEAR PROBING
23075418 INSERTED AT INDEX 27 IN QUADRATIC PROBING
23075418 INSERTED AT INDEX 42 IN DOUBLE HASHING
10623154 INSERTED AT INDEX 479 IN LINEAR PROBING
10623154 INSERTED AT INDEX 479 IN QUADRATIC PROBING
10623154 INSERTED AT INDEX 479 IN DOUBLE HASHING
47086560 INSERTED AT INDEX 13 IN LINEAR PROBING
47086560 INSERTED AT INDEX 13 IN QUADRATIC PROBING
47086560 INSERTED AT INDEX 13 IN DOUBLE HASHING
6456056 INSERTED AT INDEX 114 IN LINEAR PROBING
6456056 INSERTED AT INDEX 114 IN QUADRATIC PROBING
6456056 INSERTED AT INDEX 114 IN DOUBLE HASHING
97201191 INSERTED AT INDEX 259 IN LINEAR PROBING
97201191 INSERTED AT INDEX 259 IN QUADRATIC PROBING
97201191 INSERTED AT INDEX 259 IN DOUBLE HASHING
89879941 INSERTED AT INDEX 396 IN LINEAR PROBING
89879941 INSERTED AT INDEX 421 IN QUADRATIC PROBING
89879941 INSERTED AT INDEX 332 IN DOUBLE HASHING
27318235 INSERTED AT INDEX 382 IN LINEAR PROBING
27318235 INSERTED AT INDEX 385 IN QUADRATIC PROBING
27318235 INSERTED AT INDEX 16 IN DOUBLE HASHING
97280629 INSERTED AT INDEX 365 IN LINEAR PROBING
97280629 INSERTED AT INDEX 365 IN QUADRATIC PROBING
97280629 INSERTED AT INDEX 365 IN DOUBLE HASHING
63256720 INSERTED AT INDEX 268 IN LINEAR PROBING
63256720 INSERTED AT INDEX 268 IN QUADRATIC PROBING
63256720 INSERTED AT INDEX 268 IN DOUBLE HASHING
45135996 INSERTED AT INDEX 295 IN LINEAR PROBING
45135996 INSERTED AT INDEX 295 IN QUADRATIC PROBING
45135996 INSERTED AT INDEX 295 IN DOUBLE HASHING
22488434 DELETED FROM INDEX 216 IN LINEAR PROBING
22488434 DELETED FROM INDEX 216 IN QUADRATIC PROBING
22488434 DELETED FROM INDEX 216 IN DOUBLE HASHING
10402514 INSERTED AT INDEX 406 IN LINEAR PROBING
10402514 INSERTED AT INDEX 406 IN QUADRATIC PROBING
10402514 INSERTED AT INDEX 406 IN DOUBLE HASHING
78238278 INSERTED AT INDEX 98 IN LINEAR PROBING
78238278 INSERTED AT INDEX 98 IN QUADRATIC PROBING
78238278 INSERTED AT INDEX 98 IN DOUBLE HASHING
91604531 INSERTED AT INDEX 112 IN LINEAR PROBING
91604531 INSERTED AT INDEX 125 IN QUADRATIC PROBING
91604531 INSERTED AT INDEX 243 IN DOUBLE HASHING
17839035 INSERTED AT INDEX 154 IN LINEAR PROBING
17839035 INSERTED AT INDEX 157 IN QUADRATIC PROBING
17839035 INSERTED AT INDEX 589 IN DOUBLE HASHING
42330745 INSERTED AT INDEX 512 IN LINEAR PROBING
42330745 INSERTED AT INDEX 512 IN QUADRATIC PROBING
42330745 INSERTED AT INDEX 512 IN DOUBLE HASHING
82415996 INSERTED AT INDEX 265 IN LINEAR PROBING
82415996 INSERTED AT INDEX 265 IN QUADRATIC PROBING
82415996 INSERTED AT INDEX 265 IN DOUBLE HASHING
95240779 INSERTED AT INDEX 309 IN LINEAR PROBING
95240779 INSERTED AT INDEX 309 IN QUADRATIC PROBING
95240779 INSERTED AT INDEX 309 IN DOUBLE HASHING
94593396 INSERTED AT INDEX 203 IN LINEAR PROBING
94593396 INSERTED AT INDEX 203 IN QUADRATIC PROBING
94593396 INSERTED AT INDEX 203 IN DOUBLE HASHING
94326478 INSERTED AT INDEX 129 IN LINEAR PROBING
94326478 INSERTED AT INDEX 129 IN QUADRATIC PROBING
94326478 INSERTED AT INDEX 129 IN DOUBLE HASHING
69659856 INSERTED AT INDEX 350 IN LINEAR PROBING
69659856 INSERTED AT INDEX 350 IN QUADRATIC PROBING
69659856 INSERTED AT INDEX 350 IN DOUBLE HASHING
24412653 INSERTED AT INDEX 34 IN LINEAR PROBING
24412653 INSERTED AT INDEX 37 IN QUADRATIC PROBING
24412653 INSERTED AT INDEX 487 IN DOUBLE HASHING
16998370 INSERTED AT INDEX 287 IN LINEAR PROBING
16998370 INSERTED AT INDEX 287 IN QUADRATIC PROBING
16998370 INSERTED AT INDEX 287 IN DOUBLE HASHING
11937287 INSERTED AT INDEX 225 IN LINEAR PROBING
11937287 INSERTED AT INDEX 225 IN QUADRATIC PROBING
11937287 INSERTED AT INDEX 225 IN DOUBLE HASHING
63350476 INSERTED AT INDEX 269 IN LINEAR PROBING
63350476 INSERTED AT INDEX 272 IN QUADRATIC PROBING
63350476 INSERTED AT INDEX 345 IN DOUBLE HASHING
21367680 INSERTED AT INDEX 327 IN LINEAR PROBING
21367680 INSERTED AT INDEX 327 IN QUADRATIC PROBING
21367680 INSERTED AT INDEX 327 IN DOUBLE HASHING
23410525 INSERTED AT INDEX 373 IN LINEAR PROBING
23410525 INSERTED AT INDEX 373 IN QUADRATIC PROBING
23410525 INSERTED AT INDEX 373 IN DOUBLE HASHING
24730971 DELETED FROM INDEX 422 IN LINEAR PROBING
24730971 DELETED FROM INDEX 422 IN QUADRATIC PROBING
24730971 DELETED FROM INDEX 422 IN DOUBLE HASHING
89921305 INSERTED AT INDEX 286 IN LINEAR PROBING
89921305 INSERTED AT INDEX 286 IN QUADRATIC PROBING
89921305 INSERTED AT INDEX 286 IN DOUBLE HASHING
22001074 INSERTED AT INDEX 267 IN LINEAR PROBING
22001074 INSERTED AT INDEX 267 IN QUADRATIC PROBING
22001074 INSERTED AT INDEX 267 IN DOUBLE HASHING
22969640 INSERTED AT INDEX 21 IN LINEAR PROBING
22969640 INSERTED AT INDEX 21 IN QUADRATIC PROBING
22969640 INSERTED AT INDEX 21 IN DOUBLE HASHING
81653975 INSERTED AT INDEX 313 IN LINEAR PROBING
81653975 INSERTED AT INDEX 326 IN QUADRATIC PROBING
81653975 INSERTED AT INDEX 262 IN DOUBLE HASHING
90433234 FOUND AT INDEX 163 IN LINEAR PROBING
90433234 FOUND AT INDEX 163 IN QUADRATIC PROBING
90433234 FOUND AT INDEX 163 IN DOUBLE HASHING
94585153 INSERTED AT INDEX 376 IN LINEAR PROBING
94585153 INSERTED AT INDEX 378 IN QUADRATIC PROBING
94585153 INSERTED AT INDEX 233 IN DOUBLE HASHING
24165178 INSERTED AT INDEX 170 IN LINEAR PROBING
24165178 INSERTED AT INDEX 170 IN QUADRATIC PROBING
24165178 INSERTED AT INDEX 170 IN DOUBLE HASHING
88547911 INSERTED AT INDEX 177 IN LINEAR PROBING
88547911 INSERTED AT INDEX 177 IN QUADRATIC PROBING
88547911 INSERTED AT INDEX 177 IN DOUBLE HASHING
71116696 INSERTED AT INDEX 366 IN LINEAR PROBING
71116696 INSERTED AT INDEX 366 IN QUADRATIC PROBING
71116696 INSERTED AT INDEX 366 IN DOUBLE HASHING
97994657 INSERTED AT INDEX 405 IN LINEAR PROBING
97994657 INSERTED AT INDEX 409 IN QUADRATIC PROBING
97994657 INSERTED AT INDEX 405 IN DOUBLE HASHING
93580867 INSERTED AT INDEX 359 IN LINEAR PROBING
93580867 INSERTED AT INDEX 359 IN QUADRATIC PROBING
93580867 INSERTED AT INDEX 359 IN DOUBLE HASHING
91029774 INSERTED AT INDEX 511 IN LINEAR PROBING
91029774 INSERTED AT INDEX 511 IN QUADRATIC PROBING
91029774 INSERTED AT INDEX 511 IN DOUBLE HASHING
12421195 INSERTED AT INDEX 329 IN LINEAR PROBING
12421195 INSERTED AT INDEX 332 IN QUADRATIC PROBING
12421195 INSERTED AT INDEX 323 IN DOUBLE HASHING
TOTAL NUMBER OF COLLISIONS IN LINEAR PROBING 38
TOTAL NUMBER OF COLLISIONS IN QUADRATIC PROBING 40
TOTAL NUMBER OF COLLISIONS IN DYNAMIC PROBING 34
AVERAGE NUMBER OF REHASING REQUIRED IS 0.20 IN LINEAR PROBING
AVERAGE NUMBER OF REHASING REQUIRED IS 0.21 IN QUADRATIC PROBING
AVERAGE NUMBER OF REHASING REQUIRED IS 0.18 IN DOUBLE HASHING
