47910048 INSERTED AT INDEX 131 IN LINEAR PROBING
47910048 INSERTED AT INDEX 131 IN QUADRATIC PROBING
47910048 INSERTED AT INDEX 131 IN DOUBLE HASHING
79263336 INSERTED AT INDEX 451 IN LINEAR PROBING
79263336 INSERTED AT INDEX 451 IN QUADRATIC PROBING
79263336 INSERTED AT INDEX 451 IN DOUBLE HASHING
51245624 INSERTED AT INDEX 157 IN LINEAR PROBING
51245624 INSERTED AT INDEX 157 IN QUADRATIC PROBING
51245624 INSERTED AT INDEX 157 IN DOUBLE HASHING
23605637 INSERTED AT INDEX 160 IN LINEAR PROBING
23605637 INSERTED AT INDEX 160 IN QUADRATIC PROBING
23605637 INSERTED AT INDEX 160 IN DOUBLE HASHING
79263336 FOUND AT INDEX 451 IN LINEAR PROBING
79263336 FOUND AT INDEX 451 IN QUADRATIC PROBING
79263336 FOUND AT INDEX 451 IN DOUBLE HASHING
6926477 INSERTED AT INDEX 553 IN LINEAR PROBING
6926477 INSERTED AT INDEX 553 IN QUADRATIC PROBING
6926477 INSERTED AT INDEX 553 IN DOUBLE HASHING
23225272 INSERTED AT INDEX 228 IN LINEAR PROBING
23225272 INSERTED AT INDEX 228 IN QUADRATIC PROBING
23225272 INSERTED AT INDEX 228 IN DOUBLE HASHING
4233542 INSERTED AT INDEX 98 IN LINEAR PROBING
4233542 INSERTED AT INDEX 98 IN QUADRATIC PROBING
4233542 INSERTED AT INDEX 98 IN DOUBLE HASHING
73868776 INSERTED AT INDEX 467 IN LINEAR PROBING
73868776 INSERTED AT INDEX 467 IN QUADRATIC PROBING
73868776 INSERTED AT INDEX 467 IN DOUBLE HASHING
61589009 INSERTED AT INDEX 332 IN LINEAR PROBING
61589009 INSERTED AT INDEX 332 IN QUADRATIC PROBING
61589009 INSERTED AT INDEX 332 IN DOUBLE HASHING
32892935 INSERTED AT INDEX 205 IN LINEAR PROBING
32892935 INSERTED AT INDEX 205 IN QUADRATIC PROBING
32892935 INSERTED AT INDEX 205 IN DOUBLE HASHING
11580982 INSERTED AT INDEX 313 IN LINEAR PROBING
11580982 INSERTED AT INDEX 313 IN QUADRATIC PROBING
11580982 INSERTED AT INDEX 313 IN DOUBLE HASHING
36844665 INSERTED AT INDEX 360 IN LINEAR PROBING
36844665 INSERTED AT INDEX 360 IN QUADRATIC PROBING
36844665 INSERTED AT INDEX 360 IN DOUBLE HASHING
81750945 INSERTED AT INDEX 521 IN LINEAR PROBING
81750945 INSERTED AT INDEX 521 IN QUADRATIC PROBING
81750945 INSERTED AT INDEX 521 IN DOUBLE HASHING
92794387 INSERTED AT INDEX 588 IN LINEAR PROBING
92794387 INSERTED AT INDEX 588 IN QUADRATIC PROBING
92794387 INSERTED AT INDEX 588 IN DOUBLE HASHING
55200288 INSERTED AT INDEX 241 IN LINEAR PROBING
55200288 INSERTED AT INDEX 241 IN QUADRATIC PROBING
55200288 INSERTED AT INDEX 241 IN DOUBLE HASHING
48470364 INSERTED AT INDEX 315 IN LINEAR PROBING
48470364 INSERTED AT INDEX 315 IN QUADRATIC PROBING
48470364 INSERTED AT INDEX 315 IN DOUBLE HASHING
3713956 INSERTED AT INDEX 377 IN LINEAR PROBING
3713956 INSERTED AT INDEX 377 IN QUADRATIC PROBING
3713956 INSERTED AT INDEX 377 IN DOUBLE HASHING
23486613 INSERTED AT INDEX 134 IN LINEAR PROBING
23486613 INSERTED AT INDEX 134 IN QUADRATIC PROBING
23486613 INSERTED AT INDEX 134 IN DOUBLE HASHING
20856222 INSERTED AT INDEX 320 IN LINEAR PROBING
20856222 INSERTED AT INDEX 320 IN QUADRATIC PROBING
20856222 INSERTED AT INDEX 320 IN DOUBLE HASHING
89396584 INSERTED AT INDEX 238 IN LINEAR PROBING
89396584 INSERTED AT INDEX 238 IN QUADRATIC PROBING
89396584 INSERTED AT INDEX 238 IN DOUBLE HASHING
76279265 INSERTED AT INDEX 345 IN LINEAR PROBING
76279265 INSERTED AT INDEX 345 IN QUADRATIC PROBING
76279265 INSERTED AT INDEX 345 IN DOUBLE HASHING
72975738 INSERTED AT INDEX 515 IN LINEAR PROBING
72975738 INSERTED AT INDEX 515 IN QUADRATIC PROBING
72975738 INSERTED AT INDEX 515 IN DOUBLE HASHING
47632539 INSERTED AT INDEX 284 IN LINEAR PROBING
47632539 INSERTED AT INDEX 284 IN QUADRATIC PROBING
47632539 INSERTED AT INDEX 284 IN DOUBLE HASHING
20107943 INSERTED AT INDEX 286 IN LINEAR PROBING
20107943 INSERTED AT INDEX 286 IN QUADRATIC PROBING
20107943 INSERTED AT INDEX 286 IN DOUBLE HASHING
88755972 INSERTED AT INDEX 292 IN LINEAR PROBING
88755972 INSERTED AT INDEX 292 IN QUADRATIC PROBING
88755972 INSERTED AT INDEX 292 IN DOUBLE HASHING
36522055 INSERTED AT INDEX 487 IN LINEAR PROBING
36522055 INSERTED AT INDEX 487 IN QUADRATIC PROBING
36522055 INSERTED AT INDEX 487 IN DOUBLE HASHING
38577769 INSERTED AT INDEX 180 IN LINEAR PROBING
38577769 INSERTED AT INDEX 180 IN QUADRATIC PROBING
38577769 INSERTED AT INDEX 180 IN DOUBLE HASHING
38659328 INSERTED AT INDEX 3 IN LINEAR PROBING
38659328 INSERTED AT INDEX 3 IN QUADRATIC PROBING
38659328 INSERTED AT INDEX 3 IN DOUBLE HASHING
9326254 INSERTED AT INDEX 537 IN LINEAR PROBING
9326254 INSERTED AT INDEX 537 IN QUADRATIC PROBING
9326254 INSERTED AT INDEX 537 IN DOUBLE HASHING
99282341 INSERTED AT INDEX 146 IN LINEAR PROBING
99282341 INSERTED AT INDEX 146 IN QUADRATIC PROBING
99282341 INSERTED AT INDEX 146 IN DOUBLE HASHING
49153961 INSERTED AT INDEX 575 IN LINEAR PROBING
49153961 INSERTED AT INDEX 575 IN QUADRATIC PROBING
49153961 INSERTED AT INDEX 575 IN DOUBLE HASHING
74817602 INSERTED AT INDEX 314 IN LINEAR PROBING
74817602 INSERTED AT INDEX 314 IN QUADRATIC PROBING
74817602 INSERTED AT INDEX 314 IN DOUBLE HASHING
60890140 INSERTED AT INDEX 426 IN LINEAR PROBING
60890140 INSERTED AT INDEX 426 IN QUADRATIC PROBING
60890140 INSERTED AT INDEX 426 IN DOUBLE HASHING
62262273 INSERTED AT INDEX 476 IN LINEAR PROBING
62262273 INSERTED AT INDEX 476 IN QUADRATIC PROBING
62262273 INSERTED AT INDEX 476 IN DOUBLE HASHING
17009185 INSERTED AT INDEX 285 IN LINEAR PROBING
17009185 INSERTED AT INDEX 288 IN QUADRATIC PROBING
17009185 INSERTED AT INDEX 69 IN DOUBLE HASHING
92707361 INSERTED AT INDEX 106 IN LINEAR PROBING
92707361 INSERTED AT INDEX 106 IN QUADRATIC PROBING
92707361 INSERTED AT INDEX 106 IN DOUBLE HASHING
59723658 INSERTED AT INDEX 485 IN LINEAR PROBING
59723658 INSERTED AT INDEX 485 IN QUADRATIC PROBING
59723658 INSERTED AT INDEX 485 IN DOUBLE HASHING
10327323 INSERTED AT INDEX 340 IN LINEAR PROBING
10327323 INSERTED AT INDEX 340 IN QUADRATIC PROBING
10327323 INSERTED AT INDEX 340 IN DOUBLE HASHING
81369585 INSERTED AT INDEX 195 IN LINEAR PROBING
81369585 INSERTED AT INDEX 195 IN QUADRATIC PROBING
81369585 INSERTED AT INDEX 195 IN DOUBLE HASHING
37487556 INSERTED AT INDEX 181 IN LINEAR PROBING
37487556 INSERTED AT INDEX 181 IN QUADRATIC PROBING
37487556 INSERTED AT INDEX 181 IN DOUBLE HASHING
67590179 INSERTED AT INDEX 517 IN LINEAR PROBING
67590179 INSERTED AT INDEX 517 IN QUADRATIC PROBING
67590179 INSERTED AT INDEX 517 IN DOUBLE HASHING
95828012 INSERTED AT INDEX 365 IN LINEAR PROBING
95828012 INSERTED AT INDEX 365 IN QUADRATIC PROBING
95828012 INSERTED AT INDEX 365 IN DOUBLE HASHING
98910963 INSERTED AT INDEX 186 IN LINEAR PROBING
98910963 INSERTED AT INDEX 186 IN QUADRATIC PROBING
98910963 INSERTED AT INDEX 186 IN DOUBLE HASHING
59051880 INSERTED AT INDEX 24 IN LINEAR PROBING
59051880 INSERTED AT INDEX 24 IN QUADRATIC PROBING
59051880 INSERTED AT INDEX 24 IN DOUBLE HASHING
49091187 INSERTED AT INDEX 305 IN LINEAR PROBING
49091187 INSERTED AT INDEX 305 IN QUADRATIC PROBING
49091187 INSERTED AT INDEX 305 IN DOUBLE HASHING
24720780 INSERTED AT INDEX 448 IN LINEAR PROBING
24720780 INSERTED AT INDEX 448 IN QUADRATIC PROBING
24720780 INSERTED AT INDEX 448 IN DOUBLE HASHING
16229257 INSERTED AT INDEX 454 IN LINEAR PROBING
16229257 INSERTED AT INDEX 454 IN QUADRATIC PROBING
16229257 INSERTED AT INDEX 454 IN DOUBLE HASHING
80528178 INSERTED AT INDEX 188 IN LINEAR PROBING
80528178 INSERTED AT INDEX 188 IN QUADRATIC PROBING
80528178 INSERTED AT INDEX 188 IN DOUBLE HASHING
48317293 INSERTED AT INDEX 499 IN LINEAR PROBING
48317293 INSERTED AT INDEX 499 IN QUADRATIC PROBING
48317293 INSERTED AT INDEX 499 IN DOUBLE HASHING
5217363 INSERTED AT INDEX 82 IN LINEAR PROBING
5217363 INSERTED AT INDEX 82 IN QUADRATIC PROBING
5217363 INSERTED AT INDEX 82 IN DOUBLE HASHING
28987466 INSERTED AT INDEX 34 IN LINEAR PROBING
28987466 INSERTED AT INDEX 34 IN QUADRATIC PROBING
28987466 INSERTED AT INDEX 34 IN DOUBLE HASHING
17062968 INSERTED AT INDEX 578 IN LINEAR PROBING
17062968 INSERTED AT INDEX 578 IN QUADRATIC PROBING
17062968 INSERTED AT INDEX 578 IN DOUBLE HASHING
33808239 INSERTED AT INDEX 187 IN LINEAR PROBING
33808239 INSERTED AT INDEX 190 IN QUADRATIC PROBING
33808239 INSERTED AT INDEX 226 IN DOUBLE HASHING
98344707 INSERTED AT INDEX 72 IN LINEAR PROBING
98344707 INSERTED AT INDEX 72 IN QUADRATIC PROBING
98344707 INSERTED AT INDEX 72 IN DOUBLE HASHING
47897320 INSERTED AT INDEX 25 IN LINEAR PROBING
47897320 INSERTED AT INDEX 28 IN QUADRATIC PROBING
47897320 INSERTED AT INDEX 545 IN DOUBLE HASHING
95887754 INSERTED AT INDEX 7 IN LINEAR PROBING
95887754 INSERTED AT INDEX 7 IN QUADRATIC PROBING
95887754 INSERTED AT INDEX 7 IN DOUBLE HASHING
72860851 INSERTED AT INDEX 419 IN LINEAR PROBING
72860851 INSERTED AT INDEX 419 IN QUADRATIC PROBING
72860851 INSERTED AT INDEX 419 IN DOUBLE HASHING
21209150 INSERTED AT INDEX 461 IN LINEAR PROBING
21209150 INSERTED AT INDEX 461 IN QUADRATIC PROBING
21209150 INSERTED AT INDEX 461 IN DOUBLE HASHING
79521831 INSERTED AT INDEX 516 IN LINEAR PROBING
79521831 INSERTED AT INDEX 516 IN QUADRATIC PROBING
79521831 INSERTED AT INDEX 516 IN DOUBLE HASHING
60135579 INSERTED AT INDEX 120 IN LINEAR PROBING
60135579 INSERTED AT INDEX 120 IN QUADRATIC PROBING
60135579 INSERTED AT INDEX 120 IN DOUBLE HASHING
58113952 INSERTED AT INDEX 257 IN LINEAR PROBING
58113952 INSERTED AT INDEX 257 IN QUADRATIC PROBING
58113952 INSERTED AT INDEX 257 IN DOUBLE HASHING
30797728 INSERTED AT INDEX 84 IN LINEAR PROBING
30797728 INSERTED AT INDEX 84 IN QUADRATIC PROBING
30797728 INSERTED AT INDEX 84 IN DOUBLE HASHING
27598181 INSERTED AT INDEX 261 IN LINEAR PROBING
27598181 INSERTED AT INDEX 261 IN QUADRATIC PROBING
27598181 INSERTED AT INDEX 261 IN DOUBLE HASHING
1023356 INSERTED AT INDEX 455 IN LINEAR PROBING
1023356 INSERTED AT INDEX 458 IN QUADRATIC PROBING
1023356 INSERTED AT INDEX 210 IN DOUBLE HASHING
95397444 INSERTED AT INDEX 113 IN LINEAR PROBING
95397444 INSERTED AT INDEX 113 IN QUADRATIC PROBING
95397444 INSERTED AT INDEX 113 IN DOUBLE HASHING
59368654 INSERTED AT INDEX 71 IN LINEAR PROBING
59368654 INSERTED AT INDEX 71 IN QUADRATIC PROBING
59368654 INSERTED AT INDEX 71 IN DOUBLE HASHING
85168208 INSERTED AT INDEX 498 IN LINEAR PROBING
85168208 INSERTED AT INDEX 498 IN QUADRATIC PROBING
85168208 INSERTED AT INDEX 498 IN DOUBLE HASHING
25719677 INSERTED AT INDEX 483 IN LINEAR PROBING
25719677 INSERTED AT INDEX 483 IN QUADRATIC PROBING
25719677 INSERTED AT INDEX 483 IN DOUBLE HASHING
95871294 INSERTED AT INDEX 375 IN LINEAR PROBING
95871294 INSERTED AT INDEX 375 IN QUADRATIC PROBING
95871294 INSERTED AT INDEX 375 IN DOUBLE HASHING
13353778 INSERTED AT INDEX 159 IN LINEAR PROBING
13353778 INSERTED AT INDEX 159 IN QUADRATIC PROBING
13353778 INSERTED AT INDEX 159 IN DOUBLE HASHING
9393883 INSERTED AT INDEX 253 IN LINEAR PROBING
9393883 INSERTED AT INDEX 253 IN QUADRATIC PROBING
9393883 INSERTED AT INDEX 253 IN DOUBLE HASHING
44685547 INSERTED AT INDEX 596 IN LINEAR PROBING
44685547 INSERTED AT INDEX 596 IN QUADRATIC PROBING
44685547 INSERTED AT INDEX 596 IN DOUBLE HASHING
86733617 INSERTED AT INDEX 302 IN LINEAR PROBING
86733617 INSERTED AT INDEX 302 IN QUADRATIC PROBING
86733617 INSERTED AT INDEX 302 IN DOUBLE HASHING
12652805 INSERTED AT INDEX 554 IN LINEAR PROBING
12652805 INSERTED AT INDEX 557 IN QUADRATIC PROBING
12652805 INSERTED AT INDEX 559 IN DOUBLE HASHING
32427689 INSERTED AT INDEX 133 IN LINEAR PROBING
32427689 INSERTED AT INDEX 133 IN QUADRATIC PROBING
32427689 INSERTED AT INDEX 133 IN DOUBLE HASHING
21960793 INSERTED AT INDEX 254 IN LINEAR PROBING
21960793 INSERTED AT INDEX 267 IN QUADRATIC PROBING
21960793 INSERTED AT INDEX 447 IN DOUBLE HASHING
18394310 INSERTED AT INDEX 104 IN LINEAR PROBING
18394310 INSERTED AT INDEX 104 IN QUADRATIC PROBING
18394310 INSERTED AT INDEX 104 IN DOUBLE HASHING
70997520 INSERTED AT INDEX 189 IN LINEAR PROBING
70997520 INSERTED AT INDEX 192 IN QUADRATIC PROBING
70997520 INSERTED AT INDEX 309 IN DOUBLE HASHING
4618143 INSERTED AT INDEX 59 IN LINEAR PROBING
4618143 INSERTED AT INDEX 59 IN QUADRATIC PROBING
4618143 INSERTED AT INDEX 59 IN DOUBLE HASHING
87386899 INSERTED AT INDEX 297 IN LINEAR PROBING
87386899 INSERTED AT INDEX 297 IN QUADRATIC PROBING
87386899 INSERTED AT INDEX 297 IN DOUBLE HASHING
79072550 INSERTED AT INDEX 182 IN LINEAR PROBING
79072550 INSERTED AT INDEX 182 IN QUADRATIC PROBING
79072550 INSERTED AT INDEX 182 IN DOUBLE HASHING
32892935 FOUND AT INDEX 205 IN LINEAR PROBING
32892935 FOUND AT INDEX 205 IN QUADRATIC PROBING
32892935 FOUND AT INDEX 205 IN DOUBLE HASHING
17529715 INSERTED AT INDEX 348 IN LINEAR PROBING
17529715 INSERTED AT INDEX 348 IN QUADRATIC PROBING
17529715 INSERTED AT INDEX 348 IN DOUBLE HASHING
25290595 INSERTED AT INDEX 518 IN LINEAR PROBING
25290595 INSERTED AT INDEX 519 IN QUADRATIC PROBING
25290595 INSERTED AT INDEX 510 IN DOUBLE HASHING
31361728 INSERTED AT INDEX 346 IN LINEAR PROBING
31361728 INSERTED AT INDEX 346 IN QUADRATIC PROBING
31361728 INSERTED AT INDEX 346 IN DOUBLE HASHING
38887102 INSERTED AT INDEX 599 IN LINEAR PROBING
38887102 INSERTED AT INDEX 599 IN QUADRATIC PROBING
38887102 INSERTED AT INDEX 599 IN DOUBLE HASHING
90075437 INSERTED AT INDEX 562 IN LINEAR PROBING
90075437 INSERTED AT INDEX 562 IN QUADRATIC PROBING
90075437 INSERTED AT INDEX 562 IN DOUBLE HASHING
50312124 INSERTED AT INDEX 10 IN LINEAR PROBING
50312124 INSERTED AT INDEX 10 IN QUADRATIC PROBING
50312124 INSERTED AT INDEX 10 IN DOUBLE HASHING
94821704 INSERTED AT INDEX 132 IN LINEAR PROBING
94821704 INSERTED AT INDEX 135 IN QUADRATIC PROBING
94821704 INSERTED AT INDEX 236 IN DOUBLE HASHING
60117954 INSERTED AT INDEX 525 IN LINEAR PROBING
60117954 INSERTED AT INDEX 525 IN QUADRATIC PROBING
60117954 INSERTED AT INDEX 525 IN DOUBLE HASHING
73457262 INSERTED AT INDEX 37 IN LINEAR PROBING
73457262 INSERTED AT INDEX 37 IN QUADRATIC PROBING
73457262 INSERTED AT INDEX 37 IN DOUBLE HASHING
31015721 INSERTED AT INDEX 519 IN LINEAR PROBING
31015721 INSERTED AT INDEX 529 IN QUADRATIC PROBING
31015721 INSERTED AT INDEX 436 IN DOUBLE HASHING
52578666 INSERTED AT INDEX 183 IN LINEAR PROBING
52578666 INSERTED AT INDEX 185 IN QUADRATIC PROBING
52578666 INSERTED AT INDEX 248 IN DOUBLE HASHING
6372395 INSERTED AT INDEX 593 IN LINEAR PROBING
6372395 INSERTED AT INDEX 593 IN QUADRATIC PROBING
6372395 INSERTED AT INDEX 593 IN DOUBLE HASHING
97684771 INSERTED AT INDEX 35 IN LINEAR PROBING
97684771 INSERTED AT INDEX 38 IN QUADRATIC PROBING
97684771 INSERTED AT INDEX 5 IN DOUBLE HASHING
31809830 INSERTED AT INDEX 102 IN LINEAR PROBING
31809830 INSERTED AT INDEX 102 IN QUADRATIC PROBING
31809830 INSERTED AT INDEX 102 IN DOUBLE HASHING
10760618 INSERTED AT INDEX 316 IN LINEAR PROBING
10760618 INSERTED AT INDEX 318 IN QUADRATIC PROBING
10760618 INSERTED AT INDEX 533 IN DOUBLE HASHING
7333187 INSERTED AT INDEX 386 IN LINEAR PROBING
7333187 INSERTED AT INDEX 386 IN QUADRATIC PROBING
7333187 INSERTED AT INDEX 386 IN DOUBLE HASHING
75991351 INSERTED AT INDEX 310 IN LINEAR PROBING
75991351 INSERTED AT INDEX 310 IN QUADRATIC PROBING
75991351 INSERTED AT INDEX 310 IN DOUBLE HASHING
62139114 INSERTED AT INDEX 522 IN LINEAR PROBING
62139114 INSERTED AT INDEX 522 IN QUADRATIC PROBING
62139114 INSERTED AT INDEX 522 IN DOUBLE HASHING
47897320 DELETED FROM INDEX 25 IN LINEAR PROBING
47897320 DELETED FROM INDEX 28 IN QUADRATIC PROBING
47897320 DELETED FROM INDEX 545 IN DOUBLE HASHING
38940165 INSERTED AT INDEX 173 IN LINEAR PROBING
38940165 INSERTED AT INDEX 173 IN QUADRATIC PROBING
38940165 INSERTED AT INDEX 173 IN DOUBLE HASHING
22548593 INSERTED AT INDEX 275 IN LINEAR PROBING
22548593 INSERTED AT INDEX 275 IN QUADRATIC PROBING
22548593 INSERTED AT INDEX 275 IN DOUBLE HASHING
43391589 INSERTED AT INDEX 591 IN LINEAR PROBING
43391589 INSERTED AT INDEX 591 IN QUADRATIC PROBING
43391589 INSERTED AT INDEX 591 IN DOUBLE HASHING
70417923 INSERTED AT INDEX 556 IN LINEAR PROBING
70417923 INSERTED AT INDEX 556 IN QUADRATIC PROBING
70417923 INSERTED AT INDEX 556 IN DOUBLE HASHING
72375970 INSERTED AT INDEX 545 IN LINEAR PROBING
72375970 INSERTED AT INDEX 545 IN QUADRATIC PROBING
72375970 INSERTED AT INDEX 545 IN DOUBLE HASHING
23643699 INSERTED AT INDEX 359 IN LINEAR PROBING
23643699 INSERTED AT INDEX 359 IN QUADRATIC PROBING
23643699 INSERTED AT INDEX 359 IN DOUBLE HASHING
48678465 INSERTED AT INDEX 470 IN LINEAR PROBING
48678465 INSERTED AT INDEX 470 IN QUADRATIC PROBING
48678465 INSERTED AT INDEX 470 IN DOUBLE HASHING
96312503 INSERTED AT INDEX 450 IN LINEAR PROBING
96312503 INSERTED AT INDEX 450 IN QUADRATIC PROBING
96312503 INSERTED AT INDEX 450 IN DOUBLE HASHING
47970725 INSERTED AT INDEX 107 IN LINEAR PROBING
47970725 INSERTED AT INDEX 107 IN QUADRATIC PROBING
47970725 INSERTED AT INDEX 107 IN DOUBLE HASHING
71717358 INSERTED AT INDEX 28 IN LINEAR PROBING
71717358 INSERTED AT INDEX 28 IN QUADRATIC PROBING
71717358 INSERTED AT INDEX 28 IN DOUBLE HASHING
77951543 INSERTED AT INDEX 40 IN LINEAR PROBING
77951543 INSERTED AT INDEX 40 IN QUADRATIC PROBING
77951543 INSERTED AT INDEX 40 IN DOUBLE HASHING
75852572 INSERTED AT INDEX 362 IN LINEAR PROBING
75852572 INSERTED AT INDEX 362 IN QUADRATIC PROBING
75852572 INSERTED AT INDEX 362 IN DOUBLE HASHING
85890592 INSERTED AT INDEX 480 IN LINEAR PROBING
85890592 INSERTED AT INDEX 480 IN QUADRATIC PROBING
85890592 INSERTED AT INDEX 480 IN DOUBLE HASHING
68297532 INSERTED AT INDEX 493 IN LINEAR PROBING
68297532 INSERTED AT INDEX 493 IN QUADRATIC PROBING
68297532 INSERTED AT INDEX 493 IN DOUBLE HASHING
91667892 INSERTED AT INDEX 367 IN LINEAR PROBING
91667892 INSERTED AT INDEX 367 IN QUADRATIC PROBING
91667892 INSERTED AT INDEX 367 IN DOUBLE HASHING
61470974 INSERTED AT INDEX 93 IN LINEAR PROBING
61470974 INSERTED AT INDEX 93 IN QUADRATIC PROBING
61470974 INSERTED AT INDEX 93 IN DOUBLE HASHING
96370457 INSERTED AT INDEX 108 IN LINEAR PROBING
96370457 INSERTED AT INDEX 111 IN QUADRATIC PROBING
96370457 INSERTED AT INDEX 22 IN DOUBLE HASHING
638550 INSERTED AT INDEX 288 IN LINEAR PROBING
638550 INSERTED AT INDEX 368 IN QUADRATIC PROBING
638550 INSERTED AT INDEX 288 IN DOUBLE HASHING
31173264 INSERTED AT INDEX 597 IN LINEAR PROBING
31173264 INSERTED AT INDEX 600 IN QUADRATIC PROBING
31173264 INSERTED AT INDEX 260 IN DOUBLE HASHING
14542153 INSERTED AT INDEX 357 IN LINEAR PROBING
14542153 INSERTED AT INDEX 357 IN QUADRATIC PROBING
14542153 INSERTED AT INDEX 357 IN DOUBLE HASHING
7951676 INSERTED AT INDEX 446 IN LINEAR PROBING
7951676 INSERTED AT INDEX 446 IN QUADRATIC PROBING
7951676 INSERTED AT INDEX 446 IN DOUBLE HASHING
94352432 INSERTED AT INDEX 240 IN LINEAR PROBING
94352432 INSERTED AT INDEX 240 IN QUADRATIC PROBING
94352432 INSERTED AT INDEX 240 IN DOUBLE HASHING
46234897 INSERTED AT INDEX 568 IN LINEAR PROBING
46234897 INSERTED AT INDEX 568 IN QUADRATIC PROBING
46234897 INSERTED AT INDEX 568 IN DOUBLE HASHING
95600168 INSERTED AT INDEX 300 IN LINEAR PROBING
95600168 INSERTED AT INDEX 300 IN QUADRATIC PROBING
95600168 INSERTED AT INDEX 300 IN DOUBLE HASHING
20581860 INSERTED AT INDEX 14 IN LINEAR PROBING
20581860 INSERTED AT INDEX 14 IN QUADRATIC PROBING
20581860 INSERTED AT INDEX 14 IN DOUBLE HASHING
64157730 INSERTED AT INDEX 379 IN LINEAR PROBING
64157730 INSERTED AT INDEX 379 IN QUADRATIC PROBING
64157730 INSERTED AT INDEX 379 IN DOUBLE HASHING
26086937 INSERTED AT INDEX 532 IN LINEAR PROBING
26086937 INSERTED AT INDEX 532 IN QUADRATIC PROBING
26086937 INSERTED AT INDEX 532 IN DOUBLE HASHING
32211185 INSERTED AT INDEX 590 IN LINEAR PROBING
32211185 INSERTED AT INDEX 590 IN QUADRATIC PROBING
32211185 INSERTED AT INDEX 590 IN DOUBLE HASHING
84537145 INSERTED AT INDEX 486 IN LINEAR PROBING
84537145 INSERTED AT INDEX 489 IN QUADRATIC PROBING
84537145 INSERTED AT INDEX 30 IN DOUBLE HASHING
68116323 INSERTED AT INDEX 185 IN LINEAR PROBING
68116323 INSERTED AT INDEX 189 IN QUADRATIC PROBING
68116323 INSERTED AT INDEX 185 IN DOUBLE HASHING
59796909 INSERTED AT INDEX 414 IN LINEAR PROBING
59796909 INSERTED AT INDEX 414 IN QUADRATIC PROBING
59796909 INSERTED AT INDEX 414 IN DOUBLE HASHING
37899531 INSERTED AT INDEX 471 IN LINEAR PROBING
37899531 INSERTED AT INDEX 471 IN QUADRATIC PROBING
37899531 INSERTED AT INDEX 471 IN DOUBLE HASHING
46696568 INSERTED AT INDEX 70 IN LINEAR PROBING
46696568 INSERTED AT INDEX 70 IN QUADRATIC PROBING
46696568 INSERTED AT INDEX 70 IN DOUBLE HASHING
61709237 INSERTED AT INDEX 361 IN LINEAR PROBING
61709237 INSERTED AT INDEX 364 IN QUADRATIC PROBING
61709237 INSERTED AT INDEX 197 IN DOUBLE HASHING
17434668 INSERTED AT INDEX 259 IN LINEAR PROBING
17434668 INSERTED AT INDEX 259 IN QUADRATIC PROBING
17434668 INSERTED AT INDEX 259 IN DOUBLE HASHING
27240178 INSERTED AT INDEX 456 IN LINEAR PROBING
27240178 INSERTED AT INDEX 468 IN QUADRATIC PROBING
27240178 INSERTED AT INDEX 32 IN DOUBLE HASHING
96078657 INSERTED AT INDEX 393 IN LINEAR PROBING
96078657 INSERTED AT INDEX 393 IN QUADRATIC PROBING
96078657 INSERTED AT INDEX 393 IN DOUBLE HASHING
81043317 INSERTED AT INDEX 270 IN LINEAR PROBING
81043317 INSERTED AT INDEX 270 IN QUADRATIC PROBING
81043317 INSERTED AT INDEX 270 IN DOUBLE HASHING
70459901 INSERTED AT INDEX 464 IN LINEAR PROBING
70459901 INSERTED AT INDEX 464 IN QUADRATIC PROBING
70459901 INSERTED AT INDEX 464 IN DOUBLE HASHING
61589009 DELETED FROM INDEX 332 IN LINEAR PROBING
61589009 DELETED FROM INDEX 332 IN QUADRATIC PROBING
61589009 DELETED FROM INDEX 332 IN DOUBLE HASHING
70040780 INSERTED AT INDEX 242 IN LINEAR PROBING
70040780 INSERTED AT INDEX 244 IN QUADRATIC PROBING
70040780 INSERTED AT INDEX 20 IN DOUBLE HASHING
760194 INSERTED AT INDEX 530 IN LINEAR PROBING
760194 INSERTED AT INDEX 530 IN QUADRATIC PROBING
760194 INSERTED AT INDEX 530 IN DOUBLE HASHING
9451889 INSERTED AT INDEX 563 IN LINEAR PROBING
9451889 INSERTED AT INDEX 563 IN QUADRATIC PROBING
9451889 INSERTED AT INDEX 563 IN DOUBLE HASHING
45410444 INSERTED AT INDEX 86 IN LINEAR PROBING
45410444 INSERTED AT INDEX 86 IN QUADRATIC PROBING
45410444 INSERTED AT INDEX 86 IN DOUBLE HASHING
37004419 INSERTED AT INDEX 248 IN LINEAR PROBING
37004419 INSERTED AT INDEX 248 IN QUADRATIC PROBING
37004419 INSERTED AT INDEX 268 IN DOUBLE HASHING
79171414 INSERTED AT INDEX 482 IN LINEAR PROBING
79171414 INSERTED AT INDEX 482 IN QUADRATIC PROBING
79171414 INSERTED AT INDEX 482 IN DOUBLE HASHING
52941554 INSERTED AT INDEX 65 IN LINEAR PROBING
52941554 INSERTED AT INDEX 65 IN QUADRATIC PROBING
52941554 INSERTED AT INDEX 65 IN DOUBLE HASHING
18757386 INSERTED AT INDEX 176 IN LINEAR PROBING
18757386 INSERTED AT INDEX 176 IN QUADRATIC PROBING
18757386 INSERTED AT INDEX 176 IN DOUBLE HASHING
55189860 INSERTED AT INDEX 30 IN LINEAR PROBING
55189860 INSERTED AT INDEX 30 IN QUADRATIC PROBING
55189860 INSERTED AT INDEX 91 IN DOUBLE HASHING
80237379 INSERTED AT INDEX 273 IN LINEAR PROBING
80237379 INSERTED AT INDEX 273 IN QUADRATIC PROBING
80237379 INSERTED AT INDEX 273 IN DOUBLE HASHING
92516158 INSERTED AT INDEX 21 IN LINEAR PROBING
92516158 INSERTED AT INDEX 21 IN QUADRATIC PROBING
92516158 INSERTED AT INDEX 21 IN DOUBLE HASHING
1760561 INSERTED AT INDEX 232 IN LINEAR PROBING
1760561 INSERTED AT INDEX 232 IN QUADRATIC PROBING
1760561 INSERTED AT INDEX 232 IN DOUBLE HASHING
8044136 INSERTED AT INDEX 352 IN LINEAR PROBING
8044136 INSERTED AT INDEX 352 IN QUADRATIC PROBING
8044136 INSERTED AT INDEX 352 IN DOUBLE HASHING
74692727 INSERTED AT INDEX 447 IN LINEAR PROBING
74692727 INSERTED AT INDEX 447 IN QUADRATIC PROBING
74692727 INSERTED AT INDEX 374 IN DOUBLE HASHING
18829349 INSERTED AT INDEX 19 IN LINEAR PROBING
18829349 INSERTED AT INDEX 19 IN QUADRATIC PROBING
18829349 INSERTED AT INDEX 19 IN DOUBLE HASHING
81520307 INSERTED AT INDEX 66 IN LINEAR PROBING
81520307 INSERTED AT INDEX 66 IN QUADRATIC PROBING
81520307 INSERTED AT INDEX 66 IN DOUBLE HASHING
62028227 INSERTED AT INDEX 219 IN LINEAR PROBING
62028227 INSERTED AT INDEX 219 IN QUADRATIC PROBING
62028227 INSERTED AT INDEX 219 IN DOUBLE HASHING
80011311 INSERTED AT INDEX 184 IN LINEAR PROBING
80011311 INSERTED AT INDEX 211 IN QUADRATIC PROBING
80011311 INSERTED AT INDEX 293 IN DOUBLE HASHING
26972875 INSERTED AT INDEX 598 IN LINEAR PROBING
26972875 INSERTED AT INDEX 9 IN QUADRATIC PROBING
26972875 INSERTED AT INDEX 221 IN DOUBLE HASHING
29798808 INSERTED AT INDEX 26 IN LINEAR PROBING
29798808 INSERTED AT INDEX 26 IN QUADRATIC PROBING
29798808 INSERTED AT INDEX 26 IN DOUBLE HASHING
89014633 INSERTED AT INDEX 523 IN LINEAR PROBING
89014633 INSERTED AT INDEX 523 IN QUADRATIC PROBING
89014633 INSERTED AT INDEX 523 IN DOUBLE HASHING
6763111 INSERTED AT INDEX 58 IN LINEAR PROBING
6763111 INSERTED AT INDEX 58 IN QUADRATIC PROBING
6763111 INSERTED AT INDEX 58 IN DOUBLE HASHING
67800916 INSERTED AT INDEX 303 IN LINEAR PROBING
67800916 INSERTED AT INDEX 303 IN QUADRATIC PROBING
67800916 INSERTED AT INDEX 303 IN DOUBLE HASHING
26985879 INSERTED AT INDEX 378 IN LINEAR PROBING
26985879 INSERTED AT INDEX 378 IN QUADRATIC PROBING
26985879 INSERTED AT INDEX 378 IN DOUBLE HASHING
3714770 INSERTED AT INDEX 592 IN LINEAR PROBING
3714770 INSERTED AT INDEX 594 IN QUADRATIC PROBING
3714770 INSERTED AT INDEX 331 IN DOUBLE HASHING
68075714 INSERTED AT INDEX 444 IN LINEAR PROBING
68075714 INSERTED AT INDEX 444 IN QUADRATIC PROBING
68075714 INSERTED AT INDEX 444 IN DOUBLE HASHING
15818713 INSERTED AT INDEX 394 IN LINEAR PROBING
15818713 INSERTED AT INDEX 397 IN QUADRATIC PROBING
15818713 INSERTED AT INDEX 420 IN DOUBLE HASHING
93086511 INSERTED AT INDEX 25 IN LINEAR PROBING
93086511 INSERTED AT INDEX 25 IN QUADRATIC PROBING
93086511 INSERTED AT INDEX 25 IN DOUBLE HASHING
40841779 INSERTED AT INDEX 223 IN LINEAR PROBING
40841779 INSERTED AT INDEX 223 IN QUADRATIC PROBING
40841779 INSERTED AT INDEX 223 IN DOUBLE HASHING
72781536 INSERTED AT INDEX 436 IN LINEAR PROBING
72781536 INSERTED AT INDEX 436 IN QUADRATIC PROBING
72781536 INSERTED AT INDEX 172 IN DOUBLE HASHING
7831158 INSERTED AT INDEX 128 IN LINEAR PROBING
7831158 INSERTED AT INDEX 128 IN QUADRATIC PROBING
7831158 INSERTED AT INDEX 128 IN DOUBLE HASHING
21371518 INSERTED AT INDEX 559 IN LINEAR PROBING
21371518 INSERTED AT INDEX 559 IN QUADRATIC PROBING
21371518 INSERTED AT INDEX 77 IN DOUBLE HASHING
35227294 INSERTED AT INDEX 280 IN LINEAR PROBING
35227294 INSERTED AT INDEX 280 IN QUADRATIC PROBING
35227294 INSERTED AT INDEX 280 IN DOUBLE HASHING
62822675 INSERTED AT INDEX 145 IN LINEAR PROBING
62822675 INSERTED AT INDEX 145 IN QUADRATIC PROBING
62822675 INSERTED AT INDEX 145 IN DOUBLE HASHING
70963016 INSERTED AT INDEX 542 IN LINEAR PROBING
70963016 INSERTED AT INDEX 542 IN QUADRATIC PROBING
70963016 INSERTED AT INDEX 542 IN DOUBLE HASHING
16201044 INSERTED AT INDEX 488 IN LINEAR PROBING
16201044 INSERTED AT INDEX 488 IN QUADRATIC PROBING
16201044 INSERTED AT INDEX 488 IN DOUBLE HASHING
80673927 INSERTED AT INDEX 495 IN LINEAR PROBING
80673927 INSERTED AT INDEX 495 IN QUADRATIC PROBING
80673927 INSERTED AT INDEX 495 IN DOUBLE HASHING
67947852 INSERTED AT INDEX 595 IN LINEAR PROBING
67947852 INSERTED AT INDEX 595 IN QUADRATIC PROBING
67947852 INSERTED AT INDEX 595 IN DOUBLE HASHING
77767749 INSERTED AT INDEX 152 IN LINEAR PROBING
77767749 INSERTED AT INDEX 152 IN QUADRATIC PROBING
77767749 INSERTED AT INDEX 152 IN DOUBLE HASHING
53325508 INSERTED AT INDEX 581 IN LINEAR PROBING
53325508 INSERTED AT INDEX 581 IN QUADRATIC PROBING
53325508 INSERTED AT INDEX 581 IN DOUBLE HASHING
97017646 INSERTED AT INDEX 20 IN LINEAR PROBING
97017646 INSERTED AT INDEX 23 IN QUADRATIC PROBING
97017646 INSERTED AT INDEX 207 IN DOUBLE HASHING
94183378 INSERTED AT INDEX 67 IN LINEAR PROBING
94183378 INSERTED AT INDEX 67 IN QUADRATIC PROBING
94183378 INSERTED AT INDEX 67 IN DOUBLE HASHING
79387335 INSERTED AT INDEX 43 IN LINEAR PROBING
79387335 INSERTED AT INDEX 43 IN QUADRATIC PROBING
79387335 INSERTED AT INDEX 43 IN DOUBLE HASHING
13353778 DELETED FROM INDEX 159 IN LINEAR PROBING
13353778 DELETED FROM INDEX 159 IN QUADRATIC PROBING
13353778 DELETED FROM INDEX 159 IN DOUBLE HASHING
75567626 INSERTED AT INDEX 290 IN LINEAR PROBING
75567626 INSERTED AT INDEX 290 IN QUADRATIC PROBING
75567626 INSERTED AT INDEX 290 IN DOUBLE HASHING
16147405 INSERTED AT INDEX 338 IN LINEAR PROBING
16147405 INSERTED AT INDEX 338 IN QUADRATIC PROBING
16147405 INSERTED AT INDEX 338 IN DOUBLE HASHING
53622668 INSERTED AT INDEX 246 IN LINEAR PROBING
53622668 INSERTED AT INDEX 246 IN QUADRATIC PROBING
53622668 INSERTED AT INDEX 246 IN DOUBLE HASHING
20683036 INSERTED AT INDEX 222 IN LINEAR PROBING
20683036 INSERTED AT INDEX 222 IN QUADRATIC PROBING
20683036 INSERTED AT INDEX 222 IN DOUBLE HASHING
55485938 INSERTED AT INDEX 416 IN LINEAR PROBING
55485938 INSERTED AT INDEX 416 IN QUADRATIC PROBING
55485938 INSERTED AT INDEX 416 IN DOUBLE HASHING
73996187 INSERTED AT INDEX 466 IN LINEAR PROBING
73996187 INSERTED AT INDEX 466 IN QUADRATIC PROBING
73996187 INSERTED AT INDEX 466 IN DOUBLE HASHING
36235907 INSERTED AT INDEX 415 IN LINEAR PROBING
36235907 INSERTED AT INDEX 415 IN QUADRATIC PROBING
36235907 INSERTED AT INDEX 415 IN DOUBLE HASHING
40557414 INSERTED AT INDEX 135 IN LINEAR PROBING
40557414 INSERTED AT INDEX 161 IN QUADRATIC PROBING
40557414 INSERTED AT INDEX 546 IN DOUBLE HASHING
53984558 INSERTED AT INDEX 334 IN LINEAR PROBING
53984558 INSERTED AT INDEX 334 IN QUADRATIC PROBING
53984558 INSERTED AT INDEX 334 IN DOUBLE HASHING
36221944 INSERTED AT INDEX 276 IN LINEAR PROBING
36221944 INSERTED AT INDEX 279 IN QUADRATIC PROBING
36221944 INSERTED AT INDEX 163 IN DOUBLE HASHING
2699883 INSERTED AT INDEX 191 IN LINEAR PROBING
2699883 INSERTED AT INDEX 191 IN QUADRATIC PROBING
2699883 INSERTED AT INDEX 191 IN DOUBLE HASHING
58043057 INSERTED AT INDEX 281 IN LINEAR PROBING
58043057 INSERTED AT INDEX 294 IN QUADRATIC PROBING
58043057 INSERTED AT INDEX 538 IN DOUBLE HASHING
66543961 INSERTED AT INDEX 39 IN LINEAR PROBING
66543961 INSERTED AT INDEX 39 IN QUADRATIC PROBING
66543961 INSERTED AT INDEX 39 IN DOUBLE HASHING
10704175 INSERTED AT INDEX 366 IN LINEAR PROBING
10704175 INSERTED AT INDEX 369 IN QUADRATIC PROBING
10704175 INSERTED AT INDEX 541 IN DOUBLE HASHING
52303103 INSERTED AT INDEX 477 IN LINEAR PROBING
52303103 INSERTED AT INDEX 477 IN QUADRATIC PROBING
52303103 INSERTED AT INDEX 477 IN DOUBLE HASHING
51393564 INSERTED AT INDEX 251 IN LINEAR PROBING
51393564 INSERTED AT INDEX 251 IN QUADRATIC PROBING
51393564 INSERTED AT INDEX 251 IN DOUBLE HASHING
24004691 INSERTED AT INDEX 150 IN LINEAR PROBING
24004691 INSERTED AT INDEX 150 IN QUADRATIC PROBING
24004691 INSERTED AT INDEX 150 IN DOUBLE HASHING
64086851 INSERTED AT INDEX 418 IN LINEAR PROBING
64086851 INSERTED AT INDEX 418 IN QUADRATIC PROBING
64086851 INSERTED AT INDEX 418 IN DOUBLE HASHING
75138009 INSERTED AT INDEX 388 IN LINEAR PROBING
75138009 INSERTED AT INDEX 388 IN QUADRATIC PROBING
75138009 INSERTED AT INDEX 388 IN DOUBLE HASHING
25295169 INSERTED AT INDEX 282 IN LINEAR PROBING
25295169 INSERTED AT INDEX 281 IN QUADRATIC PROBING
25295169 INSERTED AT INDEX 281 IN DOUBLE HASHING
37804000 INSERTED AT INDEX 500 IN LINEAR PROBING
37804000 INSERTED AT INDEX 503 IN QUADRATIC PROBING
37804000 INSERTED AT INDEX 299 IN DOUBLE HASHING
26548713 INSERTED AT INDEX 139 IN LINEAR PROBING
26548713 INSERTED AT INDEX 139 IN QUADRATIC PROBING
26548713 INSERTED AT INDEX 139 IN DOUBLE HASHING
45878188 INSERTED AT INDEX 252 IN LINEAR PROBING
45878188 INSERTED AT INDEX 252 IN QUADRATIC PROBING
45878188 INSERTED AT INDEX 252 IN DOUBLE HASHING
82289627 INSERTED AT INDEX 109 IN LINEAR PROBING
82289627 INSERTED AT INDEX 110 IN QUADRATIC PROBING
82289627 INSERTED AT INDEX 189 IN DOUBLE HASHING
80275233 INSERTED AT INDEX 264 IN LINEAR PROBING
80275233 INSERTED AT INDEX 264 IN QUADRATIC PROBING
80275233 INSERTED AT INDEX 264 IN DOUBLE HASHING
73083461 INSERTED AT INDEX 60 IN LINEAR PROBING
73083461 INSERTED AT INDEX 62 IN QUADRATIC PROBING
73083461 INSERTED AT INDEX 520 IN DOUBLE HASHING
37687294 INSERTED AT INDEX 387 IN LINEAR PROBING
37687294 INSERTED AT INDEX 387 IN QUADRATIC PROBING
37687294 INSERTED AT INDEX 387 IN DOUBLE HASHING
374544 INSERTED AT INDEX 121 IN LINEAR PROBING
374544 INSERTED AT INDEX 121 IN QUADRATIC PROBING
374544 INSERTED AT INDEX 121 IN DOUBLE HASHING
58148400 INSERTED AT INDEX 449 IN LINEAR PROBING
58148400 INSERTED AT INDEX 452 IN QUADRATIC PROBING
58148400 INSERTED AT INDEX 449 IN DOUBLE HASHING
99764935 INSERTED AT INDEX 137 IN LINEAR PROBING
99764935 INSERTED AT INDEX 137 IN QUADRATIC PROBING
99764935 INSERTED AT INDEX 137 IN DOUBLE HASHING
22726928 INSERTED AT INDEX 114 IN LINEAR PROBING
22726928 INSERTED AT INDEX 117 IN QUADRATIC PROBING
22726928 INSERTED AT INDEX 242 IN DOUBLE HASHING
81237708 INSERTED AT INDEX 538 IN LINEAR PROBING
81237708 INSERTED AT INDEX 538 IN QUADRATIC PROBING
81237708 INSERTED AT INDEX 46 IN DOUBLE HASHING
5495490 INSERTED AT INDEX 547 IN LINEAR PROBING
5495490 INSERTED AT INDEX 547 IN QUADRATIC PROBING
5495490 INSERTED AT INDEX 547 IN DOUBLE HASHING
82636581 INSERTED AT INDEX 283 IN LINEAR PROBING
82636581 INSERTED AT INDEX 283 IN QUADRATIC PROBING
82636581 INSERTED AT INDEX 283 IN DOUBLE HASHING
46149390 INSERTED AT INDEX 403 IN LINEAR PROBING
46149390 INSERTED AT INDEX 403 IN QUADRATIC PROBING
46149390 INSERTED AT INDEX 403 IN DOUBLE HASHING
62847528 INSERTED AT INDEX 358 IN LINEAR PROBING
62847528 INSERTED AT INDEX 361 IN QUADRATIC PROBING
62847528 INSERTED AT INDEX 285 IN DOUBLE HASHING
69303454 INSERTED AT INDEX 341 IN LINEAR PROBING
69303454 INSERTED AT INDEX 341 IN QUADRATIC PROBING
69303454 INSERTED AT INDEX 341 IN DOUBLE HASHING
75129460 INSERTED AT INDEX 255 IN LINEAR PROBING
75129460 INSERTED AT INDEX 333 IN QUADRATIC PROBING
75129460 INSERTED AT INDEX 574 IN DOUBLE HASHING
25039289 INSERTED AT INDEX 427 IN LINEAR PROBING
25039289 INSERTED AT INDEX 427 IN QUADRATIC PROBING
25039289 INSERTED AT INDEX 427 IN DOUBLE HASHING
79291933 INSERTED AT INDEX 200 IN LINEAR PROBING
79291933 INSERTED AT INDEX 200 IN QUADRATIC PROBING
79291933 INSERTED AT INDEX 200 IN DOUBLE HASHING
19878973 INSERTED AT INDEX 298 IN LINEAR PROBING
19878973 INSERTED AT INDEX 301 IN QUADRATIC PROBING
19878973 INSERTED AT INDEX 217 IN DOUBLE HASHING
89059779 INSERTED AT INDEX 594 IN LINEAR PROBING
89059779 INSERTED AT INDEX 598 IN QUADRATIC PROBING
89059779 INSERTED AT INDEX 594 IN DOUBLE HASHING
30797660 INSERTED AT INDEX 16 IN LINEAR PROBING
30797660 INSERTED AT INDEX 16 IN QUADRATIC PROBING
30797660 INSERTED AT INDEX 16 IN DOUBLE HASHING
14616012 INSERTED AT INDEX 293 IN LINEAR PROBING
14616012 INSERTED AT INDEX 293 IN QUADRATIC PROBING
14616012 INSERTED AT INDEX 306 IN DOUBLE HASHING
26484103 INSERTED AT INDEX 437 IN LINEAR PROBING
26484103 INSERTED AT INDEX 437 IN QUADRATIC PROBING
26484103 INSERTED AT INDEX 437 IN DOUBLE HASHING
29580482 INSERTED AT INDEX 465 IN LINEAR PROBING
29580482 INSERTED AT INDEX 478 IN QUADRATIC PROBING
29580482 INSERTED AT INDEX 110 IN DOUBLE HASHING
20696312 INSERTED AT INDEX 277 IN LINEAR PROBING
20696312 INSERTED AT INDEX 276 IN QUADRATIC PROBING
20696312 INSERTED AT INDEX 276 IN DOUBLE HASHING
71304972 INSERTED AT INDEX 529 IN LINEAR PROBING
71304972 INSERTED AT INDEX 533 IN QUADRATIC PROBING
71304972 INSERTED AT INDEX 529 IN DOUBLE HASHING
68640798 INSERTED AT INDEX 589 IN LINEAR PROBING
68640798 INSERTED AT INDEX 592 IN QUADRATIC PROBING
68640798 INSERTED AT INDEX 385 IN DOUBLE HASHING
64926102 INSERTED AT INDEX 73 IN LINEAR PROBING
64926102 INSERTED AT INDEX 76 IN QUADRATIC PROBING
64926102 INSERTED AT INDEX 175 IN DOUBLE HASHING
19325654 INSERTED AT INDEX 501 IN LINEAR PROBING
19325654 INSERTED AT INDEX 513 IN QUADRATIC PROBING
19325654 INSERTED AT INDEX 153 IN DOUBLE HASHING
5774853 INSERTED AT INDEX 445 IN LINEAR PROBING
5774853 INSERTED AT INDEX 445 IN QUADRATIC PROBING
5774853 INSERTED AT INDEX 445 IN DOUBLE HASHING
41366761 INSERTED AT INDEX 533 IN LINEAR PROBING
41366761 INSERTED AT INDEX 536 IN QUADRATIC PROBING
41366761 INSERTED AT INDEX 54 IN DOUBLE HASHING
88055767 INSERTED AT INDEX 256 IN LINEAR PROBING
88055767 INSERTED AT INDEX 256 IN QUADRATIC PROBING
88055767 INSERTED AT INDEX 154 IN DOUBLE HASHING
2115598 INSERTED AT INDEX 78 IN LINEAR PROBING
2115598 INSERTED AT INDEX 78 IN QUADRATIC PROBING
2115598 INSERTED AT INDEX 78 IN DOUBLE HASHING
59464793 INSERTED AT INDEX 50 IN LINEAR PROBING
59464793 INSERTED AT INDEX 50 IN QUADRATIC PROBING
59464793 INSERTED AT INDEX 50 IN DOUBLE HASHING
50062847 INSERTED AT INDEX 148 IN LINEAR PROBING
50062847 INSERTED AT INDEX 148 IN QUADRATIC PROBING
50062847 INSERTED AT INDEX 148 IN DOUBLE HASHING
37389866 INSERTED AT INDEX 457 IN LINEAR PROBING
37389866 INSERTED AT INDEX 484 IN QUADRATIC PROBING
37389866 INSERTED AT INDEX 53 IN DOUBLE HASHING
63572519 INSERTED AT INDEX 543 IN LINEAR PROBING
63572519 INSERTED AT INDEX 546 IN QUADRATIC PROBING
63572519 INSERTED AT INDEX 61 IN DOUBLE HASHING
34637725 INSERTED AT INDEX 294 IN LINEAR PROBING
34637725 INSERTED AT INDEX 296 IN QUADRATIC PROBING
34637725 INSERTED AT INDEX 17 IN DOUBLE HASHING
63576035 INSERTED AT INDEX 452 IN LINEAR PROBING
63576035 INSERTED AT INDEX 456 IN QUADRATIC PROBING
63576035 INSERTED AT INDEX 452 IN DOUBLE HASHING
51377950 INSERTED AT INDEX 263 IN LINEAR PROBING
51377950 INSERTED AT INDEX 263 IN QUADRATIC PROBING
51377950 INSERTED AT INDEX 263 IN DOUBLE HASHING
TOTAL NUMBER OF COLLISIONS IN LINEAR PROBING 74
TOTAL NUMBER OF COLLISIONS IN QUADRATIC PROBING 71
TOTAL NUMBER OF COLLISIONS IN DYNAMIC PROBING 74
AVERAGE NUMBER OF REHASING REQUIRED IS 0.30 IN LINEAR PROBING
AVERAGE NUMBER OF REHASING REQUIRED IS 0.29 IN QUADRATIC PROBING
AVERAGE NUMBER OF REHASING REQUIRED IS 0.30 IN DOUBLE HASHING
