17804543 INSERTED AT INDEX 545 IN LINEAR PROBING
17804543 INSERTED AT INDEX 545 IN QUADRATIC PROBING
17804543 INSERTED AT INDEX 545 IN DOUBLE HASHING
46409856 INSERTED AT INDEX 151 IN LINEAR PROBING
46409856 INSERTED AT INDEX 151 IN QUADRATIC PROBING
46409856 INSERTED AT INDEX 151 IN DOUBLE HASHING
21332915 INSERTED AT INDEX 83 IN LINEAR PROBING
21332915 INSERTED AT INDEX 83 IN QUADRATIC PROBING
21332915 INSERTED AT INDEX 83 IN DOUBLE HASHING
84226394 INSERTED AT INDEX 543 IN LINEAR PROBING
84226394 INSERTED AT INDEX 543 IN QUADRATIC PROBING
84226394 INSERTED AT INDEX 543 IN DOUBLE HASHING
18758621 INSERTED AT INDEX 562 IN LINEAR PROBING
18758621 INSERTED AT INDEX 562 IN QUADRATIC PROBING
18758621 INSERTED AT INDEX 562 IN DOUBLE HASHING
23988710 INSERTED AT INDEX 490 IN LINEAR PROBING
23988710 INSERTED AT INDEX 490 IN QUADRATIC PROBING
23988710 INSERTED AT INDEX 490 IN DOUBLE HASHING
98474001 INSERTED AT INDEX 325 IN LINEAR PROBING
98474001 INSERTED AT INDEX 325 IN QUADRATIC PROBING
98474001 INSERTED AT INDEX 325 IN DOUBLE HASHING
98901043 INSERTED AT INDEX 458 IN LINEAR PROBING
98901043 INSERTED AT INDEX 458 IN QUADRATIC PROBING
98901043 INSERTED AT INDEX 458 IN DOUBLE HASHING
90400005 INSERTED AT INDEX 447 IN LINEAR PROBING
90400005 INSERTED AT INDEX 447 IN QUADRATIC PROBING
90400005 INSERTED AT INDEX 447 IN DOUBLE HASHING
69057377 INSERTED AT INDEX 465 IN LINEAR PROBING
69057377 INSERTED AT INDEX 465 IN QUADRATIC PROBING
69057377 INSERTED AT INDEX 465 IN DOUBLE HASHING
27068754 INSERTED AT INDEX 340 IN LINEAR PROBING
27068754 INSERTED AT INDEX 340 IN QUADRATIC PROBING
27068754 INSERTED AT INDEX 340 IN DOUBLE HASHING
67945942 INSERTED AT INDEX 115 IN LINEAR PROBING
67945942 INSERTED AT INDEX 115 IN QUADRATIC PROBING
67945942 INSERTED AT INDEX 115 IN DOUBLE HASHING
1323382 INSERTED AT INDEX 595 IN LINEAR PROBING
1323382 INSERTED AT INDEX 595 IN QUADRATIC PROBING
1323382 INSERTED AT INDEX 595 IN DOUBLE HASHING
63303940 INSERTED AT INDEX 135 IN LINEAR PROBING
63303940 INSERTED AT INDEX 135 IN QUADRATIC PROBING
63303940 INSERTED AT INDEX 135 IN DOUBLE HASHING
52034122 INSERTED AT INDEX 294 IN LINEAR PROBING
52034122 INSERTED AT INDEX 294 IN QUADRATIC PROBING
52034122 INSERTED AT INDEX 294 IN DOUBLE HASHING
27890939 INSERTED AT INDEX 252 IN LINEAR PROBING
27890939 INSERTED AT INDEX 252 IN QUADRATIC PROBING
27890939 INSERTED AT INDEX 252 IN DOUBLE HASHING
41723735 INSERTED AT INDEX 215 IN LINEAR PROBING
41723735 INSERTED AT INDEX 215 IN QUADRATIC PROBING
41723735 INSERTED AT INDEX 215 IN DOUBLE HASHING
36810777 INSERTED AT INDEX 566 IN LINEAR PROBING
36810777 INSERTED AT INDEX 566 IN QUADRATIC PROBING
36810777 INSERTED AT INDEX 566 IN DOUBLE HASHING
76374127 INSERTED AT INDEX 177 IN LINEAR PROBING
76374127 INSERTED AT INDEX 177 IN QUADRATIC PROBING
76374127 INSERTED AT INDEX 177 IN DOUBLE HASHING
37364899 INSERTED AT INDEX 197 IN LINEAR PROBING
37364899 INSERTED AT INDEX 197 IN QUADRATIC PROBING
37364899 INSERTED AT INDEX 197 IN DOUBLE HASHING
25750344 INSERTED AT INDEX 511 IN LINEAR PROBING
25750344 INSERTED AT INDEX 511 IN QUADRATIC PROBING
25750344 INSERTED AT INDEX 511 IN DOUBLE HASHING
87773935 INSERTED AT INDEX 323 IN LINEAR PROBING
87773935 INSERTED AT INDEX 323 IN QUADRATIC PROBING
87773935 INSERTED AT INDEX 323 IN DOUBLE HASHING
17495285 INSERTED AT INDEX 428 IN LINEAR PROBING
17495285 INSERTED AT INDEX 428 IN QUADRATIC PROBING
17495285 INSERTED AT INDEX 428 IN DOUBLE HASHING
76730222 INSERTED AT INDEX 164 IN LINEAR PROBING
76730222 INSERTED AT INDEX 164 IN QUADRATIC PROBING
76730222 INSERTED AT INDEX 164 IN DOUBLE HASHING
68854530 INSERTED AT INDEX 207 IN LINEAR PROBING
68854530 INSERTED AT INDEX 207 IN QUADRATIC PROBING
68854530 INSERTED AT INDEX 207 IN DOUBLE HASHING
3105415 INSERTED AT INDEX 686 IN LINEAR PROBING
3105415 INSERTED AT INDEX 686 IN QUADRATIC PROBING
3105415 INSERTED AT INDEX 686 IN DOUBLE HASHING
91334226 INSERTED AT INDEX 235 IN LINEAR PROBING
91334226 INSERTED AT INDEX 235 IN QUADRATIC PROBING
91334226 INSERTED AT INDEX 235 IN DOUBLE HASHING
67464065 INSERTED AT INDEX 526 IN LINEAR PROBING
67464065 INSERTED AT INDEX 526 IN QUADRATIC PROBING
67464065 INSERTED AT INDEX 526 IN DOUBLE HASHING
39858015 INSERTED AT INDEX 557 IN LINEAR PROBING
39858015 INSERTED AT INDEX 557 IN QUADRATIC PROBING
39858015 INSERTED AT INDEX 557 IN DOUBLE HASHING
86017861 INSERTED AT INDEX 254 IN LINEAR PROBING
86017861 INSERTED AT INDEX 254 IN QUADRATIC PROBING
86017861 INSERTED AT INDEX 254 IN DOUBLE HASHING
52095397 INSERTED AT INDEX 582 IN LINEAR PROBING
52095397 INSERTED AT INDEX 582 IN QUADRATIC PROBING
52095397 INSERTED AT INDEX 582 IN DOUBLE HASHING
44824383 INSERTED AT INDEX 341 IN LINEAR PROBING
44824383 INSERTED AT INDEX 344 IN QUADRATIC PROBING
44824383 INSERTED AT INDEX 223 IN DOUBLE HASHING
67103060 INSERTED AT INDEX 536 IN LINEAR PROBING
67103060 INSERTED AT INDEX 536 IN QUADRATIC PROBING
67103060 INSERTED AT INDEX 536 IN DOUBLE HASHING
86550260 INSERTED AT INDEX 594 IN LINEAR PROBING
86550260 INSERTED AT INDEX 594 IN QUADRATIC PROBING
86550260 INSERTED AT INDEX 594 IN DOUBLE HASHING
23132467 INSERTED AT INDEX 168 IN LINEAR PROBING
23132467 INSERTED AT INDEX 168 IN QUADRATIC PROBING
23132467 INSERTED AT INDEX 168 IN DOUBLE HASHING
1511082 INSERTED AT INDEX 427 IN LINEAR PROBING
1511082 INSERTED AT INDEX 427 IN QUADRATIC PROBING
1511082 INSERTED AT INDEX 427 IN DOUBLE HASHING
55257060 INSERTED AT INDEX 34 IN LINEAR PROBING
55257060 INSERTED AT INDEX 34 IN QUADRATIC PROBING
55257060 INSERTED AT INDEX 34 IN DOUBLE HASHING
82950491 INSERTED AT INDEX 460 IN LINEAR PROBING
82950491 INSERTED AT INDEX 460 IN QUADRATIC PROBING
82950491 INSERTED AT INDEX 460 IN DOUBLE HASHING
50426227 INSERTED AT INDEX 493 IN LINEAR PROBING
50426227 INSERTED AT INDEX 493 IN QUADRATIC PROBING
50426227 INSERTED AT INDEX 493 IN DOUBLE HASHING
44824383 FOUND AT INDEX 341 IN LINEAR PROBING
44824383 FOUND AT INDEX 344 IN QUADRATIC PROBING
44824383 FOUND AT INDEX 223 IN DOUBLE HASHING
21958929 INSERTED AT INDEX 104 IN LINEAR PROBING
21958929 INSERTED AT INDEX 104 IN QUADRATIC PROBING
21958929 INSERTED AT INDEX 104 IN DOUBLE HASHING
10262587 INSERTED AT INDEX 648 IN LINEAR PROBING
10262587 INSERTED AT INDEX 648 IN QUADRATIC PROBING
10262587 INSERTED AT INDEX 648 IN DOUBLE HASHING
67249896 INSERTED AT INDEX 162 IN LINEAR PROBING
67249896 INSERTED AT INDEX 162 IN QUADRATIC PROBING
67249896 INSERTED AT INDEX 162 IN DOUBLE HASHING
51085285 INSERTED AT INDEX 611 IN LINEAR PROBING
51085285 INSERTED AT INDEX 611 IN QUADRATIC PROBING
51085285 INSERTED AT INDEX 611 IN DOUBLE HASHING
7210449 INSERTED AT INDEX 664 IN LINEAR PROBING
7210449 INSERTED AT INDEX 664 IN QUADRATIC PROBING
7210449 INSERTED AT INDEX 664 IN DOUBLE HASHING
19424424 INSERTED AT INDEX 415 IN LINEAR PROBING
19424424 INSERTED AT INDEX 415 IN QUADRATIC PROBING
19424424 INSERTED AT INDEX 415 IN DOUBLE HASHING
88788444 INSERTED AT INDEX 485 IN LINEAR PROBING
88788444 INSERTED AT INDEX 485 IN QUADRATIC PROBING
88788444 INSERTED AT INDEX 485 IN DOUBLE HASHING
31951061 INSERTED AT INDEX 182 IN LINEAR PROBING
31951061 INSERTED AT INDEX 182 IN QUADRATIC PROBING
31951061 INSERTED AT INDEX 182 IN DOUBLE HASHING
90008384 INSERTED AT INDEX 685 IN LINEAR PROBING
90008384 INSERTED AT INDEX 685 IN QUADRATIC PROBING
90008384 INSERTED AT INDEX 685 IN DOUBLE HASHING
71594552 INSERTED AT INDEX 20 IN LINEAR PROBING
71594552 INSERTED AT INDEX 20 IN QUADRATIC PROBING
71594552 INSERTED AT INDEX 20 IN DOUBLE HASHING
40013255 INSERTED AT INDEX 175 IN LINEAR PROBING
40013255 INSERTED AT INDEX 175 IN QUADRATIC PROBING
40013255 INSERTED AT INDEX 175 IN DOUBLE HASHING
32988762 INSERTED AT INDEX 403 IN LINEAR PROBING
32988762 INSERTED AT INDEX 403 IN QUADRATIC PROBING
32988762 INSERTED AT INDEX 403 IN DOUBLE HASHING
34202080 INSERTED AT INDEX 290 IN LINEAR PROBING
34202080 INSERTED AT INDEX 290 IN QUADRATIC PROBING
34202080 INSERTED AT INDEX 290 IN DOUBLE HASHING
51998887 INSERTED AT INDEX 109 IN LINEAR PROBING
51998887 INSERTED AT INDEX 109 IN QUADRATIC PROBING
51998887 INSERTED AT INDEX 109 IN DOUBLE HASHING
84158950 INSERTED AT INDEX 395 IN LINEAR PROBING
84158950 INSERTED AT INDEX 395 IN QUADRATIC PROBING
84158950 INSERTED AT INDEX 395 IN DOUBLE HASHING
78080551 INSERTED AT INDEX 367 IN LINEAR PROBING
78080551 INSERTED AT INDEX 367 IN QUADRATIC PROBING
78080551 INSERTED AT INDEX 367 IN DOUBLE HASHING
39666992 INSERTED AT INDEX 206 IN LINEAR PROBING
39666992 INSERTED AT INDEX 206 IN QUADRATIC PROBING
39666992 INSERTED AT INDEX 206 IN DOUBLE HASHING
46095683 INSERTED AT INDEX 26 IN LINEAR PROBING
46095683 INSERTED AT INDEX 26 IN QUADRATIC PROBING
46095683 INSERTED AT INDEX 26 IN DOUBLE HASHING
73573001 INSERTED AT INDEX 247 IN LINEAR PROBING
73573001 INSERTED AT INDEX 247 IN QUADRATIC PROBING
73573001 INSERTED AT INDEX 247 IN DOUBLE HASHING
24370470 INSERTED AT INDEX 205 IN LINEAR PROBING
24370470 INSERTED AT INDEX 205 IN QUADRATIC PROBING
24370470 INSERTED AT INDEX 205 IN DOUBLE HASHING
30419789 INSERTED AT INDEX 596 IN LINEAR PROBING
30419789 INSERTED AT INDEX 599 IN QUADRATIC PROBING
30419789 INSERTED AT INDEX 484 IN DOUBLE HASHING
62659196 INSERTED AT INDEX 311 IN LINEAR PROBING
62659196 INSERTED AT INDEX 311 IN QUADRATIC PROBING
62659196 INSERTED AT INDEX 311 IN DOUBLE HASHING
75012231 INSERTED AT INDEX 324 IN LINEAR PROBING
75012231 INSERTED AT INDEX 324 IN QUADRATIC PROBING
75012231 INSERTED AT INDEX 324 IN DOUBLE HASHING
47615926 INSERTED AT INDEX 501 IN LINEAR PROBING
47615926 INSERTED AT INDEX 501 IN QUADRATIC PROBING
47615926 INSERTED AT INDEX 501 IN DOUBLE HASHING
1678523 INSERTED AT INDEX 329 IN LINEAR PROBING
1678523 INSERTED AT INDEX 329 IN QUADRATIC PROBING
1678523 INSERTED AT INDEX 329 IN DOUBLE HASHING
87619630 INSERTED AT INDEX 238 IN LINEAR PROBING
87619630 INSERTED AT INDEX 238 IN QUADRATIC PROBING
87619630 INSERTED AT INDEX 238 IN DOUBLE HASHING
5769148 INSERTED AT INDEX 619 IN LINEAR PROBING
5769148 INSERTED AT INDEX 619 IN QUADRATIC PROBING
5769148 INSERTED AT INDEX 619 IN DOUBLE HASHING
48355534 INSERTED AT INDEX 554 IN LINEAR PROBING
48355534 INSERTED AT INDEX 554 IN QUADRATIC PROBING
48355534 INSERTED AT INDEX 554 IN DOUBLE HASHING
39296024 INSERTED AT INDEX 67 IN LINEAR PROBING
39296024 INSERTED AT INDEX 67 IN QUADRATIC PROBING
39296024 INSERTED AT INDEX 67 IN DOUBLE HASHING
3481793 INSERTED AT INDEX 627 IN LINEAR PROBING
3481793 INSERTED AT INDEX 627 IN QUADRATIC PROBING
3481793 INSERTED AT INDEX 627 IN DOUBLE HASHING
88336318 INSERTED AT INDEX 504 IN LINEAR PROBING
88336318 INSERTED AT INDEX 504 IN QUADRATIC PROBING
88336318 INSERTED AT INDEX 504 IN DOUBLE HASHING
57572063 INSERTED AT INDEX 335 IN LINEAR PROBING
57572063 INSERTED AT INDEX 335 IN QUADRATIC PROBING
57572063 INSERTED AT INDEX 335 IN DOUBLE HASHING
2445161 INSERTED AT INDEX 73 IN LINEAR PROBING
2445161 INSERTED AT INDEX 73 IN QUADRATIC PROBING
2445161 INSERTED AT INDEX 73 IN DOUBLE HASHING
11574507 INSERTED AT INDEX 296 IN LINEAR PROBING
11574507 INSERTED AT INDEX 296 IN QUADRATIC PROBING
11574507 INSERTED AT INDEX 296 IN DOUBLE HASHING
6272672 INSERTED AT INDEX 124 IN LINEAR PROBING
6272672 INSERTED AT INDEX 124 IN QUADRATIC PROBING
6272672 INSERTED AT INDEX 124 IN DOUBLE HASHING
15973094 INSERTED AT INDEX 108 IN LINEAR PROBING
15973094 INSERTED AT INDEX 108 IN QUADRATIC PROBING
15973094 INSERTED AT INDEX 108 IN DOUBLE HASHING
45154596 INSERTED AT INDEX 382 IN LINEAR PROBING
45154596 INSERTED AT INDEX 382 IN QUADRATIC PROBING
45154596 INSERTED AT INDEX 382 IN DOUBLE HASHING
49637107 INSERTED AT INDEX 699 IN LINEAR PROBING
49637107 INSERTED AT INDEX 699 IN QUADRATIC PROBING
49637107 INSERTED AT INDEX 699 IN DOUBLE HASHING
94548228 INSERTED AT INDEX 152 IN LINEAR PROBING
94548228 INSERTED AT INDEX 152 IN QUADRATIC PROBING
94548228 INSERTED AT INDEX 152 IN DOUBLE HASHING
35929249 INSERTED AT INDEX 195 IN LINEAR PROBING
35929249 INSERTED AT INDEX 195 IN QUADRATIC PROBING
35929249 INSERTED AT INDEX 195 IN DOUBLE HASHING
20413696 INSERTED AT INDEX 576 IN LINEAR PROBING
20413696 INSERTED AT INDEX 576 IN QUADRATIC PROBING
20413696 INSERTED AT INDEX 576 IN DOUBLE HASHING
83073224 INSERTED AT INDEX 518 IN LINEAR PROBING
83073224 INSERTED AT INDEX 518 IN QUADRATIC PROBING
83073224 INSERTED AT INDEX 518 IN DOUBLE HASHING
37216327 INSERTED AT INDEX 237 IN LINEAR PROBING
37216327 INSERTED AT INDEX 237 IN QUADRATIC PROBING
37216327 INSERTED AT INDEX 237 IN DOUBLE HASHING
27647821 INSERTED AT INDEX 381 IN LINEAR PROBING
27647821 INSERTED AT INDEX 381 IN QUADRATIC PROBING
27647821 INSERTED AT INDEX 381 IN DOUBLE HASHING
14921279 INSERTED AT INDEX 494 IN LINEAR PROBING
14921279 INSERTED AT INDEX 494 IN QUADRATIC PROBING
14921279 INSERTED AT INDEX 494 IN DOUBLE HASHING
31827091 INSERTED AT INDEX 289 IN LINEAR PROBING
31827091 INSERTED AT INDEX 289 IN QUADRATIC PROBING
31827091 INSERTED AT INDEX 289 IN DOUBLE HASHING
87499673 INSERTED AT INDEX 153 IN LINEAR PROBING
87499673 INSERTED AT INDEX 156 IN QUADRATIC PROBING
87499673 INSERTED AT INDEX 199 IN DOUBLE HASHING
66011037 INSERTED AT INDEX 671 IN LINEAR PROBING
66011037 INSERTED AT INDEX 671 IN QUADRATIC PROBING
66011037 INSERTED AT INDEX 671 IN DOUBLE HASHING
86292335 INSERTED AT INDEX 637 IN LINEAR PROBING
86292335 INSERTED AT INDEX 637 IN QUADRATIC PROBING
86292335 INSERTED AT INDEX 637 IN DOUBLE HASHING
95111820 INSERTED AT INDEX 140 IN LINEAR PROBING
95111820 INSERTED AT INDEX 140 IN QUADRATIC PROBING
95111820 INSERTED AT INDEX 140 IN DOUBLE HASHING
87991828 INSERTED AT INDEX 208 IN LINEAR PROBING
87991828 INSERTED AT INDEX 209 IN QUADRATIC PROBING
87991828 INSERTED AT INDEX 634 IN DOUBLE HASHING
70390148 INSERTED AT INDEX 635 IN LINEAR PROBING
70390148 INSERTED AT INDEX 635 IN QUADRATIC PROBING
70390148 INSERTED AT INDEX 635 IN DOUBLE HASHING
3506535 INSERTED AT INDEX 133 IN LINEAR PROBING
3506535 INSERTED AT INDEX 133 IN QUADRATIC PROBING
3506535 INSERTED AT INDEX 133 IN DOUBLE HASHING
12475731 INSERTED AT INDEX 35 IN LINEAR PROBING
12475731 INSERTED AT INDEX 38 IN QUADRATIC PROBING
12475731 INSERTED AT INDEX 366 IN DOUBLE HASHING
25141181 INSERTED AT INDEX 517 IN LINEAR PROBING
25141181 INSERTED AT INDEX 517 IN QUADRATIC PROBING
25141181 INSERTED AT INDEX 517 IN DOUBLE HASHING
83720285 INSERTED AT INDEX 556 IN LINEAR PROBING
83720285 INSERTED AT INDEX 556 IN QUADRATIC PROBING
83720285 INSERTED AT INDEX 556 IN DOUBLE HASHING
40881132 INSERTED AT INDEX 214 IN LINEAR PROBING
40881132 INSERTED AT INDEX 214 IN QUADRATIC PROBING
40881132 INSERTED AT INDEX 214 IN DOUBLE HASHING
8223761 INSERTED AT INDEX 330 IN LINEAR PROBING
8223761 INSERTED AT INDEX 330 IN QUADRATIC PROBING
8223761 INSERTED AT INDEX 330 IN DOUBLE HASHING
6337527 INSERTED AT INDEX 487 IN LINEAR PROBING
6337527 INSERTED AT INDEX 487 IN QUADRATIC PROBING
6337527 INSERTED AT INDEX 487 IN DOUBLE HASHING
29369991 INSERTED AT INDEX 194 IN LINEAR PROBING
29369991 INSERTED AT INDEX 194 IN QUADRATIC PROBING
29369991 INSERTED AT INDEX 194 IN DOUBLE HASHING
76616369 INSERTED AT INDEX 574 IN LINEAR PROBING
76616369 INSERTED AT INDEX 574 IN QUADRATIC PROBING
76616369 INSERTED AT INDEX 574 IN DOUBLE HASHING
45542165 INSERTED AT INDEX 298 IN LINEAR PROBING
45542165 INSERTED AT INDEX 298 IN QUADRATIC PROBING
45542165 INSERTED AT INDEX 298 IN DOUBLE HASHING
45362515 INSERTED AT INDEX 105 IN LINEAR PROBING
45362515 INSERTED AT INDEX 118 IN QUADRATIC PROBING
45362515 INSERTED AT INDEX 520 IN DOUBLE HASHING
7674265 INSERTED AT INDEX 418 IN LINEAR PROBING
7674265 INSERTED AT INDEX 418 IN QUADRATIC PROBING
7674265 INSERTED AT INDEX 418 IN DOUBLE HASHING
99226221 INSERTED AT INDEX 372 IN LINEAR PROBING
99226221 INSERTED AT INDEX 372 IN QUADRATIC PROBING
99226221 INSERTED AT INDEX 372 IN DOUBLE HASHING
79610367 INSERTED AT INDEX 601 IN LINEAR PROBING
79610367 INSERTED AT INDEX 601 IN QUADRATIC PROBING
79610367 INSERTED AT INDEX 601 IN DOUBLE HASHING
21667597 INSERTED AT INDEX 388 IN LINEAR PROBING
21667597 INSERTED AT INDEX 388 IN QUADRATIC PROBING
21667597 INSERTED AT INDEX 388 IN DOUBLE HASHING
43857523 INSERTED AT INDEX 159 IN LINEAR PROBING
43857523 INSERTED AT INDEX 159 IN QUADRATIC PROBING
43857523 INSERTED AT INDEX 159 IN DOUBLE HASHING
61483638 INSERTED AT INDEX 331 IN LINEAR PROBING
61483638 INSERTED AT INDEX 334 IN QUADRATIC PROBING
61483638 INSERTED AT INDEX 6 IN DOUBLE HASHING
27192257 INSERTED AT INDEX 467 IN LINEAR PROBING
27192257 INSERTED AT INDEX 467 IN QUADRATIC PROBING
27192257 INSERTED AT INDEX 467 IN DOUBLE HASHING
22437164 INSERTED AT INDEX 257 IN LINEAR PROBING
22437164 INSERTED AT INDEX 257 IN QUADRATIC PROBING
22437164 INSERTED AT INDEX 257 IN DOUBLE HASHING
65074268 INSERTED AT INDEX 438 IN LINEAR PROBING
65074268 INSERTED AT INDEX 438 IN QUADRATIC PROBING
65074268 INSERTED AT INDEX 438 IN DOUBLE HASHING
51315705 INSERTED AT INDEX 402 IN LINEAR PROBING
51315705 INSERTED AT INDEX 402 IN QUADRATIC PROBING
51315705 INSERTED AT INDEX 402 IN DOUBLE HASHING
94076366 INSERTED AT INDEX 63 IN LINEAR PROBING
94076366 INSERTED AT INDEX 63 IN QUADRATIC PROBING
94076366 INSERTED AT INDEX 63 IN DOUBLE HASHING
95892840 INSERTED AT INDEX 246 IN LINEAR PROBING
95892840 INSERTED AT INDEX 246 IN QUADRATIC PROBING
95892840 INSERTED AT INDEX 246 IN DOUBLE HASHING
89126907 INSERTED AT INDEX 365 IN LINEAR PROBING
89126907 INSERTED AT INDEX 365 IN QUADRATIC PROBING
89126907 INSERTED AT INDEX 365 IN DOUBLE HASHING
64342663 INSERTED AT INDEX 677 IN LINEAR PROBING
64342663 INSERTED AT INDEX 677 IN QUADRATIC PROBING
64342663 INSERTED AT INDEX 677 IN DOUBLE HASHING
6951474 INSERTED AT INDEX 358 IN LINEAR PROBING
6951474 INSERTED AT INDEX 358 IN QUADRATIC PROBING
6951474 INSERTED AT INDEX 358 IN DOUBLE HASHING
29579265 INSERTED AT INDEX 570 IN LINEAR PROBING
29579265 INSERTED AT INDEX 570 IN QUADRATIC PROBING
29579265 INSERTED AT INDEX 570 IN DOUBLE HASHING
1043171 INSERTED AT INDEX 84 IN LINEAR PROBING
1043171 INSERTED AT INDEX 87 IN QUADRATIC PROBING
1043171 INSERTED AT INDEX 255 IN DOUBLE HASHING
10126742 INSERTED AT INDEX 96 IN LINEAR PROBING
10126742 INSERTED AT INDEX 96 IN QUADRATIC PROBING
10126742 INSERTED AT INDEX 96 IN DOUBLE HASHING
82753413 INSERTED AT INDEX 363 IN LINEAR PROBING
82753413 INSERTED AT INDEX 363 IN QUADRATIC PROBING
82753413 INSERTED AT INDEX 363 IN DOUBLE HASHING
72865244 INSERTED AT INDEX 500 IN LINEAR PROBING
72865244 INSERTED AT INDEX 500 IN QUADRATIC PROBING
72865244 INSERTED AT INDEX 500 IN DOUBLE HASHING
62693804 INSERTED AT INDEX 571 IN LINEAR PROBING
62693804 INSERTED AT INDEX 584 IN QUADRATIC PROBING
62693804 INSERTED AT INDEX 274 IN DOUBLE HASHING
24825030 INSERTED AT INDEX 519 IN LINEAR PROBING
24825030 INSERTED AT INDEX 521 IN QUADRATIC PROBING
24825030 INSERTED AT INDEX 47 IN DOUBLE HASHING
93337225 INSERTED AT INDEX 477 IN LINEAR PROBING
93337225 INSERTED AT INDEX 477 IN QUADRATIC PROBING
93337225 INSERTED AT INDEX 477 IN DOUBLE HASHING
77874992 INSERTED AT INDEX 201 IN LINEAR PROBING
77874992 INSERTED AT INDEX 201 IN QUADRATIC PROBING
77874992 INSERTED AT INDEX 201 IN DOUBLE HASHING
96703405 INSERTED AT INDEX 455 IN LINEAR PROBING
96703405 INSERTED AT INDEX 455 IN QUADRATIC PROBING
96703405 INSERTED AT INDEX 455 IN DOUBLE HASHING
22486691 INSERTED AT INDEX 13 IN LINEAR PROBING
22486691 INSERTED AT INDEX 13 IN QUADRATIC PROBING
22486691 INSERTED AT INDEX 13 IN DOUBLE HASHING
18824277 INSERTED AT INDEX 326 IN LINEAR PROBING
18824277 INSERTED AT INDEX 328 IN QUADRATIC PROBING
18824277 INSERTED AT INDEX 78 IN DOUBLE HASHING
3765735 INSERTED AT INDEX 665 IN LINEAR PROBING
3765735 INSERTED AT INDEX 668 IN QUADRATIC PROBING
3765735 INSERTED AT INDEX 399 IN DOUBLE HASHING
875207 INSERTED AT INDEX 359 IN LINEAR PROBING
875207 INSERTED AT INDEX 359 IN QUADRATIC PROBING
875207 INSERTED AT INDEX 359 IN DOUBLE HASHING
29064100 INSERTED AT INDEX 640 IN LINEAR PROBING
29064100 INSERTED AT INDEX 640 IN QUADRATIC PROBING
29064100 INSERTED AT INDEX 640 IN DOUBLE HASHING
78345131 INSERTED AT INDEX 670 IN LINEAR PROBING
78345131 INSERTED AT INDEX 670 IN QUADRATIC PROBING
78345131 INSERTED AT INDEX 670 IN DOUBLE HASHING
69508440 INSERTED AT INDEX 85 IN LINEAR PROBING
69508440 INSERTED AT INDEX 84 IN QUADRATIC PROBING
69508440 INSERTED AT INDEX 84 IN DOUBLE HASHING
57928442 INSERTED AT INDEX 606 IN LINEAR PROBING
57928442 INSERTED AT INDEX 606 IN QUADRATIC PROBING
57928442 INSERTED AT INDEX 606 IN DOUBLE HASHING
35677608 INSERTED AT INDEX 213 IN LINEAR PROBING
35677608 INSERTED AT INDEX 213 IN QUADRATIC PROBING
35677608 INSERTED AT INDEX 213 IN DOUBLE HASHING
81438582 INSERTED AT INDEX 608 IN LINEAR PROBING
81438582 INSERTED AT INDEX 608 IN QUADRATIC PROBING
81438582 INSERTED AT INDEX 608 IN DOUBLE HASHING
70003455 INSERTED AT INDEX 193 IN LINEAR PROBING
70003455 INSERTED AT INDEX 193 IN QUADRATIC PROBING
70003455 INSERTED AT INDEX 193 IN DOUBLE HASHING
26070954 INSERTED AT INDEX 64 IN LINEAR PROBING
26070954 INSERTED AT INDEX 77 IN QUADRATIC PROBING
26070954 INSERTED AT INDEX 218 IN DOUBLE HASHING
10682559 INSERTED AT INDEX 21 IN LINEAR PROBING
10682559 INSERTED AT INDEX 24 IN QUADRATIC PROBING
10682559 INSERTED AT INDEX 580 IN DOUBLE HASHING
96704829 INSERTED AT INDEX 478 IN LINEAR PROBING
96704829 INSERTED AT INDEX 481 IN QUADRATIC PROBING
96704829 INSERTED AT INDEX 306 IN DOUBLE HASHING
54048297 INSERTED AT INDEX 496 IN LINEAR PROBING
54048297 INSERTED AT INDEX 496 IN QUADRATIC PROBING
54048297 INSERTED AT INDEX 496 IN DOUBLE HASHING
107310 INSERTED AT INDEX 57 IN LINEAR PROBING
107310 INSERTED AT INDEX 57 IN QUADRATIC PROBING
107310 INSERTED AT INDEX 57 IN DOUBLE HASHING
1513086 INSERTED AT INDEX 328 IN LINEAR PROBING
1513086 INSERTED AT INDEX 332 IN QUADRATIC PROBING
1513086 INSERTED AT INDEX 328 IN DOUBLE HASHING
91527034 INSERTED AT INDEX 268 IN LINEAR PROBING
91527034 INSERTED AT INDEX 268 IN QUADRATIC PROBING
91527034 INSERTED AT INDEX 268 IN DOUBLE HASHING
53815091 INSERTED AT INDEX 22 IN LINEAR PROBING
53815091 INSERTED AT INDEX 22 IN QUADRATIC PROBING
53815091 INSERTED AT INDEX 22 IN DOUBLE HASHING
34662223 INSERTED AT INDEX 577 IN LINEAR PROBING
34662223 INSERTED AT INDEX 577 IN QUADRATIC PROBING
34662223 INSERTED AT INDEX 577 IN DOUBLE HASHING
62110314 INSERTED AT INDEX 312 IN LINEAR PROBING
62110314 INSERTED AT INDEX 312 IN QUADRATIC PROBING
62110314 INSERTED AT INDEX 312 IN DOUBLE HASHING
85056938 INSERTED AT INDEX 404 IN LINEAR PROBING
85056938 INSERTED AT INDEX 406 IN QUADRATIC PROBING
85056938 INSERTED AT INDEX 278 IN DOUBLE HASHING
68974551 INSERTED AT INDEX 357 IN LINEAR PROBING
68974551 INSERTED AT INDEX 357 IN QUADRATIC PROBING
68974551 INSERTED AT INDEX 357 IN DOUBLE HASHING
85863442 INSERTED AT INDEX 55 IN LINEAR PROBING
85863442 INSERTED AT INDEX 55 IN QUADRATIC PROBING
85863442 INSERTED AT INDEX 55 IN DOUBLE HASHING
70116243 INSERTED AT INDEX 120 IN LINEAR PROBING
70116243 INSERTED AT INDEX 120 IN QUADRATIC PROBING
70116243 INSERTED AT INDEX 120 IN DOUBLE HASHING
93072848 INSERTED AT INDEX 377 IN LINEAR PROBING
93072848 INSERTED AT INDEX 377 IN QUADRATIC PROBING
93072848 INSERTED AT INDEX 377 IN DOUBLE HASHING
86952045 INSERTED AT INDEX 5 IN LINEAR PROBING
86952045 INSERTED AT INDEX 5 IN QUADRATIC PROBING
86952045 INSERTED AT INDEX 5 IN DOUBLE HASHING
18223429 INSERTED AT INDEX 233 IN LINEAR PROBING
18223429 INSERTED AT INDEX 233 IN QUADRATIC PROBING
18223429 INSERTED AT INDEX 233 IN DOUBLE HASHING
88720135 INSERTED AT INDEX 173 IN LINEAR PROBING
88720135 INSERTED AT INDEX 173 IN QUADRATIC PROBING
88720135 INSERTED AT INDEX 173 IN DOUBLE HASHING
96759271 INSERTED AT INDEX 241 IN LINEAR PROBING
96759271 INSERTED AT INDEX 241 IN QUADRATIC PROBING
96759271 INSERTED AT INDEX 241 IN DOUBLE HASHING
44004808 INSERTED AT INDEX 234 IN LINEAR PROBING
44004808 INSERTED AT INDEX 234 IN QUADRATIC PROBING
44004808 INSERTED AT INDEX 234 IN DOUBLE HASHING
55181668 INSERTED AT INDEX 350 IN LINEAR PROBING
55181668 INSERTED AT INDEX 350 IN QUADRATIC PROBING
55181668 INSERTED AT INDEX 350 IN DOUBLE HASHING
54173151 INSERTED AT INDEX 572 IN LINEAR PROBING
54173151 INSERTED AT INDEX 572 IN QUADRATIC PROBING
54173151 INSERTED AT INDEX 572 IN DOUBLE HASHING
37806207 INSERTED AT INDEX 578 IN LINEAR PROBING
37806207 INSERTED AT INDEX 580 IN QUADRATIC PROBING
37806207 INSERTED AT INDEX 483 IN DOUBLE HASHING
69533956 INSERTED AT INDEX 364 IN LINEAR PROBING
69533956 INSERTED AT INDEX 364 IN QUADRATIC PROBING
69533956 INSERTED AT INDEX 364 IN DOUBLE HASHING
37528439 INSERTED AT INDEX 405 IN LINEAR PROBING
37528439 INSERTED AT INDEX 404 IN QUADRATIC PROBING
37528439 INSERTED AT INDEX 404 IN DOUBLE HASHING
89820254 INSERTED AT INDEX 423 IN LINEAR PROBING
89820254 INSERTED AT INDEX 423 IN QUADRATIC PROBING
89820254 INSERTED AT INDEX 423 IN DOUBLE HASHING
71414204 INSERTED AT INDEX 530 IN LINEAR PROBING
71414204 INSERTED AT INDEX 530 IN QUADRATIC PROBING
71414204 INSERTED AT INDEX 530 IN DOUBLE HASHING
6215731 INSERTED AT INDEX 666 IN LINEAR PROBING
6215731 INSERTED AT INDEX 665 IN QUADRATIC PROBING
6215731 INSERTED AT INDEX 665 IN DOUBLE HASHING
15242294 INSERTED AT INDEX 451 IN LINEAR PROBING
15242294 INSERTED AT INDEX 451 IN QUADRATIC PROBING
15242294 INSERTED AT INDEX 451 IN DOUBLE HASHING
86165312 INSERTED AT INDEX 495 IN LINEAR PROBING
86165312 INSERTED AT INDEX 495 IN QUADRATIC PROBING
86165312 INSERTED AT INDEX 495 IN DOUBLE HASHING
50189116 INSERTED AT INDEX 320 IN LINEAR PROBING
50189116 INSERTED AT INDEX 320 IN QUADRATIC PROBING
50189116 INSERTED AT INDEX 320 IN DOUBLE HASHING
24635022 INSERTED AT INDEX 480 IN LINEAR PROBING
24635022 INSERTED AT INDEX 480 IN QUADRATIC PROBING
24635022 INSERTED AT INDEX 480 IN DOUBLE HASHING
69131922 INSERTED AT INDEX 3 IN LINEAR PROBING
69131922 INSERTED AT INDEX 3 IN QUADRATIC PROBING
69131922 INSERTED AT INDEX 3 IN DOUBLE HASHING
70861349 INSERTED AT INDEX 65 IN LINEAR PROBING
70861349 INSERTED AT INDEX 93 IN QUADRATIC PROBING
70861349 INSERTED AT INDEX 413 IN DOUBLE HASHING
74927555 INSERTED AT INDEX 469 IN LINEAR PROBING
74927555 INSERTED AT INDEX 469 IN QUADRATIC PROBING
74927555 INSERTED AT INDEX 469 IN DOUBLE HASHING
26411232 INSERTED AT INDEX 356 IN LINEAR PROBING
26411232 INSERTED AT INDEX 356 IN QUADRATIC PROBING
26411232 INSERTED AT INDEX 356 IN DOUBLE HASHING
99659353 INSERTED AT INDEX 286 IN LINEAR PROBING
99659353 INSERTED AT INDEX 286 IN QUADRATIC PROBING
99659353 INSERTED AT INDEX 286 IN DOUBLE HASHING
15087668 INSERTED AT INDEX 45 IN LINEAR PROBING
15087668 INSERTED AT INDEX 45 IN QUADRATIC PROBING
15087668 INSERTED AT INDEX 45 IN DOUBLE HASHING
24825030 DELETED FROM INDEX 519 IN LINEAR PROBING
24825030 DELETED FROM INDEX 521 IN QUADRATIC PROBING
24825030 DELETED FROM INDEX 47 IN DOUBLE HASHING
28301555 INSERTED AT INDEX 82 IN LINEAR PROBING
28301555 INSERTED AT INDEX 82 IN QUADRATIC PROBING
28301555 INSERTED AT INDEX 82 IN DOUBLE HASHING
8961188 INSERTED AT INDEX 305 IN LINEAR PROBING
8961188 INSERTED AT INDEX 305 IN QUADRATIC PROBING
8961188 INSERTED AT INDEX 305 IN DOUBLE HASHING
52354943 INSERTED AT INDEX 58 IN LINEAR PROBING
52354943 INSERTED AT INDEX 61 IN QUADRATIC PROBING
52354943 INSERTED AT INDEX 444 IN DOUBLE HASHING
78682644 INSERTED AT INDEX 301 IN LINEAR PROBING
78682644 INSERTED AT INDEX 301 IN QUADRATIC PROBING
78682644 INSERTED AT INDEX 301 IN DOUBLE HASHING
1521552 INSERTED AT INDEX 383 IN LINEAR PROBING
1521552 INSERTED AT INDEX 386 IN QUADRATIC PROBING
1521552 INSERTED AT INDEX 134 IN DOUBLE HASHING
58655776 INSERTED AT INDEX 302 IN LINEAR PROBING
58655776 INSERTED AT INDEX 302 IN QUADRATIC PROBING
58655776 INSERTED AT INDEX 302 IN DOUBLE HASHING
95925807 INSERTED AT INDEX 266 IN LINEAR PROBING
95925807 INSERTED AT INDEX 266 IN QUADRATIC PROBING
95925807 INSERTED AT INDEX 266 IN DOUBLE HASHING
92017721 INSERTED AT INDEX 255 IN LINEAR PROBING
92017721 INSERTED AT INDEX 255 IN QUADRATIC PROBING
92017721 INSERTED AT INDEX 176 IN DOUBLE HASHING
12955545 INSERTED AT INDEX 366 IN LINEAR PROBING
12955545 INSERTED AT INDEX 368 IN QUADRATIC PROBING
12955545 INSERTED AT INDEX 309 IN DOUBLE HASHING
98739623 INSERTED AT INDEX 269 IN LINEAR PROBING
98739623 INSERTED AT INDEX 272 IN QUADRATIC PROBING
98739623 INSERTED AT INDEX 692 IN DOUBLE HASHING
57111217 INSERTED AT INDEX 46 IN LINEAR PROBING
57111217 INSERTED AT INDEX 46 IN QUADRATIC PROBING
57111217 INSERTED AT INDEX 46 IN DOUBLE HASHING
12359929 INSERTED AT INDEX 598 IN LINEAR PROBING
12359929 INSERTED AT INDEX 598 IN QUADRATIC PROBING
12359929 INSERTED AT INDEX 598 IN DOUBLE HASHING
55968076 INSERTED AT INDEX 236 IN LINEAR PROBING
55968076 INSERTED AT INDEX 236 IN QUADRATIC PROBING
55968076 INSERTED AT INDEX 236 IN DOUBLE HASHING
16029970 INSERTED AT INDEX 203 IN LINEAR PROBING
16029970 INSERTED AT INDEX 203 IN QUADRATIC PROBING
16029970 INSERTED AT INDEX 203 IN DOUBLE HASHING
35529244 INSERTED AT INDEX 461 IN LINEAR PROBING
35529244 INSERTED AT INDEX 461 IN QUADRATIC PROBING
35529244 INSERTED AT INDEX 461 IN DOUBLE HASHING
4470939 INSERTED AT INDEX 662 IN LINEAR PROBING
4470939 INSERTED AT INDEX 662 IN QUADRATIC PROBING
4470939 INSERTED AT INDEX 662 IN DOUBLE HASHING
79669491 INSERTED AT INDEX 141 IN LINEAR PROBING
79669491 INSERTED AT INDEX 144 IN QUADRATIC PROBING
79669491 INSERTED AT INDEX 532 IN DOUBLE HASHING
85699178 INSERTED AT INDEX 527 IN LINEAR PROBING
85699178 INSERTED AT INDEX 540 IN QUADRATIC PROBING
85699178 INSERTED AT INDEX 383 IN DOUBLE HASHING
47919079 INSERTED AT INDEX 121 IN LINEAR PROBING
47919079 INSERTED AT INDEX 121 IN QUADRATIC PROBING
47919079 INSERTED AT INDEX 121 IN DOUBLE HASHING
15653399 INSERTED AT INDEX 69 IN LINEAR PROBING
15653399 INSERTED AT INDEX 69 IN QUADRATIC PROBING
15653399 INSERTED AT INDEX 69 IN DOUBLE HASHING
29513857 INSERTED AT INDEX 355 IN LINEAR PROBING
29513857 INSERTED AT INDEX 355 IN QUADRATIC PROBING
29513857 INSERTED AT INDEX 355 IN DOUBLE HASHING
82363733 INSERTED AT INDEX 439 IN LINEAR PROBING
82363733 INSERTED AT INDEX 439 IN QUADRATIC PROBING
82363733 INSERTED AT INDEX 439 IN DOUBLE HASHING
35465553 INSERTED AT INDEX 561 IN LINEAR PROBING
35465553 INSERTED AT INDEX 561 IN QUADRATIC PROBING
35465553 INSERTED AT INDEX 561 IN DOUBLE HASHING
TOTAL NUMBER OF COLLISIONS IN LINEAR PROBING 35
TOTAL NUMBER OF COLLISIONS IN QUADRATIC PROBING 31
TOTAL NUMBER OF COLLISIONS IN DYNAMIC PROBING 31
AVERAGE NUMBER OF REHASING REQUIRED IS 0.18 IN LINEAR PROBING
AVERAGE NUMBER OF REHASING REQUIRED IS 0.16 IN QUADRATIC PROBING
AVERAGE NUMBER OF REHASING REQUIRED IS 0.16 IN DOUBLE HASHING
